

================================================================
== Vitis HLS Report for 'conv2d_6to16_layer'
================================================================
* Date:           Mon Apr  7 23:45:04 2025

* Version:        2020.1 (Build 2902540 on Wed May 27 20:16:15 MDT 2020)
* Project:        lenet_proj
* Solution:       lenet (Vivado IP Flow Target)
* Product family: zynq
* Target device:  xc7z020-clg400-1


================================================================
== Performance Estimates
================================================================
+ Timing: 
    * Summary: 
    +--------+----------+----------+------------+
    |  Clock |  Target  | Estimated| Uncertainty|
    +--------+----------+----------+------------+
    |ap_clk  | 12.60 ns | 9.198 ns |   3.40 ns  |
    +--------+----------+----------+------------+

+ Latency: 
    * Summary: 
    +---------+---------+-----------+-----------+---------+---------+---------+
    |  Latency (cycles) |   Latency (absolute)  |      Interval     | Pipeline|
    |   min   |   max   |    min    |    max    |   min   |   max   |   Type  |
    +---------+---------+-----------+-----------+---------+---------+---------+
    |  1249601|  1249601| 15.745 ms | 15.745 ms |  1249601|  1249601|   none  |
    +---------+---------+-----------+-----------+---------+---------+---------+

    + Detail: 
        * Instance: 
        N/A

        * Loop: 
        +----------------------------------------------------+---------+---------+----------+-----------+-----------+------+----------+
        |                                                    |  Latency (cycles) | Iteration|  Initiation Interval  | Trip |          |
        |                      Loop Name                     |   min   |   max   |  Latency |  achieved |   target  | Count| Pipelined|
        +----------------------------------------------------+---------+---------+----------+-----------+-----------+------+----------+
        |- VITIS_LOOP_83_1_VITIS_LOOP_84_2_VITIS_LOOP_85_3   |  1249600|  1249600|       781|          -|          -|  1600|    no    |
        | + VITIS_LOOP_89_4_VITIS_LOOP_90_5_VITIS_LOOP_91_6  |      765|      765|        21|          5|          1|   150|    yes   |
        +----------------------------------------------------+---------+---------+----------+-----------+-----------+------+----------+



================================================================
== Utilization Estimates
================================================================
* Summary: 
+-----------------+---------+-----+--------+-------+-----+
|       Name      | BRAM_18K| DSP |   FF   |  LUT  | URAM|
+-----------------+---------+-----+--------+-------+-----+
|DSP              |        -|    1|       -|      -|    -|
|Expression       |        -|    -|       0|    928|    -|
|FIFO             |        -|    -|       -|      -|    -|
|Instance         |        -|    5|     348|    711|    -|
|Memory           |        8|    -|      32|      8|    -|
|Multiplexer      |        -|    -|       -|    333|    -|
|Register         |        -|    -|     604|     32|    -|
+-----------------+---------+-----+--------+-------+-----+
|Total            |        8|    6|     984|   2012|    0|
+-----------------+---------+-----+--------+-------+-----+
|Available        |      280|  220|  106400|  53200|    0|
+-----------------+---------+-----+--------+-------+-----+
|Utilization (%)  |        2|    2|   ~0   |      3|    0|
+-----------------+---------+-----+--------+-------+-----+

+ Detail: 
    * Instance: 
    +------------------------------------+--------------------------------+---------+----+-----+-----+-----+
    |              Instance              |             Module             | BRAM_18K| DSP|  FF | LUT | URAM|
    +------------------------------------+--------------------------------+---------+----+-----+-----+-----+
    |fadd_32ns_32ns_32_5_full_dsp_1_U80  |fadd_32ns_32ns_32_5_full_dsp_1  |        0|   2|  205|  390|    0|
    |fcmp_32ns_32ns_1_2_no_dsp_1_U82     |fcmp_32ns_32ns_1_2_no_dsp_1     |        0|   0|    0|    0|    0|
    |fmul_32ns_32ns_32_4_max_dsp_1_U81   |fmul_32ns_32ns_32_4_max_dsp_1   |        0|   3|  143|  321|    0|
    +------------------------------------+--------------------------------+---------+----+-----+-----+-----+
    |Total                               |                                |        0|   5|  348|  711|    0|
    +------------------------------------+--------------------------------+---------+----+-----+-----+-----+

    * DSP: 
    +------------------------------------+--------------------------------+--------------+
    |              Instance              |             Module             |  Expression  |
    +------------------------------------+--------------------------------+--------------+
    |mac_muladd_10ns_4ns_10s_14_4_1_U83  |mac_muladd_10ns_4ns_10s_14_4_1  | i0 * i1 + i2 |
    +------------------------------------+--------------------------------+--------------+

    * Memory: 
    +-----------------+----------------------------------+---------+----+----+-----+------+-----+------+-------------+
    |      Memory     |              Module              | BRAM_18K| FF | LUT| URAM| Words| Bits| Banks| W*Bits*Banks|
    +-----------------+----------------------------------+---------+----+----+-----+------+-----+------+-------------+
    |conv2_biases_U   |conv2d_6to16_layer_conv2_biases   |        0|  32|   8|    0|    16|   32|     1|          512|
    |conv2_weights_U  |conv2d_6to16_layer_conv2_weights  |        8|   0|   0|    0|  2400|   32|     1|        76800|
    +-----------------+----------------------------------+---------+----+----+-----+------+-----+------+-------------+
    |Total            |                                  |        8|  32|   8|    0|  2416|   64|     2|        77312|
    +-----------------+----------------------------------+---------+----+----+-----+------+-----+------+-------------+

    * FIFO: 
    N/A

    * Expression: 
    +-----------------------------------+----------+----+---+----+------------+------------+
    |           Variable Name           | Operation| DSP| FF| LUT| Bitwidth P0| Bitwidth P1|
    +-----------------------------------+----------+----+---+----+------------+------------+
    |add_ln100_1_fu_849_p2              |     +    |   0|  0|  64|          64|          64|
    |add_ln100_2_fu_854_p2              |     +    |   0|  0|  64|          64|          64|
    |add_ln100_3_fu_496_p2              |     +    |   0|  0|  17|          13|          13|
    |add_ln100_fu_377_p2                |     +    |   0|  0|  17|          13|          13|
    |add_ln83_1_fu_389_p2               |     +    |   0|  0|  13|          11|           1|
    |add_ln83_fu_395_p2                 |     +    |   0|  0|  15|           1|           5|
    |add_ln84_1_fu_884_p2               |     +    |   0|  0|  15|           1|           8|
    |add_ln84_fu_457_p2                 |     +    |   0|  0|  13|           1|           4|
    |add_ln85_fu_879_p2                 |     +    |   0|  0|  13|           1|           4|
    |add_ln89_1_fu_771_p2               |     +    |   0|  0|  64|          64|          64|
    |add_ln89_2_fu_537_p2               |     +    |   0|  0|  15|           8|           1|
    |add_ln89_fu_632_p2                 |     +    |   0|  0|  12|           1|           3|
    |add_ln90_1_fu_609_p2               |     +    |   0|  0|  15|           1|           6|
    |add_ln90_fu_582_p2                 |     +    |   0|  0|  12|           1|           3|
    |add_ln91_fu_805_p2                 |     +    |   0|  0|  12|           1|           3|
    |add_ln92_2_fu_779_p2               |     +    |   0|  0|  64|          64|          64|
    |add_ln92_fu_721_p2                 |     +    |   0|  0|  13|           4|           4|
    |add_ln93_1_fu_668_p2               |     +    |   0|  0|  64|          63|          63|
    |add_ln93_2_fu_712_p2               |     +    |   0|  0|  15|           8|           8|
    |add_ln93_3_fu_823_p2               |     +    |   0|  0|  12|          12|          12|
    |add_ln93_fu_659_p2                 |     +    |   0|  0|  64|          63|          63|
    |empty_fu_526_p2                    |     +    |   0|  0|  13|           4|           4|
    |p_mid1_fu_592_p2                   |     +    |   0|  0|  13|           4|           4|
    |sub_ln92_fu_750_p2                 |     -    |   0|  0|  14|          10|          10|
    |sub_ln93_fu_698_p2                 |     -    |   0|  0|  67|          60|          60|
    |and_ln100_fu_932_p2                |    and   |   0|  0|   2|           1|           1|
    |and_ln83_fu_451_p2                 |    and   |   0|  0|   2|           1|           1|
    |and_ln89_fu_576_p2                 |    and   |   0|  0|   2|           1|           1|
    |ap_block_pp0_stage1_11001          |    and   |   0|  0|   2|           1|           1|
    |ap_block_pp0_stage4_11001          |    and   |   0|  0|   2|           1|           1|
    |ap_block_state15_pp0_stage1_iter2  |    and   |   0|  0|   2|           1|           1|
    |ap_block_state8_io                 |    and   |   0|  0|   2|           1|           1|
    |icmp_ln100_1_fu_920_p2             |   icmp   |   0|  0|  18|          23|           1|
    |icmp_ln100_fu_914_p2               |   icmp   |   0|  0|  11|           8|           2|
    |icmp_ln83_fu_383_p2                |   icmp   |   0|  0|  13|          11|          10|
    |icmp_ln84_fu_401_p2                |   icmp   |   0|  0|  11|           8|           7|
    |icmp_ln85_fu_445_p2                |   icmp   |   0|  0|   9|           4|           4|
    |icmp_ln89_fu_531_p2                |   icmp   |   0|  0|  11|           8|           8|
    |icmp_ln90_fu_543_p2                |   icmp   |   0|  0|  11|           6|           5|
    |icmp_ln91_fu_570_p2                |   icmp   |   0|  0|   9|           3|           3|
    |or_ln100_fu_926_p2                 |    or    |   0|  0|   2|           1|           1|
    |or_ln84_fu_463_p2                  |    or    |   0|  0|   2|           1|           1|
    |or_ln90_fu_615_p2                  |    or    |   0|  0|   2|           1|           1|
    |select_ln100_fu_938_p3             |  select  |   0|  0|  32|           1|          32|
    |select_ln83_2_fu_407_p3            |  select  |   0|  0|   5|           1|           5|
    |select_ln83_3_fu_434_p3            |  select  |   0|  0|  13|           1|           1|
    |select_ln83_fu_424_p3              |  select  |   0|  0|   4|           1|           1|
    |select_ln84_1_fu_502_p3            |  select  |   0|  0|  13|           1|          13|
    |select_ln84_2_fu_514_p3            |  select  |   0|  0|   4|           1|           4|
    |select_ln84_3_fu_890_p3            |  select  |   0|  0|   8|           1|           1|
    |select_ln84_fu_468_p3              |  select  |   0|  0|   4|           1|           1|
    |select_ln89_1_fu_638_p3            |  select  |   0|  0|   3|           1|           3|
    |select_ln89_2_fu_557_p3            |  select  |   0|  0|   4|           1|           4|
    |select_ln89_fu_549_p3              |  select  |   0|  0|   3|           1|           1|
    |select_ln90_1_fu_627_p3            |  select  |   0|  0|   3|           1|           3|
    |select_ln90_2_fu_597_p3            |  select  |   0|  0|   4|           1|           4|
    |select_ln90_3_fu_810_p3            |  select  |   0|  0|   6|           1|           1|
    |select_ln90_fu_619_p3              |  select  |   0|  0|   3|           1|           1|
    |ap_enable_pp0                      |    xor   |   0|  0|   2|           1|           2|
    |xor_ln83_fu_440_p2                 |    xor   |   0|  0|   2|           1|           2|
    |xor_ln89_fu_564_p2                 |    xor   |   0|  0|   2|           1|           2|
    +-----------------------------------+----------+----+---+----+------------+------------+
    |Total                              |          |   0|  0| 928|         636|         679|
    +-----------------------------------+----------+----+---+----+------------+------------+

    * Multiplexer: 
    +-------------------------------------------+-----+-----------+-----+-----------+
    |                    Name                   | LUT | Input Size| Bits| Total Bits|
    +-------------------------------------------+-----+-----------+-----+-----------+
    |ap_NS_fsm                                  |  105|         22|    1|         22|
    |ap_enable_reg_pp0_iter4                    |    9|          2|    1|          2|
    |ap_phi_mux_ic_phi_fu_289_p4                |    9|          2|    3|          6|
    |ap_phi_mux_indvar_flatten26_phi_fu_278_p4  |    9|          2|    8|         16|
    |ap_phi_mux_indvar_flatten_phi_fu_301_p4    |    9|          2|    6|         12|
    |ap_phi_mux_ki_phi_fu_312_p4                |    9|          2|    3|          6|
    |ap_phi_mux_kj_phi_fu_323_p4                |    9|          2|    3|          6|
    |gmem_blk_n_AR                              |    9|          2|    1|          2|
    |gmem_blk_n_AW                              |    9|          2|    1|          2|
    |gmem_blk_n_B                               |    9|          2|    1|          2|
    |gmem_blk_n_R                               |    9|          2|    1|          2|
    |gmem_blk_n_W                               |    9|          2|    1|          2|
    |grp_fu_343_p0                              |   15|          3|   32|         96|
    |grp_fu_343_p1                              |   15|          3|   32|         96|
    |i_reg_250                                  |    9|          2|    4|          8|
    |ic_reg_285                                 |    9|          2|    3|          6|
    |indvar_flatten26_reg_274                   |    9|          2|    8|         16|
    |indvar_flatten33_reg_238                   |    9|          2|    8|         16|
    |indvar_flatten60_reg_216                   |    9|          2|   11|         22|
    |indvar_flatten_reg_297                     |    9|          2|    6|         12|
    |j_reg_262                                  |    9|          2|    4|          8|
    |ki_reg_308                                 |    9|          2|    3|          6|
    |kj_reg_319                                 |    9|          2|    3|          6|
    |oc_reg_227                                 |    9|          2|    5|         10|
    |sum_6_reg_331                              |    9|          2|   32|         64|
    +-------------------------------------------+-----+-----------+-----+-----------+
    |Total                                      |  333|         72|  181|        446|
    +-------------------------------------------+-----+-----------+-----+-----------+

    * Register: 
    +-------------------------------+----+----+-----+-----------+
    |              Name             | FF | LUT| Bits| Const Bits|
    +-------------------------------+----+----+-----+-----------+
    |add_ln100_reg_965              |   6|   0|   13|          7|
    |add_ln83_1_reg_973             |  11|   0|   11|          0|
    |add_ln85_reg_1157              |   4|   0|    4|          0|
    |add_ln89_2_reg_1037            |   8|   0|    8|          0|
    |add_ln90_1_reg_1070            |   6|   0|    6|          0|
    |add_ln90_reg_1060              |   3|   0|    3|          0|
    |add_ln91_reg_1111              |   3|   0|    3|          0|
    |add_ln93_2_reg_1095            |   8|   0|    8|          0|
    |and_ln89_reg_1054              |   1|   0|    1|          0|
    |ap_CS_fsm                      |  21|   0|   21|          0|
    |ap_enable_reg_pp0_iter0        |   1|   0|    1|          0|
    |ap_enable_reg_pp0_iter1        |   1|   0|    1|          0|
    |ap_enable_reg_pp0_iter2        |   1|   0|    1|          0|
    |ap_enable_reg_pp0_iter3        |   1|   0|    1|          0|
    |ap_enable_reg_pp0_iter4        |   1|   0|    1|          0|
    |conv2_biases_load_reg_1008     |  32|   0|   32|          0|
    |gmem_addr_14_read_reg_1131     |  32|   0|   32|          0|
    |gmem_addr_14_reg_1105          |  64|   0|   64|          0|
    |gmem_addr_reg_1151             |  64|   0|   64|          0|
    |i_reg_250                      |   4|   0|    4|          0|
    |ic_reg_285                     |   3|   0|    3|          0|
    |icmp_ln84_reg_978              |   1|   0|    1|          0|
    |icmp_ln89_reg_1033             |   1|   0|    1|          0|
    |icmp_ln90_reg_1042             |   1|   0|    1|          0|
    |indvar_flatten26_reg_274       |   8|   0|    8|          0|
    |indvar_flatten33_reg_238       |   8|   0|    8|          0|
    |indvar_flatten60_reg_216       |  11|   0|   11|          0|
    |indvar_flatten_reg_297         |   6|   0|    6|          0|
    |j_reg_262                      |   4|   0|    4|          0|
    |ki_reg_308                     |   3|   0|    3|          0|
    |kj_reg_319                     |   3|   0|    3|          0|
    |mul_reg_1141                   |  32|   0|   32|          0|
    |oc_reg_227                     |   5|   0|    5|          0|
    |select_ln100_reg_1173          |  32|   0|   32|          0|
    |select_ln83_1_v_cast_reg_1003  |   5|   0|   12|          7|
    |select_ln83_2_reg_987          |   5|   0|    5|          0|
    |select_ln84_2_reg_1025         |   4|   0|    4|          0|
    |select_ln84_3_reg_1162         |   8|   0|    8|          0|
    |select_ln84_reg_1013           |   4|   0|    4|          0|
    |select_ln89_1_reg_1089         |   3|   0|    3|          0|
    |select_ln89_reg_1049           |   3|   0|    3|          0|
    |select_ln90_1_reg_1082         |   3|   0|    3|          0|
    |select_ln90_3_reg_1116         |   6|   0|    6|          0|
    |select_ln90_reg_1075           |   3|   0|    3|          0|
    |sum_6_reg_331                  |  32|   0|   32|          0|
    |sum_reg_1167                   |  32|   0|   32|          0|
    |trunc_ln83_reg_998             |   4|   0|    4|          0|
    |weight_reg_1126                |  32|   0|   32|          0|
    |zext_ln84_reg_1020             |   6|   0|   64|         58|
    |icmp_ln89_reg_1033             |  64|  32|    1|          0|
    +-------------------------------+----+----+-----+-----------+
    |Total                          | 604|  32|  613|         72|
    +-------------------------------+----+----+-----+-----------+



================================================================
== Interface
================================================================
* Summary: 
+---------------------+-----+-----+------------+--------------------+--------------+
|      RTL Ports      | Dir | Bits|  Protocol  |    Source Object   |    C Type    |
+---------------------+-----+-----+------------+--------------------+--------------+
|ap_clk               |  in |    1| ap_ctrl_hs | conv2d_6to16_layer | return value |
|ap_rst               |  in |    1| ap_ctrl_hs | conv2d_6to16_layer | return value |
|ap_start             |  in |    1| ap_ctrl_hs | conv2d_6to16_layer | return value |
|ap_done              | out |    1| ap_ctrl_hs | conv2d_6to16_layer | return value |
|ap_idle              | out |    1| ap_ctrl_hs | conv2d_6to16_layer | return value |
|ap_ready             | out |    1| ap_ctrl_hs | conv2d_6to16_layer | return value |
|m_axi_gmem_AWVALID   | out |    1|    m_axi   |        gmem        |    pointer   |
|m_axi_gmem_AWREADY   |  in |    1|    m_axi   |        gmem        |    pointer   |
|m_axi_gmem_AWADDR    | out |   64|    m_axi   |        gmem        |    pointer   |
|m_axi_gmem_AWID      | out |    1|    m_axi   |        gmem        |    pointer   |
|m_axi_gmem_AWLEN     | out |   32|    m_axi   |        gmem        |    pointer   |
|m_axi_gmem_AWSIZE    | out |    3|    m_axi   |        gmem        |    pointer   |
|m_axi_gmem_AWBURST   | out |    2|    m_axi   |        gmem        |    pointer   |
|m_axi_gmem_AWLOCK    | out |    2|    m_axi   |        gmem        |    pointer   |
|m_axi_gmem_AWCACHE   | out |    4|    m_axi   |        gmem        |    pointer   |
|m_axi_gmem_AWPROT    | out |    3|    m_axi   |        gmem        |    pointer   |
|m_axi_gmem_AWQOS     | out |    4|    m_axi   |        gmem        |    pointer   |
|m_axi_gmem_AWREGION  | out |    4|    m_axi   |        gmem        |    pointer   |
|m_axi_gmem_AWUSER    | out |    1|    m_axi   |        gmem        |    pointer   |
|m_axi_gmem_WVALID    | out |    1|    m_axi   |        gmem        |    pointer   |
|m_axi_gmem_WREADY    |  in |    1|    m_axi   |        gmem        |    pointer   |
|m_axi_gmem_WDATA     | out |   32|    m_axi   |        gmem        |    pointer   |
|m_axi_gmem_WSTRB     | out |    4|    m_axi   |        gmem        |    pointer   |
|m_axi_gmem_WLAST     | out |    1|    m_axi   |        gmem        |    pointer   |
|m_axi_gmem_WID       | out |    1|    m_axi   |        gmem        |    pointer   |
|m_axi_gmem_WUSER     | out |    1|    m_axi   |        gmem        |    pointer   |
|m_axi_gmem_ARVALID   | out |    1|    m_axi   |        gmem        |    pointer   |
|m_axi_gmem_ARREADY   |  in |    1|    m_axi   |        gmem        |    pointer   |
|m_axi_gmem_ARADDR    | out |   64|    m_axi   |        gmem        |    pointer   |
|m_axi_gmem_ARID      | out |    1|    m_axi   |        gmem        |    pointer   |
|m_axi_gmem_ARLEN     | out |   32|    m_axi   |        gmem        |    pointer   |
|m_axi_gmem_ARSIZE    | out |    3|    m_axi   |        gmem        |    pointer   |
|m_axi_gmem_ARBURST   | out |    2|    m_axi   |        gmem        |    pointer   |
|m_axi_gmem_ARLOCK    | out |    2|    m_axi   |        gmem        |    pointer   |
|m_axi_gmem_ARCACHE   | out |    4|    m_axi   |        gmem        |    pointer   |
|m_axi_gmem_ARPROT    | out |    3|    m_axi   |        gmem        |    pointer   |
|m_axi_gmem_ARQOS     | out |    4|    m_axi   |        gmem        |    pointer   |
|m_axi_gmem_ARREGION  | out |    4|    m_axi   |        gmem        |    pointer   |
|m_axi_gmem_ARUSER    | out |    1|    m_axi   |        gmem        |    pointer   |
|m_axi_gmem_RVALID    |  in |    1|    m_axi   |        gmem        |    pointer   |
|m_axi_gmem_RREADY    | out |    1|    m_axi   |        gmem        |    pointer   |
|m_axi_gmem_RDATA     |  in |   32|    m_axi   |        gmem        |    pointer   |
|m_axi_gmem_RLAST     |  in |    1|    m_axi   |        gmem        |    pointer   |
|m_axi_gmem_RID       |  in |    1|    m_axi   |        gmem        |    pointer   |
|m_axi_gmem_RUSER     |  in |    1|    m_axi   |        gmem        |    pointer   |
|m_axi_gmem_RRESP     |  in |    2|    m_axi   |        gmem        |    pointer   |
|m_axi_gmem_BVALID    |  in |    1|    m_axi   |        gmem        |    pointer   |
|m_axi_gmem_BREADY    | out |    1|    m_axi   |        gmem        |    pointer   |
|m_axi_gmem_BRESP     |  in |    2|    m_axi   |        gmem        |    pointer   |
|m_axi_gmem_BID       |  in |    1|    m_axi   |        gmem        |    pointer   |
|m_axi_gmem_BUSER     |  in |    1|    m_axi   |        gmem        |    pointer   |
|input_r              |  in |   64|   ap_none  |       input_r      |    scalar    |
|output_r             |  in |   64|   ap_none  |      output_r      |    scalar    |
+---------------------+-----+-----+------------+--------------------+--------------+

