

================================================================
== Vitis HLS Report for 'encoder0_c1_Pipeline_VITIS_LOOP_36_1_VITIS_LOOP_37_2_VITIS_LOOP_38_3'
================================================================
* Date:           Sat Sep 20 00:34:31 2025

* Version:        2023.1 (Build 3854077 on May  4 2023)
* Project:        lane_seg_hls
* Solution:       lane_seg (Vivado IP Flow Target)
* Product family: zynquplus
* Target device:  xczu7ev-ffvc1156-2-e


================================================================
== Performance Estimates
================================================================
+ Timing: 
    * Summary: 
    +--------+----------+-----------+------------+
    |  Clock |  Target  | Estimated | Uncertainty|
    +--------+----------+-----------+------------+
    |ap_clk  |  15.00 ns|  10.950 ns|     4.05 ns|
    +--------+----------+-----------+------------+

+ Latency: 
    * Summary: 
    +---------+---------+----------+----------+--------+--------+---------+
    |  Latency (cycles) |  Latency (absolute) |     Interval    | Pipeline|
    |   min   |   max   |    min   |    max   |   min  |   max  |   Type  |
    +---------+---------+----------+----------+--------+--------+---------+
    |   150541|   150541|  2.258 ms|  2.258 ms|  150541|  150541|       no|
    +---------+---------+----------+----------+--------+--------+---------+

    + Detail: 
        * Instance: 
        N/A

        * Loop: 
        +---------------------------------------------------+---------+---------+----------+-----------+-----------+--------+----------+
        |                                                   |  Latency (cycles) | Iteration|  Initiation Interval  |  Trip  |          |
        |                     Loop Name                     |   min   |   max   |  Latency |  achieved |   target  |  Count | Pipelined|
        +---------------------------------------------------+---------+---------+----------+-----------+-----------+--------+----------+
        |- VITIS_LOOP_36_1_VITIS_LOOP_37_2_VITIS_LOOP_38_3  |   150539|   150539|        12|          1|          1|  150528|       yes|
        +---------------------------------------------------+---------+---------+----------+-----------+-----------+--------+----------+



================================================================
== Utilization Estimates
================================================================
* Summary: 
+-----------------+---------+------+--------+--------+-----+
|       Name      | BRAM_18K|  DSP |   FF   |   LUT  | URAM|
+-----------------+---------+------+--------+--------+-----+
|DSP              |        -|     1|       -|       -|    -|
|Expression       |        -|     -|       0|     251|    -|
|FIFO             |        -|     -|       -|       -|    -|
|Instance         |        -|     0|     567|     504|    -|
|Memory           |        -|     -|       -|       -|    -|
|Multiplexer      |        -|     -|       -|      81|    -|
|Register         |        -|     -|     464|     160|    -|
+-----------------+---------+------+--------+--------+-----+
|Total            |        0|     1|    1031|     996|    0|
+-----------------+---------+------+--------+--------+-----+
|Available        |      624|  1728|  460800|  230400|   96|
+-----------------+---------+------+--------+--------+-----+
|Utilization (%)  |        0|    ~0|      ~0|      ~0|    0|
+-----------------+---------+------+--------+--------+-----+

+ Detail: 
    * Instance: 
    +-------------------------+---------------------+---------+----+-----+-----+-----+
    |         Instance        |        Module       | BRAM_18K| DSP|  FF | LUT | URAM|
    +-------------------------+---------------------+---------+----+-----+-----+-----+
    |mul_8ns_10ns_17_1_1_U37  |mul_8ns_10ns_17_1_1  |        0|   0|    0|   62|    0|
    |mul_8ns_10ns_17_1_1_U40  |mul_8ns_10ns_17_1_1  |        0|   0|    0|   62|    0|
    |mul_8ns_10ns_17_1_1_U41  |mul_8ns_10ns_17_1_1  |        0|   0|    0|   62|    0|
    |urem_8ns_3ns_2_12_1_U36  |urem_8ns_3ns_2_12_1  |        0|   0|  189|  106|    0|
    |urem_8ns_3ns_2_12_1_U38  |urem_8ns_3ns_2_12_1  |        0|   0|  189|  106|    0|
    |urem_8ns_3ns_2_12_1_U39  |urem_8ns_3ns_2_12_1  |        0|   0|  189|  106|    0|
    +-------------------------+---------------------+---------+----+-----+-----+-----+
    |Total                    |                     |        0|   0|  567|  504|    0|
    +-------------------------+---------------------+---------+----+-----+-----+-----+

    * DSP: 
    +-----------------------------------+-------------------------------+--------------+
    |              Instance             |             Module            |  Expression  |
    +-----------------------------------+-------------------------------+--------------+
    |mac_muladd_7ns_7ns_7ns_13_4_1_U42  |mac_muladd_7ns_7ns_7ns_13_4_1  |  i0 * i1 + i2|
    +-----------------------------------+-------------------------------+--------------+

    * Memory: 
    N/A

    * FIFO: 
    N/A

    * Expression: 
    +------------------------------------+----------+----+---+----+------------+------------+
    |            Variable Name           | Operation| DSP| FF| LUT| Bitwidth P0| Bitwidth P1|
    +------------------------------------+----------+----+---+----+------------+------------+
    |add_ln36_fu_570_p2                  |         +|   0|  0|  25|          18|           1|
    |add_ln37_fu_712_p2                  |         +|   0|  0|  17|          10|           1|
    |add_ln38_fu_706_p2                  |         +|   0|  0|   9|           2|           1|
    |indvars_iv_next1473_dup_fu_672_p2   |         +|   0|  0|  15|           8|           1|
    |indvars_iv_next1473_fu_751_p2       |         +|   0|  0|  15|           8|           1|
    |indvars_iv_next1473_mid1_fu_783_p2  |         +|   0|  0|  15|           8|           2|
    |indvars_iv_next14763620_fu_602_p2   |         +|   0|  0|  15|           8|           1|
    |indvars_iv_next1476_mid1_fu_596_p2  |         +|   0|  0|  15|           8|           2|
    |and_ln36_fu_666_p2                  |       and|   0|  0|   2|           1|           1|
    |ap_block_pp0_stage0_11001           |       and|   0|  0|   2|           1|           1|
    |ap_block_state12_pp0_stage0_iter11  |       and|   0|  0|   2|           1|           1|
    |icmp_ln36_fu_564_p2                 |      icmp|   0|  0|  25|          18|          18|
    |icmp_ln37_fu_582_p2                 |      icmp|   0|  0|  17|          10|          10|
    |icmp_ln38_fu_660_p2                 |      icmp|   0|  0|   9|           2|           2|
    |or_ln37_fu_678_p2                   |        or|   0|  0|   2|           1|           1|
    |grp_fu_648_p0                       |    select|   0|  0|   8|           1|           8|
    |select_ln36_1_fu_608_p3             |    select|   0|  0|   8|           1|           8|
    |select_ln36_3_fu_776_p3             |    select|   0|  0|   7|           1|           1|
    |select_ln36_4_fu_836_p3             |    select|   0|  0|   2|           1|           1|
    |select_ln36_fu_588_p3               |    select|   0|  0|   8|           1|           1|
    |select_ln37_1_fu_808_p3             |    select|   0|  0|   7|           1|           7|
    |select_ln37_2_fu_877_p3             |    select|   0|  0|   2|           1|           2|
    |select_ln37_3_fu_698_p3             |    select|   0|  0|   8|           1|           8|
    |select_ln37_4_fu_718_p3             |    select|   0|  0|  10|           1|           1|
    |select_ln37_fu_684_p3               |    select|   0|  0|   2|           1|           1|
    |ap_enable_pp0                       |       xor|   0|  0|   2|           1|           2|
    |xor_ln36_fu_654_p2                  |       xor|   0|  0|   2|           1|           2|
    +------------------------------------+----------+----+---+----+------------+------------+
    |Total                               |          |   0|  0| 251|         116|          86|
    +------------------------------------+----------+----+---+----+------------+------------+

    * Multiplexer: 
    +-----------------------------------+----+-----------+-----+-----------+
    |                Name               | LUT| Input Size| Bits| Total Bits|
    +-----------------------------------+----+-----------+-----+-----------+
    |ap_done_int                        |   9|          2|    1|          2|
    |ap_enable_reg_pp0_iter1            |   9|          2|    1|          2|
    |ap_loop_exit_ready_pp0_iter12_reg  |   9|          2|    1|          2|
    |c_fu_138                           |   9|          2|    2|          4|
    |gmem_in_blk_n_R                    |   9|          2|    1|          2|
    |indvar_flatten47_fu_154            |   9|          2|   18|         36|
    |indvar_flatten_fu_146              |   9|          2|   10|         20|
    |x_fu_142                           |   9|          2|    8|         16|
    |y_fu_150                           |   9|          2|    8|         16|
    +-----------------------------------+----+-----------+-----+-----------+
    |Total                              |  81|         18|   50|        100|
    +-----------------------------------+----+-----------+-----+-----------+

    * Register: 
    +-----------------------------------+----+----+-----+-----------+
    |                Name               | FF | LUT| Bits| Const Bits|
    +-----------------------------------+----+----+-----+-----------+
    |add_ln39_reg_988                   |  13|   0|   13|          0|
    |and_ln36_reg_963                   |   1|   0|    1|          0|
    |ap_CS_fsm                          |   1|   0|    1|          0|
    |ap_done_reg                        |   1|   0|    1|          0|
    |ap_enable_reg_pp0_iter1            |   1|   0|    1|          0|
    |ap_enable_reg_pp0_iter10           |   1|   0|    1|          0|
    |ap_enable_reg_pp0_iter11           |   1|   0|    1|          0|
    |ap_enable_reg_pp0_iter12           |   1|   0|    1|          0|
    |ap_enable_reg_pp0_iter2            |   1|   0|    1|          0|
    |ap_enable_reg_pp0_iter3            |   1|   0|    1|          0|
    |ap_enable_reg_pp0_iter4            |   1|   0|    1|          0|
    |ap_enable_reg_pp0_iter5            |   1|   0|    1|          0|
    |ap_enable_reg_pp0_iter6            |   1|   0|    1|          0|
    |ap_enable_reg_pp0_iter7            |   1|   0|    1|          0|
    |ap_enable_reg_pp0_iter8            |   1|   0|    1|          0|
    |ap_enable_reg_pp0_iter9            |   1|   0|    1|          0|
    |ap_loop_exit_ready_pp0_iter10_reg  |   1|   0|    1|          0|
    |ap_loop_exit_ready_pp0_iter11_reg  |   1|   0|    1|          0|
    |ap_loop_exit_ready_pp0_iter12_reg  |   1|   0|    1|          0|
    |ap_loop_exit_ready_pp0_iter2_reg   |   1|   0|    1|          0|
    |ap_loop_exit_ready_pp0_iter3_reg   |   1|   0|    1|          0|
    |ap_loop_exit_ready_pp0_iter4_reg   |   1|   0|    1|          0|
    |ap_loop_exit_ready_pp0_iter5_reg   |   1|   0|    1|          0|
    |ap_loop_exit_ready_pp0_iter6_reg   |   1|   0|    1|          0|
    |ap_loop_exit_ready_pp0_iter7_reg   |   1|   0|    1|          0|
    |ap_loop_exit_ready_pp0_iter8_reg   |   1|   0|    1|          0|
    |ap_loop_exit_ready_pp0_iter9_reg   |   1|   0|    1|          0|
    |bitcast_ln39_reg_993               |  32|   0|   32|          0|
    |c_fu_138                           |   2|   0|    2|          0|
    |icmp_ln36_reg_938                  |   1|   0|    1|          0|
    |icmp_ln37_reg_942                  |   1|   0|    1|          0|
    |indvar_flatten47_fu_154            |  18|   0|   18|          0|
    |indvar_flatten_fu_146              |  10|   0|   10|          0|
    |select_ln36_reg_948                |   8|   0|    8|          0|
    |select_ln37_1_reg_978              |   7|   0|    7|          0|
    |select_ln37_reg_974                |   2|   0|    2|          0|
    |x_1_reg_932                        |   8|   0|    8|          0|
    |x_fu_142                           |   8|   0|    8|          0|
    |y_fu_150                           |   8|   0|    8|          0|
    |add_ln39_reg_988                   |  64|  32|   13|          0|
    |and_ln36_reg_963                   |  64|  32|    1|          0|
    |icmp_ln36_reg_938                  |  64|  32|    1|          0|
    |icmp_ln37_reg_942                  |  64|  32|    1|          0|
    |select_ln37_reg_974                |  64|  32|    2|          0|
    +-----------------------------------+----+----+-----+-----------+
    |Total                              | 464| 160|  162|          0|
    +-----------------------------------+----+----+-----+-----------+



================================================================
== Interface
================================================================
* Summary: 
+------------------------+-----+-----+------------+----------------------------------------------------------------------+--------------+
|        RTL Ports       | Dir | Bits|  Protocol  |                             Source Object                            |    C Type    |
+------------------------+-----+-----+------------+----------------------------------------------------------------------+--------------+
|ap_clk                  |   in|    1|  ap_ctrl_hs|  encoder0_c1_Pipeline_VITIS_LOOP_36_1_VITIS_LOOP_37_2_VITIS_LOOP_38_3|  return value|
|ap_rst                  |   in|    1|  ap_ctrl_hs|  encoder0_c1_Pipeline_VITIS_LOOP_36_1_VITIS_LOOP_37_2_VITIS_LOOP_38_3|  return value|
|ap_start                |   in|    1|  ap_ctrl_hs|  encoder0_c1_Pipeline_VITIS_LOOP_36_1_VITIS_LOOP_37_2_VITIS_LOOP_38_3|  return value|
|ap_done                 |  out|    1|  ap_ctrl_hs|  encoder0_c1_Pipeline_VITIS_LOOP_36_1_VITIS_LOOP_37_2_VITIS_LOOP_38_3|  return value|
|ap_idle                 |  out|    1|  ap_ctrl_hs|  encoder0_c1_Pipeline_VITIS_LOOP_36_1_VITIS_LOOP_37_2_VITIS_LOOP_38_3|  return value|
|ap_ready                |  out|    1|  ap_ctrl_hs|  encoder0_c1_Pipeline_VITIS_LOOP_36_1_VITIS_LOOP_37_2_VITIS_LOOP_38_3|  return value|
|m_axi_gmem_in_AWVALID   |  out|    1|       m_axi|                                                               gmem_in|       pointer|
|m_axi_gmem_in_AWREADY   |   in|    1|       m_axi|                                                               gmem_in|       pointer|
|m_axi_gmem_in_AWADDR    |  out|   64|       m_axi|                                                               gmem_in|       pointer|
|m_axi_gmem_in_AWID      |  out|    1|       m_axi|                                                               gmem_in|       pointer|
|m_axi_gmem_in_AWLEN     |  out|   32|       m_axi|                                                               gmem_in|       pointer|
|m_axi_gmem_in_AWSIZE    |  out|    3|       m_axi|                                                               gmem_in|       pointer|
|m_axi_gmem_in_AWBURST   |  out|    2|       m_axi|                                                               gmem_in|       pointer|
|m_axi_gmem_in_AWLOCK    |  out|    2|       m_axi|                                                               gmem_in|       pointer|
|m_axi_gmem_in_AWCACHE   |  out|    4|       m_axi|                                                               gmem_in|       pointer|
|m_axi_gmem_in_AWPROT    |  out|    3|       m_axi|                                                               gmem_in|       pointer|
|m_axi_gmem_in_AWQOS     |  out|    4|       m_axi|                                                               gmem_in|       pointer|
|m_axi_gmem_in_AWREGION  |  out|    4|       m_axi|                                                               gmem_in|       pointer|
|m_axi_gmem_in_AWUSER    |  out|    1|       m_axi|                                                               gmem_in|       pointer|
|m_axi_gmem_in_WVALID    |  out|    1|       m_axi|                                                               gmem_in|       pointer|
|m_axi_gmem_in_WREADY    |   in|    1|       m_axi|                                                               gmem_in|       pointer|
|m_axi_gmem_in_WDATA     |  out|   32|       m_axi|                                                               gmem_in|       pointer|
|m_axi_gmem_in_WSTRB     |  out|    4|       m_axi|                                                               gmem_in|       pointer|
|m_axi_gmem_in_WLAST     |  out|    1|       m_axi|                                                               gmem_in|       pointer|
|m_axi_gmem_in_WID       |  out|    1|       m_axi|                                                               gmem_in|       pointer|
|m_axi_gmem_in_WUSER     |  out|    1|       m_axi|                                                               gmem_in|       pointer|
|m_axi_gmem_in_ARVALID   |  out|    1|       m_axi|                                                               gmem_in|       pointer|
|m_axi_gmem_in_ARREADY   |   in|    1|       m_axi|                                                               gmem_in|       pointer|
|m_axi_gmem_in_ARADDR    |  out|   64|       m_axi|                                                               gmem_in|       pointer|
|m_axi_gmem_in_ARID      |  out|    1|       m_axi|                                                               gmem_in|       pointer|
|m_axi_gmem_in_ARLEN     |  out|   32|       m_axi|                                                               gmem_in|       pointer|
|m_axi_gmem_in_ARSIZE    |  out|    3|       m_axi|                                                               gmem_in|       pointer|
|m_axi_gmem_in_ARBURST   |  out|    2|       m_axi|                                                               gmem_in|       pointer|
|m_axi_gmem_in_ARLOCK    |  out|    2|       m_axi|                                                               gmem_in|       pointer|
|m_axi_gmem_in_ARCACHE   |  out|    4|       m_axi|                                                               gmem_in|       pointer|
|m_axi_gmem_in_ARPROT    |  out|    3|       m_axi|                                                               gmem_in|       pointer|
|m_axi_gmem_in_ARQOS     |  out|    4|       m_axi|                                                               gmem_in|       pointer|
|m_axi_gmem_in_ARREGION  |  out|    4|       m_axi|                                                               gmem_in|       pointer|
|m_axi_gmem_in_ARUSER    |  out|    1|       m_axi|                                                               gmem_in|       pointer|
|m_axi_gmem_in_RVALID    |   in|    1|       m_axi|                                                               gmem_in|       pointer|
|m_axi_gmem_in_RREADY    |  out|    1|       m_axi|                                                               gmem_in|       pointer|
|m_axi_gmem_in_RDATA     |   in|   32|       m_axi|                                                               gmem_in|       pointer|
|m_axi_gmem_in_RLAST     |   in|    1|       m_axi|                                                               gmem_in|       pointer|
|m_axi_gmem_in_RID       |   in|    1|       m_axi|                                                               gmem_in|       pointer|
|m_axi_gmem_in_RFIFONUM  |   in|    9|       m_axi|                                                               gmem_in|       pointer|
|m_axi_gmem_in_RUSER     |   in|    1|       m_axi|                                                               gmem_in|       pointer|
|m_axi_gmem_in_RRESP     |   in|    2|       m_axi|                                                               gmem_in|       pointer|
|m_axi_gmem_in_BVALID    |   in|    1|       m_axi|                                                               gmem_in|       pointer|
|m_axi_gmem_in_BREADY    |  out|    1|       m_axi|                                                               gmem_in|       pointer|
|m_axi_gmem_in_BRESP     |   in|    2|       m_axi|                                                               gmem_in|       pointer|
|m_axi_gmem_in_BID       |   in|    1|       m_axi|                                                               gmem_in|       pointer|
|m_axi_gmem_in_BUSER     |   in|    1|       m_axi|                                                               gmem_in|       pointer|
|sext_ln36               |   in|   62|     ap_none|                                                             sext_ln36|        scalar|
|padded_address0         |  out|   13|   ap_memory|                                                                padded|         array|
|padded_ce0              |  out|    1|   ap_memory|                                                                padded|         array|
|padded_we0              |  out|    1|   ap_memory|                                                                padded|         array|
|padded_d0               |  out|   32|   ap_memory|                                                                padded|         array|
|padded_1_address0       |  out|   13|   ap_memory|                                                              padded_1|         array|
|padded_1_ce0            |  out|    1|   ap_memory|                                                              padded_1|         array|
|padded_1_we0            |  out|    1|   ap_memory|                                                              padded_1|         array|
|padded_1_d0             |  out|   32|   ap_memory|                                                              padded_1|         array|
|padded_2_address0       |  out|   13|   ap_memory|                                                              padded_2|         array|
|padded_2_ce0            |  out|    1|   ap_memory|                                                              padded_2|         array|
|padded_2_we0            |  out|    1|   ap_memory|                                                              padded_2|         array|
|padded_2_d0             |  out|   32|   ap_memory|                                                              padded_2|         array|
|padded_3_address0       |  out|   13|   ap_memory|                                                              padded_3|         array|
|padded_3_ce0            |  out|    1|   ap_memory|                                                              padded_3|         array|
|padded_3_we0            |  out|    1|   ap_memory|                                                              padded_3|         array|
|padded_3_d0             |  out|   32|   ap_memory|                                                              padded_3|         array|
|padded_4_address0       |  out|   13|   ap_memory|                                                              padded_4|         array|
|padded_4_ce0            |  out|    1|   ap_memory|                                                              padded_4|         array|
|padded_4_we0            |  out|    1|   ap_memory|                                                              padded_4|         array|
|padded_4_d0             |  out|   32|   ap_memory|                                                              padded_4|         array|
|padded_5_address0       |  out|   13|   ap_memory|                                                              padded_5|         array|
|padded_5_ce0            |  out|    1|   ap_memory|                                                              padded_5|         array|
|padded_5_we0            |  out|    1|   ap_memory|                                                              padded_5|         array|
|padded_5_d0             |  out|   32|   ap_memory|                                                              padded_5|         array|
|padded_6_address0       |  out|   13|   ap_memory|                                                              padded_6|         array|
|padded_6_ce0            |  out|    1|   ap_memory|                                                              padded_6|         array|
|padded_6_we0            |  out|    1|   ap_memory|                                                              padded_6|         array|
|padded_6_d0             |  out|   32|   ap_memory|                                                              padded_6|         array|
|padded_7_address0       |  out|   13|   ap_memory|                                                              padded_7|         array|
|padded_7_ce0            |  out|    1|   ap_memory|                                                              padded_7|         array|
|padded_7_we0            |  out|    1|   ap_memory|                                                              padded_7|         array|
|padded_7_d0             |  out|   32|   ap_memory|                                                              padded_7|         array|
|padded_8_address0       |  out|   13|   ap_memory|                                                              padded_8|         array|
|padded_8_ce0            |  out|    1|   ap_memory|                                                              padded_8|         array|
|padded_8_we0            |  out|    1|   ap_memory|                                                              padded_8|         array|
|padded_8_d0             |  out|   32|   ap_memory|                                                              padded_8|         array|
|padded_9_address0       |  out|   13|   ap_memory|                                                              padded_9|         array|
|padded_9_ce0            |  out|    1|   ap_memory|                                                              padded_9|         array|
|padded_9_we0            |  out|    1|   ap_memory|                                                              padded_9|         array|
|padded_9_d0             |  out|   32|   ap_memory|                                                              padded_9|         array|
|padded_10_address0      |  out|   13|   ap_memory|                                                             padded_10|         array|
|padded_10_ce0           |  out|    1|   ap_memory|                                                             padded_10|         array|
|padded_10_we0           |  out|    1|   ap_memory|                                                             padded_10|         array|
|padded_10_d0            |  out|   32|   ap_memory|                                                             padded_10|         array|
|padded_11_address0      |  out|   13|   ap_memory|                                                             padded_11|         array|
|padded_11_ce0           |  out|    1|   ap_memory|                                                             padded_11|         array|
|padded_11_we0           |  out|    1|   ap_memory|                                                             padded_11|         array|
|padded_11_d0            |  out|   32|   ap_memory|                                                             padded_11|         array|
|padded_12_address0      |  out|   13|   ap_memory|                                                             padded_12|         array|
|padded_12_ce0           |  out|    1|   ap_memory|                                                             padded_12|         array|
|padded_12_we0           |  out|    1|   ap_memory|                                                             padded_12|         array|
|padded_12_d0            |  out|   32|   ap_memory|                                                             padded_12|         array|
|padded_13_address0      |  out|   13|   ap_memory|                                                             padded_13|         array|
|padded_13_ce0           |  out|    1|   ap_memory|                                                             padded_13|         array|
|padded_13_we0           |  out|    1|   ap_memory|                                                             padded_13|         array|
|padded_13_d0            |  out|   32|   ap_memory|                                                             padded_13|         array|
|padded_14_address0      |  out|   13|   ap_memory|                                                             padded_14|         array|
|padded_14_ce0           |  out|    1|   ap_memory|                                                             padded_14|         array|
|padded_14_we0           |  out|    1|   ap_memory|                                                             padded_14|         array|
|padded_14_d0            |  out|   32|   ap_memory|                                                             padded_14|         array|
|padded_15_address0      |  out|   13|   ap_memory|                                                             padded_15|         array|
|padded_15_ce0           |  out|    1|   ap_memory|                                                             padded_15|         array|
|padded_15_we0           |  out|    1|   ap_memory|                                                             padded_15|         array|
|padded_15_d0            |  out|   32|   ap_memory|                                                             padded_15|         array|
|padded_16_address0      |  out|   13|   ap_memory|                                                             padded_16|         array|
|padded_16_ce0           |  out|    1|   ap_memory|                                                             padded_16|         array|
|padded_16_we0           |  out|    1|   ap_memory|                                                             padded_16|         array|
|padded_16_d0            |  out|   32|   ap_memory|                                                             padded_16|         array|
|padded_17_address0      |  out|   13|   ap_memory|                                                             padded_17|         array|
|padded_17_ce0           |  out|    1|   ap_memory|                                                             padded_17|         array|
|padded_17_we0           |  out|    1|   ap_memory|                                                             padded_17|         array|
|padded_17_d0            |  out|   32|   ap_memory|                                                             padded_17|         array|
|padded_18_address0      |  out|   13|   ap_memory|                                                             padded_18|         array|
|padded_18_ce0           |  out|    1|   ap_memory|                                                             padded_18|         array|
|padded_18_we0           |  out|    1|   ap_memory|                                                             padded_18|         array|
|padded_18_d0            |  out|   32|   ap_memory|                                                             padded_18|         array|
|padded_19_address0      |  out|   13|   ap_memory|                                                             padded_19|         array|
|padded_19_ce0           |  out|    1|   ap_memory|                                                             padded_19|         array|
|padded_19_we0           |  out|    1|   ap_memory|                                                             padded_19|         array|
|padded_19_d0            |  out|   32|   ap_memory|                                                             padded_19|         array|
|padded_20_address0      |  out|   13|   ap_memory|                                                             padded_20|         array|
|padded_20_ce0           |  out|    1|   ap_memory|                                                             padded_20|         array|
|padded_20_we0           |  out|    1|   ap_memory|                                                             padded_20|         array|
|padded_20_d0            |  out|   32|   ap_memory|                                                             padded_20|         array|
|padded_21_address0      |  out|   13|   ap_memory|                                                             padded_21|         array|
|padded_21_ce0           |  out|    1|   ap_memory|                                                             padded_21|         array|
|padded_21_we0           |  out|    1|   ap_memory|                                                             padded_21|         array|
|padded_21_d0            |  out|   32|   ap_memory|                                                             padded_21|         array|
|padded_22_address0      |  out|   13|   ap_memory|                                                             padded_22|         array|
|padded_22_ce0           |  out|    1|   ap_memory|                                                             padded_22|         array|
|padded_22_we0           |  out|    1|   ap_memory|                                                             padded_22|         array|
|padded_22_d0            |  out|   32|   ap_memory|                                                             padded_22|         array|
|padded_23_address0      |  out|   13|   ap_memory|                                                             padded_23|         array|
|padded_23_ce0           |  out|    1|   ap_memory|                                                             padded_23|         array|
|padded_23_we0           |  out|    1|   ap_memory|                                                             padded_23|         array|
|padded_23_d0            |  out|   32|   ap_memory|                                                             padded_23|         array|
|padded_24_address0      |  out|   13|   ap_memory|                                                             padded_24|         array|
|padded_24_ce0           |  out|    1|   ap_memory|                                                             padded_24|         array|
|padded_24_we0           |  out|    1|   ap_memory|                                                             padded_24|         array|
|padded_24_d0            |  out|   32|   ap_memory|                                                             padded_24|         array|
|padded_25_address0      |  out|   13|   ap_memory|                                                             padded_25|         array|
|padded_25_ce0           |  out|    1|   ap_memory|                                                             padded_25|         array|
|padded_25_we0           |  out|    1|   ap_memory|                                                             padded_25|         array|
|padded_25_d0            |  out|   32|   ap_memory|                                                             padded_25|         array|
|padded_26_address0      |  out|   13|   ap_memory|                                                             padded_26|         array|
|padded_26_ce0           |  out|    1|   ap_memory|                                                             padded_26|         array|
|padded_26_we0           |  out|    1|   ap_memory|                                                             padded_26|         array|
|padded_26_d0            |  out|   32|   ap_memory|                                                             padded_26|         array|
+------------------------+-----+-----+------------+----------------------------------------------------------------------+--------------+

