

================================================================
== Vitis HLS Report for 'encoder0_c1'
================================================================
* Date:           Fri Sep 19 13:56:24 2025

* Version:        2023.1 (Build 3854077 on May  4 2023)
* Project:        lane_seg_hls
* Solution:       lane_seg (Vivado IP Flow Target)
* Product family: zynquplus
* Target device:  xczu7ev-ffvc1156-2-e


================================================================
== Performance Estimates
================================================================
+ Timing: 
    * Summary: 
    +--------+----------+-----------+------------+
    |  Clock |  Target  | Estimated | Uncertainty|
    +--------+----------+-----------+------------+
    |ap_clk  |  15.00 ns|  10.950 ns|     4.05 ns|
    +--------+----------+-----------+------------+

+ Latency: 
    * Summary: 
    +---------+---------+-----------+-----------+--------+--------+---------+
    |  Latency (cycles) |   Latency (absolute)  |     Interval    | Pipeline|
    |   min   |   max   |    min    |    max    |   min  |   max  |   Type  |
    +---------+---------+-----------+-----------+--------+--------+---------+
    |   705216|   705216|  10.578 ms|  10.578 ms|  705216|  705216|       no|
    +---------+---------+-----------+-----------+--------+--------+---------+

    + Detail: 
        * Instance: 
        +--------------------------------------------------------------------------------+----------------------------------------------------------------------+---------+---------+----------+----------+--------+--------+---------+
        |                                                                                |                                                                      |  Latency (cycles) |  Latency (absolute) |     Interval    | Pipeline|
        |                                    Instance                                    |                                Module                                |   min   |   max   |    min   |    max   |   min  |   max  |   Type  |
        +--------------------------------------------------------------------------------+----------------------------------------------------------------------+---------+---------+----------+----------+--------+--------+---------+
        |grp_encoder0_c1_Pipeline_1_fu_87                                                |encoder0_c1_Pipeline_1                                                |   153230|   153230|  2.298 ms|  2.298 ms|  153230|  153230|       no|
        |grp_encoder0_c1_Pipeline_VITIS_LOOP_36_1_VITIS_LOOP_37_2_VITIS_LOOP_38_3_fu_93  |encoder0_c1_Pipeline_VITIS_LOOP_36_1_VITIS_LOOP_37_2_VITIS_LOOP_38_3  |   150532|   150532|  2.258 ms|  2.258 ms|  150532|  150532|       no|
        |grp_encoder0_c1_Pipeline_VITIS_LOOP_50_4_VITIS_LOOP_51_5_fu_101                 |encoder0_c1_Pipeline_VITIS_LOOP_50_4_VITIS_LOOP_51_5                  |   401438|   401438|  6.022 ms|  6.022 ms|  401438|  401438|       no|
        +--------------------------------------------------------------------------------+----------------------------------------------------------------------+---------+---------+----------+----------+--------+--------+---------+

        * Loop: 
        N/A



================================================================
== Utilization Estimates
================================================================
* Summary: 
+-----------------+---------+------+--------+--------+-----+
|       Name      | BRAM_18K|  DSP |   FF   |   LUT  | URAM|
+-----------------+---------+------+--------+--------+-----+
|DSP              |        -|     -|       -|       -|    -|
|Expression       |        -|     -|       -|       -|    -|
|FIFO             |        -|     -|       -|       -|    -|
|Instance         |        -|   638|   19789|   52950|    -|
|Memory           |      274|     -|       0|       0|    0|
|Multiplexer      |        -|     -|       -|     471|    -|
|Register         |        -|     -|     145|       -|    -|
+-----------------+---------+------+--------+--------+-----+
|Total            |      274|   638|   19934|   53421|    0|
+-----------------+---------+------+--------+--------+-----+
|Available        |      624|  1728|  460800|  230400|   96|
+-----------------+---------+------+--------+--------+-----+
|Utilization (%)  |       43|    36|       4|      23|    0|
+-----------------+---------+------+--------+--------+-----+

+ Detail: 
    * Instance: 
    +--------------------------------------------------------------------------------+----------------------------------------------------------------------+---------+-----+-------+-------+-----+
    |                                    Instance                                    |                                Module                                | BRAM_18K| DSP |   FF  |  LUT  | URAM|
    +--------------------------------------------------------------------------------+----------------------------------------------------------------------+---------+-----+-------+-------+-----+
    |grp_encoder0_c1_Pipeline_1_fu_87                                                |encoder0_c1_Pipeline_1                                                |        0|    0|     20|     77|    0|
    |grp_encoder0_c1_Pipeline_VITIS_LOOP_36_1_VITIS_LOOP_37_2_VITIS_LOOP_38_3_fu_93  |encoder0_c1_Pipeline_VITIS_LOOP_36_1_VITIS_LOOP_37_2_VITIS_LOOP_38_3  |        0|    1|     92|    366|    0|
    |grp_encoder0_c1_Pipeline_VITIS_LOOP_50_4_VITIS_LOOP_51_5_fu_101                 |encoder0_c1_Pipeline_VITIS_LOOP_50_4_VITIS_LOOP_51_5                  |        0|  637|  19677|  52507|    0|
    +--------------------------------------------------------------------------------+----------------------------------------------------------------------+---------+-----+-------+-------+-----+
    |Total                                                                           |                                                                      |        0|  638|  19789|  52950|    0|
    +--------------------------------------------------------------------------------+----------------------------------------------------------------------+---------+-----+-------+-------+-----+

    * DSP: 
    N/A

    * Memory: 
    +----------+---------------------------------------+---------+---+----+-----+--------+-----+------+-------------+
    |  Memory  |                 Module                | BRAM_18K| FF| LUT| URAM|  Words | Bits| Banks| W*Bits*Banks|
    +----------+---------------------------------------+---------+---+----+-----+--------+-----+------+-------------+
    |padded_U  |encoder0_c1_padded_RAM_1WNR_AUTO_1R1W  |      274|  0|   0|    0|  153228|   32|     1|      4903296|
    +----------+---------------------------------------+---------+---+----+-----+--------+-----+------+-------------+
    |Total     |                                       |      274|  0|   0|    0|  153228|   32|     1|      4903296|
    +----------+---------------------------------------+---------+---+----+-----+--------+-----+------+-------------+

    * FIFO: 
    N/A

    * Expression: 
    N/A

    * Multiplexer: 
    +-------------------------+----+-----------+-----+-----------+
    |           Name          | LUT| Input Size| Bits| Total Bits|
    +-------------------------+----+-----------+-----+-----------+
    |ap_NS_fsm                |  89|         18|    1|         18|
    |gmem_in_blk_n_AR         |   9|          2|    1|          2|
    |gmem_out_blk_n_AW        |   9|          2|    1|          2|
    |gmem_out_blk_n_B         |   9|          2|    1|          2|
    |m_axi_gmem_in_ARADDR     |  14|          3|   64|        192|
    |m_axi_gmem_in_ARBURST    |   9|          2|    2|          4|
    |m_axi_gmem_in_ARCACHE    |   9|          2|    4|          8|
    |m_axi_gmem_in_ARID       |   9|          2|    1|          2|
    |m_axi_gmem_in_ARLEN      |  14|          3|   32|         96|
    |m_axi_gmem_in_ARLOCK     |   9|          2|    2|          4|
    |m_axi_gmem_in_ARPROT     |   9|          2|    3|          6|
    |m_axi_gmem_in_ARQOS      |   9|          2|    4|          8|
    |m_axi_gmem_in_ARREGION   |   9|          2|    4|          8|
    |m_axi_gmem_in_ARSIZE     |   9|          2|    3|          6|
    |m_axi_gmem_in_ARUSER     |   9|          2|    1|          2|
    |m_axi_gmem_in_ARVALID    |  14|          3|    1|          3|
    |m_axi_gmem_in_RREADY     |   9|          2|    1|          2|
    |m_axi_gmem_out_AWADDR    |  14|          3|   64|        192|
    |m_axi_gmem_out_AWBURST   |   9|          2|    2|          4|
    |m_axi_gmem_out_AWCACHE   |   9|          2|    4|          8|
    |m_axi_gmem_out_AWID      |   9|          2|    1|          2|
    |m_axi_gmem_out_AWLEN     |  14|          3|   32|         96|
    |m_axi_gmem_out_AWLOCK    |   9|          2|    2|          4|
    |m_axi_gmem_out_AWPROT    |   9|          2|    3|          6|
    |m_axi_gmem_out_AWQOS     |   9|          2|    4|          8|
    |m_axi_gmem_out_AWREGION  |   9|          2|    4|          8|
    |m_axi_gmem_out_AWSIZE    |   9|          2|    3|          6|
    |m_axi_gmem_out_AWUSER    |   9|          2|    1|          2|
    |m_axi_gmem_out_AWVALID   |  14|          3|    1|          3|
    |m_axi_gmem_out_BREADY    |  14|          3|    1|          3|
    |m_axi_gmem_out_WVALID    |   9|          2|    1|          2|
    |padded_address0          |  20|          4|   18|         72|
    |padded_ce0               |  20|          4|    1|          4|
    |padded_ce1               |   9|          2|    1|          2|
    |padded_d0                |  14|          3|   32|         96|
    |padded_we0               |  14|          3|    1|          3|
    +-------------------------+----+-----------+-----+-----------+
    |Total                    | 471|        101|  302|        886|
    +-------------------------+----+-----------+-----+-----------+

    * Register: 
    +---------------------------------------------------------------------------------------------+----+----+-----+-----------+
    |                                             Name                                            | FF | LUT| Bits| Const Bits|
    +---------------------------------------------------------------------------------------------+----+----+-----+-----------+
    |ap_CS_fsm                                                                                    |  17|   0|   17|          0|
    |grp_encoder0_c1_Pipeline_1_fu_87_ap_start_reg                                                |   1|   0|    1|          0|
    |grp_encoder0_c1_Pipeline_VITIS_LOOP_36_1_VITIS_LOOP_37_2_VITIS_LOOP_38_3_fu_93_ap_start_reg  |   1|   0|    1|          0|
    |grp_encoder0_c1_Pipeline_VITIS_LOOP_50_4_VITIS_LOOP_51_5_fu_101_ap_start_reg                 |   1|   0|    1|          0|
    |trunc_ln1_reg_161                                                                            |  63|   0|   63|          0|
    |trunc_ln_reg_151                                                                             |  62|   0|   62|          0|
    +---------------------------------------------------------------------------------------------+----+----+-----+-----------+
    |Total                                                                                        | 145|   0|  145|          0|
    +---------------------------------------------------------------------------------------------+----+----+-----+-----------+



================================================================
== Interface
================================================================
* Summary: 
+-------------------------+-----+-----+------------+--------------+--------------+
|        RTL Ports        | Dir | Bits|  Protocol  | Source Object|    C Type    |
+-------------------------+-----+-----+------------+--------------+--------------+
|ap_clk                   |   in|    1|  ap_ctrl_hs|   encoder0_c1|  return value|
|ap_rst                   |   in|    1|  ap_ctrl_hs|   encoder0_c1|  return value|
|ap_start                 |   in|    1|  ap_ctrl_hs|   encoder0_c1|  return value|
|ap_done                  |  out|    1|  ap_ctrl_hs|   encoder0_c1|  return value|
|ap_idle                  |  out|    1|  ap_ctrl_hs|   encoder0_c1|  return value|
|ap_ready                 |  out|    1|  ap_ctrl_hs|   encoder0_c1|  return value|
|m_axi_gmem_in_AWVALID    |  out|    1|       m_axi|       gmem_in|       pointer|
|m_axi_gmem_in_AWREADY    |   in|    1|       m_axi|       gmem_in|       pointer|
|m_axi_gmem_in_AWADDR     |  out|   64|       m_axi|       gmem_in|       pointer|
|m_axi_gmem_in_AWID       |  out|    1|       m_axi|       gmem_in|       pointer|
|m_axi_gmem_in_AWLEN      |  out|   32|       m_axi|       gmem_in|       pointer|
|m_axi_gmem_in_AWSIZE     |  out|    3|       m_axi|       gmem_in|       pointer|
|m_axi_gmem_in_AWBURST    |  out|    2|       m_axi|       gmem_in|       pointer|
|m_axi_gmem_in_AWLOCK     |  out|    2|       m_axi|       gmem_in|       pointer|
|m_axi_gmem_in_AWCACHE    |  out|    4|       m_axi|       gmem_in|       pointer|
|m_axi_gmem_in_AWPROT     |  out|    3|       m_axi|       gmem_in|       pointer|
|m_axi_gmem_in_AWQOS      |  out|    4|       m_axi|       gmem_in|       pointer|
|m_axi_gmem_in_AWREGION   |  out|    4|       m_axi|       gmem_in|       pointer|
|m_axi_gmem_in_AWUSER     |  out|    1|       m_axi|       gmem_in|       pointer|
|m_axi_gmem_in_WVALID     |  out|    1|       m_axi|       gmem_in|       pointer|
|m_axi_gmem_in_WREADY     |   in|    1|       m_axi|       gmem_in|       pointer|
|m_axi_gmem_in_WDATA      |  out|   32|       m_axi|       gmem_in|       pointer|
|m_axi_gmem_in_WSTRB      |  out|    4|       m_axi|       gmem_in|       pointer|
|m_axi_gmem_in_WLAST      |  out|    1|       m_axi|       gmem_in|       pointer|
|m_axi_gmem_in_WID        |  out|    1|       m_axi|       gmem_in|       pointer|
|m_axi_gmem_in_WUSER      |  out|    1|       m_axi|       gmem_in|       pointer|
|m_axi_gmem_in_ARVALID    |  out|    1|       m_axi|       gmem_in|       pointer|
|m_axi_gmem_in_ARREADY    |   in|    1|       m_axi|       gmem_in|       pointer|
|m_axi_gmem_in_ARADDR     |  out|   64|       m_axi|       gmem_in|       pointer|
|m_axi_gmem_in_ARID       |  out|    1|       m_axi|       gmem_in|       pointer|
|m_axi_gmem_in_ARLEN      |  out|   32|       m_axi|       gmem_in|       pointer|
|m_axi_gmem_in_ARSIZE     |  out|    3|       m_axi|       gmem_in|       pointer|
|m_axi_gmem_in_ARBURST    |  out|    2|       m_axi|       gmem_in|       pointer|
|m_axi_gmem_in_ARLOCK     |  out|    2|       m_axi|       gmem_in|       pointer|
|m_axi_gmem_in_ARCACHE    |  out|    4|       m_axi|       gmem_in|       pointer|
|m_axi_gmem_in_ARPROT     |  out|    3|       m_axi|       gmem_in|       pointer|
|m_axi_gmem_in_ARQOS      |  out|    4|       m_axi|       gmem_in|       pointer|
|m_axi_gmem_in_ARREGION   |  out|    4|       m_axi|       gmem_in|       pointer|
|m_axi_gmem_in_ARUSER     |  out|    1|       m_axi|       gmem_in|       pointer|
|m_axi_gmem_in_RVALID     |   in|    1|       m_axi|       gmem_in|       pointer|
|m_axi_gmem_in_RREADY     |  out|    1|       m_axi|       gmem_in|       pointer|
|m_axi_gmem_in_RDATA      |   in|   32|       m_axi|       gmem_in|       pointer|
|m_axi_gmem_in_RLAST      |   in|    1|       m_axi|       gmem_in|       pointer|
|m_axi_gmem_in_RID        |   in|    1|       m_axi|       gmem_in|       pointer|
|m_axi_gmem_in_RFIFONUM   |   in|    9|       m_axi|       gmem_in|       pointer|
|m_axi_gmem_in_RUSER      |   in|    1|       m_axi|       gmem_in|       pointer|
|m_axi_gmem_in_RRESP      |   in|    2|       m_axi|       gmem_in|       pointer|
|m_axi_gmem_in_BVALID     |   in|    1|       m_axi|       gmem_in|       pointer|
|m_axi_gmem_in_BREADY     |  out|    1|       m_axi|       gmem_in|       pointer|
|m_axi_gmem_in_BRESP      |   in|    2|       m_axi|       gmem_in|       pointer|
|m_axi_gmem_in_BID        |   in|    1|       m_axi|       gmem_in|       pointer|
|m_axi_gmem_in_BUSER      |   in|    1|       m_axi|       gmem_in|       pointer|
|input_r                  |   in|   64|     ap_none|       input_r|        scalar|
|m_axi_gmem_out_AWVALID   |  out|    1|       m_axi|      gmem_out|       pointer|
|m_axi_gmem_out_AWREADY   |   in|    1|       m_axi|      gmem_out|       pointer|
|m_axi_gmem_out_AWADDR    |  out|   64|       m_axi|      gmem_out|       pointer|
|m_axi_gmem_out_AWID      |  out|    1|       m_axi|      gmem_out|       pointer|
|m_axi_gmem_out_AWLEN     |  out|   32|       m_axi|      gmem_out|       pointer|
|m_axi_gmem_out_AWSIZE    |  out|    3|       m_axi|      gmem_out|       pointer|
|m_axi_gmem_out_AWBURST   |  out|    2|       m_axi|      gmem_out|       pointer|
|m_axi_gmem_out_AWLOCK    |  out|    2|       m_axi|      gmem_out|       pointer|
|m_axi_gmem_out_AWCACHE   |  out|    4|       m_axi|      gmem_out|       pointer|
|m_axi_gmem_out_AWPROT    |  out|    3|       m_axi|      gmem_out|       pointer|
|m_axi_gmem_out_AWQOS     |  out|    4|       m_axi|      gmem_out|       pointer|
|m_axi_gmem_out_AWREGION  |  out|    4|       m_axi|      gmem_out|       pointer|
|m_axi_gmem_out_AWUSER    |  out|    1|       m_axi|      gmem_out|       pointer|
|m_axi_gmem_out_WVALID    |  out|    1|       m_axi|      gmem_out|       pointer|
|m_axi_gmem_out_WREADY    |   in|    1|       m_axi|      gmem_out|       pointer|
|m_axi_gmem_out_WDATA     |  out|   16|       m_axi|      gmem_out|       pointer|
|m_axi_gmem_out_WSTRB     |  out|    2|       m_axi|      gmem_out|       pointer|
|m_axi_gmem_out_WLAST     |  out|    1|       m_axi|      gmem_out|       pointer|
|m_axi_gmem_out_WID       |  out|    1|       m_axi|      gmem_out|       pointer|
|m_axi_gmem_out_WUSER     |  out|    1|       m_axi|      gmem_out|       pointer|
|m_axi_gmem_out_ARVALID   |  out|    1|       m_axi|      gmem_out|       pointer|
|m_axi_gmem_out_ARREADY   |   in|    1|       m_axi|      gmem_out|       pointer|
|m_axi_gmem_out_ARADDR    |  out|   64|       m_axi|      gmem_out|       pointer|
|m_axi_gmem_out_ARID      |  out|    1|       m_axi|      gmem_out|       pointer|
|m_axi_gmem_out_ARLEN     |  out|   32|       m_axi|      gmem_out|       pointer|
|m_axi_gmem_out_ARSIZE    |  out|    3|       m_axi|      gmem_out|       pointer|
|m_axi_gmem_out_ARBURST   |  out|    2|       m_axi|      gmem_out|       pointer|
|m_axi_gmem_out_ARLOCK    |  out|    2|       m_axi|      gmem_out|       pointer|
|m_axi_gmem_out_ARCACHE   |  out|    4|       m_axi|      gmem_out|       pointer|
|m_axi_gmem_out_ARPROT    |  out|    3|       m_axi|      gmem_out|       pointer|
|m_axi_gmem_out_ARQOS     |  out|    4|       m_axi|      gmem_out|       pointer|
|m_axi_gmem_out_ARREGION  |  out|    4|       m_axi|      gmem_out|       pointer|
|m_axi_gmem_out_ARUSER    |  out|    1|       m_axi|      gmem_out|       pointer|
|m_axi_gmem_out_RVALID    |   in|    1|       m_axi|      gmem_out|       pointer|
|m_axi_gmem_out_RREADY    |  out|    1|       m_axi|      gmem_out|       pointer|
|m_axi_gmem_out_RDATA     |   in|   16|       m_axi|      gmem_out|       pointer|
|m_axi_gmem_out_RLAST     |   in|    1|       m_axi|      gmem_out|       pointer|
|m_axi_gmem_out_RID       |   in|    1|       m_axi|      gmem_out|       pointer|
|m_axi_gmem_out_RFIFONUM  |   in|   10|       m_axi|      gmem_out|       pointer|
|m_axi_gmem_out_RUSER     |   in|    1|       m_axi|      gmem_out|       pointer|
|m_axi_gmem_out_RRESP     |   in|    2|       m_axi|      gmem_out|       pointer|
|m_axi_gmem_out_BVALID    |   in|    1|       m_axi|      gmem_out|       pointer|
|m_axi_gmem_out_BREADY    |  out|    1|       m_axi|      gmem_out|       pointer|
|m_axi_gmem_out_BRESP     |   in|    2|       m_axi|      gmem_out|       pointer|
|m_axi_gmem_out_BID       |   in|    1|       m_axi|      gmem_out|       pointer|
|m_axi_gmem_out_BUSER     |   in|    1|       m_axi|      gmem_out|       pointer|
|output_r                 |   in|   64|     ap_none|      output_r|        scalar|
+-------------------------+-----+-----+------------+--------------+--------------+

