

================================================================
== Vitis HLS Report for 'lane_seg_top'
================================================================
* Date:           Fri Sep 19 13:56:29 2025

* Version:        2023.1 (Build 3854077 on May  4 2023)
* Project:        lane_seg_hls
* Solution:       lane_seg (Vivado IP Flow Target)
* Product family: zynquplus
* Target device:  xczu7ev-ffvc1156-2-e


================================================================
== Performance Estimates
================================================================
+ Timing: 
    * Summary: 
    +--------+----------+-----------+------------+
    |  Clock |  Target  | Estimated | Uncertainty|
    +--------+----------+-----------+------------+
    |ap_clk  |  15.00 ns|  10.950 ns|     4.05 ns|
    +--------+----------+-----------+------------+

+ Latency: 
    * Summary: 
    +---------+---------+-----------+-----------+--------+--------+---------+
    |  Latency (cycles) |   Latency (absolute)  |     Interval    | Pipeline|
    |   min   |   max   |    min    |    max    |   min  |   max  |   Type  |
    +---------+---------+-----------+-----------+--------+--------+---------+
    |   705218|   705218|  10.578 ms|  10.578 ms|  705219|  705219|       no|
    +---------+---------+-----------+-----------+--------+--------+---------+

    + Detail: 
        * Instance: 
        +------------------------+-------------+---------+---------+-----------+-----------+--------+--------+---------+
        |                        |             |  Latency (cycles) |   Latency (absolute)  |     Interval    | Pipeline|
        |        Instance        |    Module   |   min   |   max   |    min    |    max    |   min  |   max  |   Type  |
        +------------------------+-------------+---------+---------+-----------+-----------+--------+--------+---------+
        |grp_encoder0_c1_fu_116  |encoder0_c1  |   705216|   705216|  10.578 ms|  10.578 ms|  705216|  705216|       no|
        +------------------------+-------------+---------+---------+-----------+-----------+--------+--------+---------+

        * Loop: 
        N/A



================================================================
== Utilization Estimates
================================================================
* Summary: 
+-----------------+---------+------+--------+--------+-----+
|       Name      | BRAM_18K|  DSP |   FF   |   LUT  | URAM|
+-----------------+---------+------+--------+--------+-----+
|DSP              |        -|     -|       -|       -|    -|
|Expression       |        -|     -|       0|      32|    -|
|FIFO             |        -|     -|       -|       -|    -|
|Instance         |      280|   638|   21947|   55458|    0|
|Memory           |        -|     -|       -|       -|    -|
|Multiplexer      |        -|     -|       -|      79|    -|
|Register         |        -|     -|     132|       -|    -|
+-----------------+---------+------+--------+--------+-----+
|Total            |      280|   638|   22079|   55569|    0|
+-----------------+---------+------+--------+--------+-----+
|Available        |      624|  1728|  460800|  230400|   96|
+-----------------+---------+------+--------+--------+-----+
|Utilization (%)  |       44|    36|       4|      24|    0|
+-----------------+---------+------+--------+--------+-----+

+ Detail: 
    * Instance: 
    +------------------------+----------------+---------+-----+-------+-------+-----+
    |        Instance        |     Module     | BRAM_18K| DSP |   FF  |  LUT  | URAM|
    +------------------------+----------------+---------+-----+-------+-------+-----+
    |control_s_axi_U         |control_s_axi   |        0|    0|    328|    552|    0|
    |grp_encoder0_c1_fu_116  |encoder0_c1     |      274|  638|  19934|  53421|    0|
    |gmem_in_m_axi_U         |gmem_in_m_axi   |        4|    0|    830|    694|    0|
    |gmem_out_m_axi_U        |gmem_out_m_axi  |        2|    0|    855|    791|    0|
    +------------------------+----------------+---------+-----+-------+-------+-----+
    |Total                   |                |      280|  638|  21947|  55458|    0|
    +------------------------+----------------+---------+-----+-------+-------+-----+

    * DSP: 
    N/A

    * Memory: 
    N/A

    * FIFO: 
    N/A

    * Expression: 
    +-------------------+----------+----+---+----+------------+------------+
    |   Variable Name   | Operation| DSP| FF| LUT| Bitwidth P0| Bitwidth P1|
    +-------------------+----------+----+---+----+------------+------------+
    |or_ln74_fu_134_p2  |        or|   0|  0|  32|          32|           1|
    +-------------------+----------+----+---+----+------------+------------+
    |Total              |          |   0|  0|  32|          32|           1|
    +-------------------+----------+----+---+----+------------+------------+

    * Multiplexer: 
    +------------------+----+-----------+-----+-----------+
    |       Name       | LUT| Input Size| Bits| Total Bits|
    +------------------+----+-----------+-----+-----------+
    |ap_NS_fsm         |  20|          4|    1|          4|
    |gmem_in_ARVALID   |   9|          2|    1|          2|
    |gmem_in_RREADY    |   9|          2|    1|          2|
    |gmem_out_AWVALID  |   9|          2|    1|          2|
    |gmem_out_BREADY   |   9|          2|    1|          2|
    |gmem_out_WVALID   |   9|          2|    1|          2|
    |status_o          |  14|          3|   32|         96|
    +------------------+----+-----------+-----+-----------+
    |Total             |  79|         17|   38|        110|
    +------------------+----+-----------+-----+-----------+

    * Register: 
    +-------------------------------------+----+----+-----+-----------+
    |                 Name                | FF | LUT| Bits| Const Bits|
    +-------------------------------------+----+----+-----+-----------+
    |ap_CS_fsm                            |   3|   0|    3|          0|
    |grp_encoder0_c1_fu_116_ap_start_reg  |   1|   0|    1|          0|
    |image_r_read_reg_146                 |  64|   0|   64|          0|
    |out0_read_reg_141                    |  64|   0|   64|          0|
    +-------------------------------------+----+----+-----+-----------+
    |Total                                | 132|   0|  132|          0|
    +-------------------------------------+----+----+-----+-----------+



================================================================
== Interface
================================================================
* Summary: 
+-------------------------+-----+-----+------------+--------------+--------------+
|        RTL Ports        | Dir | Bits|  Protocol  | Source Object|    C Type    |
+-------------------------+-----+-----+------------+--------------+--------------+
|s_axi_control_AWVALID    |   in|    1|       s_axi|       control|       pointer|
|s_axi_control_AWREADY    |  out|    1|       s_axi|       control|       pointer|
|s_axi_control_AWADDR     |   in|    7|       s_axi|       control|       pointer|
|s_axi_control_WVALID     |   in|    1|       s_axi|       control|       pointer|
|s_axi_control_WREADY     |  out|    1|       s_axi|       control|       pointer|
|s_axi_control_WDATA      |   in|   32|       s_axi|       control|       pointer|
|s_axi_control_WSTRB      |   in|    4|       s_axi|       control|       pointer|
|s_axi_control_ARVALID    |   in|    1|       s_axi|       control|       pointer|
|s_axi_control_ARREADY    |  out|    1|       s_axi|       control|       pointer|
|s_axi_control_ARADDR     |   in|    7|       s_axi|       control|       pointer|
|s_axi_control_RVALID     |  out|    1|       s_axi|       control|       pointer|
|s_axi_control_RREADY     |   in|    1|       s_axi|       control|       pointer|
|s_axi_control_RDATA      |  out|   32|       s_axi|       control|       pointer|
|s_axi_control_RRESP      |  out|    2|       s_axi|       control|       pointer|
|s_axi_control_BVALID     |  out|    1|       s_axi|       control|       pointer|
|s_axi_control_BREADY     |   in|    1|       s_axi|       control|       pointer|
|s_axi_control_BRESP      |  out|    2|       s_axi|       control|       pointer|
|ap_clk                   |   in|    1|  ap_ctrl_hs|  lane_seg_top|  return value|
|ap_rst_n                 |   in|    1|  ap_ctrl_hs|  lane_seg_top|  return value|
|interrupt                |  out|    1|  ap_ctrl_hs|  lane_seg_top|  return value|
|m_axi_gmem_in_AWVALID    |  out|    1|       m_axi|       gmem_in|       pointer|
|m_axi_gmem_in_AWREADY    |   in|    1|       m_axi|       gmem_in|       pointer|
|m_axi_gmem_in_AWADDR     |  out|   64|       m_axi|       gmem_in|       pointer|
|m_axi_gmem_in_AWID       |  out|    1|       m_axi|       gmem_in|       pointer|
|m_axi_gmem_in_AWLEN      |  out|    8|       m_axi|       gmem_in|       pointer|
|m_axi_gmem_in_AWSIZE     |  out|    3|       m_axi|       gmem_in|       pointer|
|m_axi_gmem_in_AWBURST    |  out|    2|       m_axi|       gmem_in|       pointer|
|m_axi_gmem_in_AWLOCK     |  out|    2|       m_axi|       gmem_in|       pointer|
|m_axi_gmem_in_AWCACHE    |  out|    4|       m_axi|       gmem_in|       pointer|
|m_axi_gmem_in_AWPROT     |  out|    3|       m_axi|       gmem_in|       pointer|
|m_axi_gmem_in_AWQOS      |  out|    4|       m_axi|       gmem_in|       pointer|
|m_axi_gmem_in_AWREGION   |  out|    4|       m_axi|       gmem_in|       pointer|
|m_axi_gmem_in_AWUSER     |  out|    1|       m_axi|       gmem_in|       pointer|
|m_axi_gmem_in_WVALID     |  out|    1|       m_axi|       gmem_in|       pointer|
|m_axi_gmem_in_WREADY     |   in|    1|       m_axi|       gmem_in|       pointer|
|m_axi_gmem_in_WDATA      |  out|   32|       m_axi|       gmem_in|       pointer|
|m_axi_gmem_in_WSTRB      |  out|    4|       m_axi|       gmem_in|       pointer|
|m_axi_gmem_in_WLAST      |  out|    1|       m_axi|       gmem_in|       pointer|
|m_axi_gmem_in_WID        |  out|    1|       m_axi|       gmem_in|       pointer|
|m_axi_gmem_in_WUSER      |  out|    1|       m_axi|       gmem_in|       pointer|
|m_axi_gmem_in_ARVALID    |  out|    1|       m_axi|       gmem_in|       pointer|
|m_axi_gmem_in_ARREADY    |   in|    1|       m_axi|       gmem_in|       pointer|
|m_axi_gmem_in_ARADDR     |  out|   64|       m_axi|       gmem_in|       pointer|
|m_axi_gmem_in_ARID       |  out|    1|       m_axi|       gmem_in|       pointer|
|m_axi_gmem_in_ARLEN      |  out|    8|       m_axi|       gmem_in|       pointer|
|m_axi_gmem_in_ARSIZE     |  out|    3|       m_axi|       gmem_in|       pointer|
|m_axi_gmem_in_ARBURST    |  out|    2|       m_axi|       gmem_in|       pointer|
|m_axi_gmem_in_ARLOCK     |  out|    2|       m_axi|       gmem_in|       pointer|
|m_axi_gmem_in_ARCACHE    |  out|    4|       m_axi|       gmem_in|       pointer|
|m_axi_gmem_in_ARPROT     |  out|    3|       m_axi|       gmem_in|       pointer|
|m_axi_gmem_in_ARQOS      |  out|    4|       m_axi|       gmem_in|       pointer|
|m_axi_gmem_in_ARREGION   |  out|    4|       m_axi|       gmem_in|       pointer|
|m_axi_gmem_in_ARUSER     |  out|    1|       m_axi|       gmem_in|       pointer|
|m_axi_gmem_in_RVALID     |   in|    1|       m_axi|       gmem_in|       pointer|
|m_axi_gmem_in_RREADY     |  out|    1|       m_axi|       gmem_in|       pointer|
|m_axi_gmem_in_RDATA      |   in|   32|       m_axi|       gmem_in|       pointer|
|m_axi_gmem_in_RLAST      |   in|    1|       m_axi|       gmem_in|       pointer|
|m_axi_gmem_in_RID        |   in|    1|       m_axi|       gmem_in|       pointer|
|m_axi_gmem_in_RUSER      |   in|    1|       m_axi|       gmem_in|       pointer|
|m_axi_gmem_in_RRESP      |   in|    2|       m_axi|       gmem_in|       pointer|
|m_axi_gmem_in_BVALID     |   in|    1|       m_axi|       gmem_in|       pointer|
|m_axi_gmem_in_BREADY     |  out|    1|       m_axi|       gmem_in|       pointer|
|m_axi_gmem_in_BRESP      |   in|    2|       m_axi|       gmem_in|       pointer|
|m_axi_gmem_in_BID        |   in|    1|       m_axi|       gmem_in|       pointer|
|m_axi_gmem_in_BUSER      |   in|    1|       m_axi|       gmem_in|       pointer|
|m_axi_gmem_out_AWVALID   |  out|    1|       m_axi|      gmem_out|       pointer|
|m_axi_gmem_out_AWREADY   |   in|    1|       m_axi|      gmem_out|       pointer|
|m_axi_gmem_out_AWADDR    |  out|   64|       m_axi|      gmem_out|       pointer|
|m_axi_gmem_out_AWID      |  out|    1|       m_axi|      gmem_out|       pointer|
|m_axi_gmem_out_AWLEN     |  out|    8|       m_axi|      gmem_out|       pointer|
|m_axi_gmem_out_AWSIZE    |  out|    3|       m_axi|      gmem_out|       pointer|
|m_axi_gmem_out_AWBURST   |  out|    2|       m_axi|      gmem_out|       pointer|
|m_axi_gmem_out_AWLOCK    |  out|    2|       m_axi|      gmem_out|       pointer|
|m_axi_gmem_out_AWCACHE   |  out|    4|       m_axi|      gmem_out|       pointer|
|m_axi_gmem_out_AWPROT    |  out|    3|       m_axi|      gmem_out|       pointer|
|m_axi_gmem_out_AWQOS     |  out|    4|       m_axi|      gmem_out|       pointer|
|m_axi_gmem_out_AWREGION  |  out|    4|       m_axi|      gmem_out|       pointer|
|m_axi_gmem_out_AWUSER    |  out|    1|       m_axi|      gmem_out|       pointer|
|m_axi_gmem_out_WVALID    |  out|    1|       m_axi|      gmem_out|       pointer|
|m_axi_gmem_out_WREADY    |   in|    1|       m_axi|      gmem_out|       pointer|
|m_axi_gmem_out_WDATA     |  out|   32|       m_axi|      gmem_out|       pointer|
|m_axi_gmem_out_WSTRB     |  out|    4|       m_axi|      gmem_out|       pointer|
|m_axi_gmem_out_WLAST     |  out|    1|       m_axi|      gmem_out|       pointer|
|m_axi_gmem_out_WID       |  out|    1|       m_axi|      gmem_out|       pointer|
|m_axi_gmem_out_WUSER     |  out|    1|       m_axi|      gmem_out|       pointer|
|m_axi_gmem_out_ARVALID   |  out|    1|       m_axi|      gmem_out|       pointer|
|m_axi_gmem_out_ARREADY   |   in|    1|       m_axi|      gmem_out|       pointer|
|m_axi_gmem_out_ARADDR    |  out|   64|       m_axi|      gmem_out|       pointer|
|m_axi_gmem_out_ARID      |  out|    1|       m_axi|      gmem_out|       pointer|
|m_axi_gmem_out_ARLEN     |  out|    8|       m_axi|      gmem_out|       pointer|
|m_axi_gmem_out_ARSIZE    |  out|    3|       m_axi|      gmem_out|       pointer|
|m_axi_gmem_out_ARBURST   |  out|    2|       m_axi|      gmem_out|       pointer|
|m_axi_gmem_out_ARLOCK    |  out|    2|       m_axi|      gmem_out|       pointer|
|m_axi_gmem_out_ARCACHE   |  out|    4|       m_axi|      gmem_out|       pointer|
|m_axi_gmem_out_ARPROT    |  out|    3|       m_axi|      gmem_out|       pointer|
|m_axi_gmem_out_ARQOS     |  out|    4|       m_axi|      gmem_out|       pointer|
|m_axi_gmem_out_ARREGION  |  out|    4|       m_axi|      gmem_out|       pointer|
|m_axi_gmem_out_ARUSER    |  out|    1|       m_axi|      gmem_out|       pointer|
|m_axi_gmem_out_RVALID    |   in|    1|       m_axi|      gmem_out|       pointer|
|m_axi_gmem_out_RREADY    |  out|    1|       m_axi|      gmem_out|       pointer|
|m_axi_gmem_out_RDATA     |   in|   32|       m_axi|      gmem_out|       pointer|
|m_axi_gmem_out_RLAST     |   in|    1|       m_axi|      gmem_out|       pointer|
|m_axi_gmem_out_RID       |   in|    1|       m_axi|      gmem_out|       pointer|
|m_axi_gmem_out_RUSER     |   in|    1|       m_axi|      gmem_out|       pointer|
|m_axi_gmem_out_RRESP     |   in|    2|       m_axi|      gmem_out|       pointer|
|m_axi_gmem_out_BVALID    |   in|    1|       m_axi|      gmem_out|       pointer|
|m_axi_gmem_out_BREADY    |  out|    1|       m_axi|      gmem_out|       pointer|
|m_axi_gmem_out_BRESP     |   in|    2|       m_axi|      gmem_out|       pointer|
|m_axi_gmem_out_BID       |   in|    1|       m_axi|      gmem_out|       pointer|
|m_axi_gmem_out_BUSER     |   in|    1|       m_axi|      gmem_out|       pointer|
+-------------------------+-----+-----+------------+--------------+--------------+

