

================================================================
== Vitis HLS Report for 'lane_seg_top'
================================================================
* Date:           Mon Sep  8 23:46:20 2025

* Version:        2023.1 (Build 3854077 on May  4 2023)
* Project:        lane_seg_hls
* Solution:       lane_seg (Vivado IP Flow Target)
* Product family: zynquplus
* Target device:  xczu7ev-ffvc1156-2-e


================================================================
== Performance Estimates
================================================================
+ Timing: 
    * Summary: 
    +--------+----------+-----------+------------+
    |  Clock |  Target  | Estimated | Uncertainty|
    +--------+----------+-----------+------------+
    |ap_clk  |  15.00 ns|  10.950 ns|     4.05 ns|
    +--------+----------+-----------+------------+

+ Latency: 
    * Summary: 
    +---------+---------+----------+----------+--------+--------+---------+
    |  Latency (cycles) |  Latency (absolute) |     Interval    | Pipeline|
    |   min   |   max   |    min   |    max   |   min  |   max  |   Type  |
    +---------+---------+----------+----------+--------+--------+---------+
    |   551974|   551974|  8.280 ms|  8.280 ms|  551975|  551975|       no|
    +---------+---------+----------+----------+--------+--------+---------+

    + Detail: 
        * Instance: 
        +------------------------+-------------+---------+---------+----------+----------+--------+--------+---------+
        |                        |             |  Latency (cycles) |  Latency (absolute) |     Interval    | Pipeline|
        |        Instance        |    Module   |   min   |   max   |    min   |    max   |   min  |   max  |   Type  |
        +------------------------+-------------+---------+---------+----------+----------+--------+--------+---------+
        |grp_encoder0_c1_fu_116  |encoder0_c1  |   551972|   551972|  8.280 ms|  8.280 ms|  551972|  551972|       no|
        +------------------------+-------------+---------+---------+----------+----------+--------+--------+---------+

        * Loop: 
        N/A



================================================================
== Utilization Estimates
================================================================
* Summary: 
+-----------------+---------+------+--------+--------+-----+
|       Name      | BRAM_18K|  DSP |   FF   |   LUT  | URAM|
+-----------------+---------+------+--------+--------+-----+
|DSP              |        -|     -|       -|       -|    -|
|Expression       |        -|     -|       0|      32|    -|
|FIFO             |        -|     -|       -|       -|    -|
|Instance         |      148|   641|   15360|   38652|    0|
|Memory           |        -|     -|       -|       -|    -|
|Multiplexer      |        -|     -|       -|      79|    -|
|Register         |        -|     -|     132|       -|    -|
+-----------------+---------+------+--------+--------+-----+
|Total            |      148|   641|   15492|   38763|    0|
+-----------------+---------+------+--------+--------+-----+
|Available        |      624|  1728|  460800|  230400|   96|
+-----------------+---------+------+--------+--------+-----+
|Utilization (%)  |       23|    37|       3|      16|    0|
+-----------------+---------+------+--------+--------+-----+

+ Detail: 
    * Instance: 
    +------------------------+----------------+---------+-----+-------+-------+-----+
    |        Instance        |     Module     | BRAM_18K| DSP |   FF  |  LUT  | URAM|
    +------------------------+----------------+---------+-----+-------+-------+-----+
    |control_s_axi_U         |control_s_axi   |        0|    0|    328|    552|    0|
    |grp_encoder0_c1_fu_116  |encoder0_c1     |      144|  641|  13322|  36518|    0|
    |gmem_in_m_axi_U         |gmem_in_m_axi   |        2|    0|    855|    791|    0|
    |gmem_out_m_axi_U        |gmem_out_m_axi  |        2|    0|    855|    791|    0|
    +------------------------+----------------+---------+-----+-------+-------+-----+
    |Total                   |                |      148|  641|  15360|  38652|    0|
    +------------------------+----------------+---------+-----+-------+-------+-----+

    * DSP: 
    N/A

    * Memory: 
    N/A

    * FIFO: 
    N/A

    * Expression: 
    +-------------------+----------+----+---+----+------------+------------+
    |   Variable Name   | Operation| DSP| FF| LUT| Bitwidth P0| Bitwidth P1|
    +-------------------+----------+----+---+----+------------+------------+
    |or_ln55_fu_134_p2  |        or|   0|  0|  32|          32|           1|
    +-------------------+----------+----+---+----+------------+------------+
    |Total              |          |   0|  0|  32|          32|           1|
    +-------------------+----------+----+---+----+------------+------------+

    * Multiplexer: 
    +------------------+----+-----------+-----+-----------+
    |       Name       | LUT| Input Size| Bits| Total Bits|
    +------------------+----+-----------+-----+-----------+
    |ap_NS_fsm         |  20|          4|    1|          4|
    |gmem_in_ARVALID   |   9|          2|    1|          2|
    |gmem_in_RREADY    |   9|          2|    1|          2|
    |gmem_out_AWVALID  |   9|          2|    1|          2|
    |gmem_out_BREADY   |   9|          2|    1|          2|
    |gmem_out_WVALID   |   9|          2|    1|          2|
    |status_o          |  14|          3|   32|         96|
    +------------------+----+-----------+-----+-----------+
    |Total             |  79|         17|   38|        110|
    +------------------+----+-----------+-----+-----------+

    * Register: 
    +-------------------------------------+----+----+-----+-----------+
    |                 Name                | FF | LUT| Bits| Const Bits|
    +-------------------------------------+----+----+-----+-----------+
    |ap_CS_fsm                            |   3|   0|    3|          0|
    |grp_encoder0_c1_fu_116_ap_start_reg  |   1|   0|    1|          0|
    |image_r_read_reg_146                 |  64|   0|   64|          0|
    |out0_read_reg_141                    |  64|   0|   64|          0|
    +-------------------------------------+----+----+-----+-----------+
    |Total                                | 132|   0|  132|          0|
    +-------------------------------------+----+----+-----+-----------+



================================================================
== Interface
================================================================
* Summary: 
+-------------------------+-----+-----+------------+--------------+--------------+
|        RTL Ports        | Dir | Bits|  Protocol  | Source Object|    C Type    |
+-------------------------+-----+-----+------------+--------------+--------------+
|s_axi_control_AWVALID    |   in|    1|       s_axi|       control|       pointer|
|s_axi_control_AWREADY    |  out|    1|       s_axi|       control|       pointer|
|s_axi_control_AWADDR     |   in|    7|       s_axi|       control|       pointer|
|s_axi_control_WVALID     |   in|    1|       s_axi|       control|       pointer|
|s_axi_control_WREADY     |  out|    1|       s_axi|       control|       pointer|
|s_axi_control_WDATA      |   in|   32|       s_axi|       control|       pointer|
|s_axi_control_WSTRB      |   in|    4|       s_axi|       control|       pointer|
|s_axi_control_ARVALID    |   in|    1|       s_axi|       control|       pointer|
|s_axi_control_ARREADY    |  out|    1|       s_axi|       control|       pointer|
|s_axi_control_ARADDR     |   in|    7|       s_axi|       control|       pointer|
|s_axi_control_RVALID     |  out|    1|       s_axi|       control|       pointer|
|s_axi_control_RREADY     |   in|    1|       s_axi|       control|       pointer|
|s_axi_control_RDATA      |  out|   32|       s_axi|       control|       pointer|
|s_axi_control_RRESP      |  out|    2|       s_axi|       control|       pointer|
|s_axi_control_BVALID     |  out|    1|       s_axi|       control|       pointer|
|s_axi_control_BREADY     |   in|    1|       s_axi|       control|       pointer|
|s_axi_control_BRESP      |  out|    2|       s_axi|       control|       pointer|
|ap_clk                   |   in|    1|  ap_ctrl_hs|  lane_seg_top|  return value|
|ap_rst_n                 |   in|    1|  ap_ctrl_hs|  lane_seg_top|  return value|
|interrupt                |  out|    1|  ap_ctrl_hs|  lane_seg_top|  return value|
|m_axi_gmem_in_AWVALID    |  out|    1|       m_axi|       gmem_in|       pointer|
|m_axi_gmem_in_AWREADY    |   in|    1|       m_axi|       gmem_in|       pointer|
|m_axi_gmem_in_AWADDR     |  out|   64|       m_axi|       gmem_in|       pointer|
|m_axi_gmem_in_AWID       |  out|    1|       m_axi|       gmem_in|       pointer|
|m_axi_gmem_in_AWLEN      |  out|    8|       m_axi|       gmem_in|       pointer|
|m_axi_gmem_in_AWSIZE     |  out|    3|       m_axi|       gmem_in|       pointer|
|m_axi_gmem_in_AWBURST    |  out|    2|       m_axi|       gmem_in|       pointer|
|m_axi_gmem_in_AWLOCK     |  out|    2|       m_axi|       gmem_in|       pointer|
|m_axi_gmem_in_AWCACHE    |  out|    4|       m_axi|       gmem_in|       pointer|
|m_axi_gmem_in_AWPROT     |  out|    3|       m_axi|       gmem_in|       pointer|
|m_axi_gmem_in_AWQOS      |  out|    4|       m_axi|       gmem_in|       pointer|
|m_axi_gmem_in_AWREGION   |  out|    4|       m_axi|       gmem_in|       pointer|
|m_axi_gmem_in_AWUSER     |  out|    1|       m_axi|       gmem_in|       pointer|
|m_axi_gmem_in_WVALID     |  out|    1|       m_axi|       gmem_in|       pointer|
|m_axi_gmem_in_WREADY     |   in|    1|       m_axi|       gmem_in|       pointer|
|m_axi_gmem_in_WDATA      |  out|   32|       m_axi|       gmem_in|       pointer|
|m_axi_gmem_in_WSTRB      |  out|    4|       m_axi|       gmem_in|       pointer|
|m_axi_gmem_in_WLAST      |  out|    1|       m_axi|       gmem_in|       pointer|
|m_axi_gmem_in_WID        |  out|    1|       m_axi|       gmem_in|       pointer|
|m_axi_gmem_in_WUSER      |  out|    1|       m_axi|       gmem_in|       pointer|
|m_axi_gmem_in_ARVALID    |  out|    1|       m_axi|       gmem_in|       pointer|
|m_axi_gmem_in_ARREADY    |   in|    1|       m_axi|       gmem_in|       pointer|
|m_axi_gmem_in_ARADDR     |  out|   64|       m_axi|       gmem_in|       pointer|
|m_axi_gmem_in_ARID       |  out|    1|       m_axi|       gmem_in|       pointer|
|m_axi_gmem_in_ARLEN      |  out|    8|       m_axi|       gmem_in|       pointer|
|m_axi_gmem_in_ARSIZE     |  out|    3|       m_axi|       gmem_in|       pointer|
|m_axi_gmem_in_ARBURST    |  out|    2|       m_axi|       gmem_in|       pointer|
|m_axi_gmem_in_ARLOCK     |  out|    2|       m_axi|       gmem_in|       pointer|
|m_axi_gmem_in_ARCACHE    |  out|    4|       m_axi|       gmem_in|       pointer|
|m_axi_gmem_in_ARPROT     |  out|    3|       m_axi|       gmem_in|       pointer|
|m_axi_gmem_in_ARQOS      |  out|    4|       m_axi|       gmem_in|       pointer|
|m_axi_gmem_in_ARREGION   |  out|    4|       m_axi|       gmem_in|       pointer|
|m_axi_gmem_in_ARUSER     |  out|    1|       m_axi|       gmem_in|       pointer|
|m_axi_gmem_in_RVALID     |   in|    1|       m_axi|       gmem_in|       pointer|
|m_axi_gmem_in_RREADY     |  out|    1|       m_axi|       gmem_in|       pointer|
|m_axi_gmem_in_RDATA      |   in|   32|       m_axi|       gmem_in|       pointer|
|m_axi_gmem_in_RLAST      |   in|    1|       m_axi|       gmem_in|       pointer|
|m_axi_gmem_in_RID        |   in|    1|       m_axi|       gmem_in|       pointer|
|m_axi_gmem_in_RUSER      |   in|    1|       m_axi|       gmem_in|       pointer|
|m_axi_gmem_in_RRESP      |   in|    2|       m_axi|       gmem_in|       pointer|
|m_axi_gmem_in_BVALID     |   in|    1|       m_axi|       gmem_in|       pointer|
|m_axi_gmem_in_BREADY     |  out|    1|       m_axi|       gmem_in|       pointer|
|m_axi_gmem_in_BRESP      |   in|    2|       m_axi|       gmem_in|       pointer|
|m_axi_gmem_in_BID        |   in|    1|       m_axi|       gmem_in|       pointer|
|m_axi_gmem_in_BUSER      |   in|    1|       m_axi|       gmem_in|       pointer|
|m_axi_gmem_out_AWVALID   |  out|    1|       m_axi|      gmem_out|       pointer|
|m_axi_gmem_out_AWREADY   |   in|    1|       m_axi|      gmem_out|       pointer|
|m_axi_gmem_out_AWADDR    |  out|   64|       m_axi|      gmem_out|       pointer|
|m_axi_gmem_out_AWID      |  out|    1|       m_axi|      gmem_out|       pointer|
|m_axi_gmem_out_AWLEN     |  out|    8|       m_axi|      gmem_out|       pointer|
|m_axi_gmem_out_AWSIZE    |  out|    3|       m_axi|      gmem_out|       pointer|
|m_axi_gmem_out_AWBURST   |  out|    2|       m_axi|      gmem_out|       pointer|
|m_axi_gmem_out_AWLOCK    |  out|    2|       m_axi|      gmem_out|       pointer|
|m_axi_gmem_out_AWCACHE   |  out|    4|       m_axi|      gmem_out|       pointer|
|m_axi_gmem_out_AWPROT    |  out|    3|       m_axi|      gmem_out|       pointer|
|m_axi_gmem_out_AWQOS     |  out|    4|       m_axi|      gmem_out|       pointer|
|m_axi_gmem_out_AWREGION  |  out|    4|       m_axi|      gmem_out|       pointer|
|m_axi_gmem_out_AWUSER    |  out|    1|       m_axi|      gmem_out|       pointer|
|m_axi_gmem_out_WVALID    |  out|    1|       m_axi|      gmem_out|       pointer|
|m_axi_gmem_out_WREADY    |   in|    1|       m_axi|      gmem_out|       pointer|
|m_axi_gmem_out_WDATA     |  out|   32|       m_axi|      gmem_out|       pointer|
|m_axi_gmem_out_WSTRB     |  out|    4|       m_axi|      gmem_out|       pointer|
|m_axi_gmem_out_WLAST     |  out|    1|       m_axi|      gmem_out|       pointer|
|m_axi_gmem_out_WID       |  out|    1|       m_axi|      gmem_out|       pointer|
|m_axi_gmem_out_WUSER     |  out|    1|       m_axi|      gmem_out|       pointer|
|m_axi_gmem_out_ARVALID   |  out|    1|       m_axi|      gmem_out|       pointer|
|m_axi_gmem_out_ARREADY   |   in|    1|       m_axi|      gmem_out|       pointer|
|m_axi_gmem_out_ARADDR    |  out|   64|       m_axi|      gmem_out|       pointer|
|m_axi_gmem_out_ARID      |  out|    1|       m_axi|      gmem_out|       pointer|
|m_axi_gmem_out_ARLEN     |  out|    8|       m_axi|      gmem_out|       pointer|
|m_axi_gmem_out_ARSIZE    |  out|    3|       m_axi|      gmem_out|       pointer|
|m_axi_gmem_out_ARBURST   |  out|    2|       m_axi|      gmem_out|       pointer|
|m_axi_gmem_out_ARLOCK    |  out|    2|       m_axi|      gmem_out|       pointer|
|m_axi_gmem_out_ARCACHE   |  out|    4|       m_axi|      gmem_out|       pointer|
|m_axi_gmem_out_ARPROT    |  out|    3|       m_axi|      gmem_out|       pointer|
|m_axi_gmem_out_ARQOS     |  out|    4|       m_axi|      gmem_out|       pointer|
|m_axi_gmem_out_ARREGION  |  out|    4|       m_axi|      gmem_out|       pointer|
|m_axi_gmem_out_ARUSER    |  out|    1|       m_axi|      gmem_out|       pointer|
|m_axi_gmem_out_RVALID    |   in|    1|       m_axi|      gmem_out|       pointer|
|m_axi_gmem_out_RREADY    |  out|    1|       m_axi|      gmem_out|       pointer|
|m_axi_gmem_out_RDATA     |   in|   32|       m_axi|      gmem_out|       pointer|
|m_axi_gmem_out_RLAST     |   in|    1|       m_axi|      gmem_out|       pointer|
|m_axi_gmem_out_RID       |   in|    1|       m_axi|      gmem_out|       pointer|
|m_axi_gmem_out_RUSER     |   in|    1|       m_axi|      gmem_out|       pointer|
|m_axi_gmem_out_RRESP     |   in|    2|       m_axi|      gmem_out|       pointer|
|m_axi_gmem_out_BVALID    |   in|    1|       m_axi|      gmem_out|       pointer|
|m_axi_gmem_out_BREADY    |  out|    1|       m_axi|      gmem_out|       pointer|
|m_axi_gmem_out_BRESP     |   in|    2|       m_axi|      gmem_out|       pointer|
|m_axi_gmem_out_BID       |   in|    1|       m_axi|      gmem_out|       pointer|
|m_axi_gmem_out_BUSER     |   in|    1|       m_axi|      gmem_out|       pointer|
+-------------------------+-----+-----+------------+--------------+--------------+

============================================================
+ Verbose Summary: Synthesis Manager
============================================================
InlineROM: 1
ExposeGlobal: 0
============================================================
+ Verbose Summary: CDFG Model
============================================================
IsTopModel: 1
ResetActiveHigh: 1
IsCombinational: 2
IsDatapathOnly: 2
HasWiredReturn: 1
HasMFsm: 0
HasVarLatency: 1
IsPipeline: 0
IsRtlPipelined: 0
IsInstanceOverlapped: 0
IsDontTouch: 0
HasImplIP: 0
IsGatedGlobalClock: 0


============================================================
+ Verbose Summary: Schedule
============================================================
* Number of FSM states : 3
* Pipeline : 0
* Dataflow Pipeline: 0

* FSM state transitions: 
1 --> 2 
2 --> 3 
3 --> 

* FSM state operations: 

State 1 <SV = 0> <Delay = 2.00>
ST_1 : Operation 4 [1/1] (1.00ns)   --->   "%ctrl_read = read i32 @_ssdm_op_Read.s_axilite.i32, i32 %ctrl" [lane_seg_hls/lane_seg_top.cpp:22]   --->   Operation 4 'read' 'ctrl_read' <Predicate = true> <Delay = 1.00> <CoreInst = "s_axilite">   --->   Core 122 's_axilite' <Latency = 0> <II = 1> <Delay = 1.00> <Adapter> <Opcode : 'read' 'write'>
ST_1 : Operation 5 [1/1] (1.00ns)   --->   "%out0_read = read i64 @_ssdm_op_Read.s_axilite.i64, i64 %out0" [lane_seg_hls/lane_seg_top.cpp:22]   --->   Operation 5 'read' 'out0_read' <Predicate = true> <Delay = 1.00> <CoreInst = "s_axilite">   --->   Core 122 's_axilite' <Latency = 0> <II = 1> <Delay = 1.00> <Adapter> <Opcode : 'read' 'write'>
ST_1 : Operation 6 [1/1] (1.00ns)   --->   "%image_r_read = read i64 @_ssdm_op_Read.s_axilite.i64, i64 %image_r" [lane_seg_hls/lane_seg_top.cpp:22]   --->   Operation 6 'read' 'image_r_read' <Predicate = true> <Delay = 1.00> <CoreInst = "s_axilite">   --->   Core 122 's_axilite' <Latency = 0> <II = 1> <Delay = 1.00> <Adapter> <Opcode : 'read' 'write'>
ST_1 : Operation 7 [1/1] (0.00ns)   --->   "%spectopmodule_ln22 = spectopmodule void @_ssdm_op_SpecTopModule, void @empty_13" [lane_seg_hls/lane_seg_top.cpp:22]   --->   Operation 7 'spectopmodule' 'spectopmodule_ln22' <Predicate = true> <Delay = 0.00>
ST_1 : Operation 8 [1/1] (0.00ns)   --->   "%specinterface_ln0 = specinterface void @_ssdm_op_SpecInterface, i16 %gmem_in, void @empty, i32 0, i32 0, void @empty_0, i32 0, i32 150528, void @empty_1, void @empty_2, void @empty_0, i32 16, i32 16, i32 16, i32 16, void @empty_0, void @empty_0, i32 4294967295, i32 0"   --->   Operation 8 'specinterface' 'specinterface_ln0' <Predicate = true> <Delay = 0.00>
ST_1 : Operation 9 [1/1] (0.00ns)   --->   "%specbitsmap_ln0 = specbitsmap void @_ssdm_op_SpecBitsMap, i16 %gmem_in"   --->   Operation 9 'specbitsmap' 'specbitsmap_ln0' <Predicate = true> <Delay = 0.00>
ST_1 : Operation 10 [1/1] (0.00ns)   --->   "%specinterface_ln0 = specinterface void @_ssdm_op_SpecInterface, i16 %gmem_out, void @empty, i32 0, i32 0, void @empty_0, i32 0, i32 401408, void @empty_3, void @empty_2, void @empty_0, i32 16, i32 16, i32 16, i32 16, void @empty_0, void @empty_0, i32 4294967295, i32 0"   --->   Operation 10 'specinterface' 'specinterface_ln0' <Predicate = true> <Delay = 0.00>
ST_1 : Operation 11 [1/1] (0.00ns)   --->   "%specbitsmap_ln0 = specbitsmap void @_ssdm_op_SpecBitsMap, i16 %gmem_out"   --->   Operation 11 'specbitsmap' 'specbitsmap_ln0' <Predicate = true> <Delay = 0.00>
ST_1 : Operation 12 [1/1] (0.00ns)   --->   "%specinterface_ln0 = specinterface void @_ssdm_op_SpecInterface, i64 %image_r, void @empty_4, i32 0, i32 0, void @empty_0, i32 0, i32 0, void @empty_5, void @empty_6, void @empty_0, i32 0, i32 0, i32 0, i32 0, void @empty_0, void @empty_7, i32 4294967295, i32 0"   --->   Operation 12 'specinterface' 'specinterface_ln0' <Predicate = true> <Delay = 0.00>
ST_1 : Operation 13 [1/1] (0.00ns)   --->   "%specinterface_ln0 = specinterface void @_ssdm_op_SpecInterface, i64 %image_r, void @empty_8, i32 0, i32 0, void @empty_0, i32 0, i32 0, void @empty_0, void @empty_0, void @empty_0, i32 0, i32 0, i32 0, i32 0, void @empty_0, void @empty_7, i32 4294967295, i32 0"   --->   Operation 13 'specinterface' 'specinterface_ln0' <Predicate = true> <Delay = 0.00>
ST_1 : Operation 14 [1/1] (0.00ns)   --->   "%specinterface_ln0 = specinterface void @_ssdm_op_SpecInterface, i64 %out0, void @empty_4, i32 0, i32 0, void @empty_0, i32 0, i32 0, void @empty_5, void @empty_9, void @empty_0, i32 0, i32 0, i32 0, i32 0, void @empty_0, void @empty_7, i32 4294967295, i32 0"   --->   Operation 14 'specinterface' 'specinterface_ln0' <Predicate = true> <Delay = 0.00>
ST_1 : Operation 15 [1/1] (0.00ns)   --->   "%specinterface_ln0 = specinterface void @_ssdm_op_SpecInterface, i64 %out0, void @empty_8, i32 0, i32 0, void @empty_0, i32 0, i32 0, void @empty_0, void @empty_0, void @empty_0, i32 0, i32 0, i32 0, i32 0, void @empty_0, void @empty_7, i32 4294967295, i32 0"   --->   Operation 15 'specinterface' 'specinterface_ln0' <Predicate = true> <Delay = 0.00>
ST_1 : Operation 16 [1/1] (0.00ns)   --->   "%specbitsmap_ln0 = specbitsmap void @_ssdm_op_SpecBitsMap, i32 %ctrl"   --->   Operation 16 'specbitsmap' 'specbitsmap_ln0' <Predicate = true> <Delay = 0.00>
ST_1 : Operation 17 [1/1] (0.00ns)   --->   "%specinterface_ln0 = specinterface void @_ssdm_op_SpecInterface, i32 %ctrl, void @empty_4, i32 0, i32 0, void @empty_0, i32 0, i32 0, void @empty_5, void @empty_10, void @empty_0, i32 0, i32 0, i32 0, i32 0, void @empty_0, void @empty_0, i32 4294967295, i32 0"   --->   Operation 17 'specinterface' 'specinterface_ln0' <Predicate = true> <Delay = 0.00>
ST_1 : Operation 18 [1/1] (0.00ns)   --->   "%specinterface_ln0 = specinterface void @_ssdm_op_SpecInterface, i32 %ctrl, void @empty_8, i32 0, i32 0, void @empty_0, i32 0, i32 0, void @empty_0, void @empty_0, void @empty_0, i32 0, i32 0, i32 0, i32 0, void @empty_0, void @empty_0, i32 4294967295, i32 0"   --->   Operation 18 'specinterface' 'specinterface_ln0' <Predicate = true> <Delay = 0.00>
ST_1 : Operation 19 [1/1] (0.00ns)   --->   "%specbitsmap_ln0 = specbitsmap void @_ssdm_op_SpecBitsMap, i32 %status"   --->   Operation 19 'specbitsmap' 'specbitsmap_ln0' <Predicate = true> <Delay = 0.00>
ST_1 : Operation 20 [1/1] (0.00ns)   --->   "%specinterface_ln0 = specinterface void @_ssdm_op_SpecInterface, i32 %status, void @empty_4, i32 0, i32 0, void @empty_0, i32 0, i32 0, void @empty_5, void @empty_11, void @empty_0, i32 0, i32 0, i32 0, i32 0, void @empty_0, void @empty_0, i32 4294967295, i32 0"   --->   Operation 20 'specinterface' 'specinterface_ln0' <Predicate = true> <Delay = 0.00>
ST_1 : Operation 21 [1/1] (0.00ns)   --->   "%specinterface_ln0 = specinterface void @_ssdm_op_SpecInterface, i32 %status, void @empty_8, i32 0, i32 0, void @empty_0, i32 0, i32 0, void @empty_0, void @empty_0, void @empty_0, i32 0, i32 0, i32 0, i32 0, void @empty_0, void @empty_0, i32 4294967295, i32 0"   --->   Operation 21 'specinterface' 'specinterface_ln0' <Predicate = true> <Delay = 0.00>
ST_1 : Operation 22 [1/1] (0.00ns)   --->   "%specbitsmap_ln0 = specbitsmap void @_ssdm_op_SpecBitsMap, i32 %magic"   --->   Operation 22 'specbitsmap' 'specbitsmap_ln0' <Predicate = true> <Delay = 0.00>
ST_1 : Operation 23 [1/1] (0.00ns)   --->   "%specinterface_ln0 = specinterface void @_ssdm_op_SpecInterface, i32 %magic, void @empty_4, i32 0, i32 0, void @empty_0, i32 0, i32 0, void @empty_5, void @empty_12, void @empty_0, i32 0, i32 0, i32 0, i32 0, void @empty_0, void @empty_0, i32 4294967295, i32 0"   --->   Operation 23 'specinterface' 'specinterface_ln0' <Predicate = true> <Delay = 0.00>
ST_1 : Operation 24 [1/1] (0.00ns)   --->   "%specinterface_ln0 = specinterface void @_ssdm_op_SpecInterface, i32 %magic, void @empty_8, i32 0, i32 0, void @empty_0, i32 0, i32 0, void @empty_0, void @empty_0, void @empty_0, i32 0, i32 0, i32 0, i32 0, void @empty_0, void @empty_0, i32 4294967295, i32 0"   --->   Operation 24 'specinterface' 'specinterface_ln0' <Predicate = true> <Delay = 0.00>
ST_1 : Operation 25 [1/1] (0.00ns)   --->   "%specinterface_ln0 = specinterface void @_ssdm_op_SpecInterface, i32 0, void @empty_4, i32 0, i32 0, void @empty_0, i32 0, i32 0, void @empty_5, void @empty_0, void @empty_0, i32 0, i32 0, i32 0, i32 0, void @empty_0, void @empty_0, i32 4294967295, i32 0"   --->   Operation 25 'specinterface' 'specinterface_ln0' <Predicate = true> <Delay = 0.00>
ST_1 : Operation 26 [1/1] (1.00ns)   --->   "%write_ln46 = write void @_ssdm_op_Write.s_axilite.i32P0A, i32 %magic, i32 514785282" [lane_seg_hls/lane_seg_top.cpp:46]   --->   Operation 26 'write' 'write_ln46' <Predicate = true> <Delay = 1.00> <CoreInst = "s_axilite">   --->   Core 122 's_axilite' <Latency = 0> <II = 1> <Delay = 1.00> <Adapter> <Opcode : 'read' 'write'>
ST_1 : Operation 27 [1/1] (0.00ns)   --->   "%tmp = bitselect i1 @_ssdm_op_BitSelect.i1.i32.i32, i32 %ctrl_read, i32 1" [lane_seg_hls/lane_seg_top.cpp:48]   --->   Operation 27 'bitselect' 'tmp' <Predicate = true> <Delay = 0.00>
ST_1 : Operation 28 [1/1] (0.00ns)   --->   "%br_ln48 = br i1 %tmp, void %if.end, void %if.then" [lane_seg_hls/lane_seg_top.cpp:48]   --->   Operation 28 'br' 'br_ln48' <Predicate = true> <Delay = 0.00>
ST_1 : Operation 29 [1/1] (1.00ns)   --->   "%write_ln49 = write void @_ssdm_op_Write.s_axilite.i32P0A, i32 %status, i32 0" [lane_seg_hls/lane_seg_top.cpp:49]   --->   Operation 29 'write' 'write_ln49' <Predicate = (tmp)> <Delay = 1.00> <CoreInst = "s_axilite">   --->   Core 122 's_axilite' <Latency = 0> <II = 1> <Delay = 1.00> <Adapter> <Opcode : 'read' 'write'>
ST_1 : Operation 30 [1/1] (0.00ns)   --->   "%br_ln49 = br void %if.end" [lane_seg_hls/lane_seg_top.cpp:49]   --->   Operation 30 'br' 'br_ln49' <Predicate = (tmp)> <Delay = 0.00>

State 2 <SV = 1> <Delay = 10.9>
ST_2 : Operation 31 [2/2] (10.9ns)   --->   "%call_ln52 = call void @encoder0_c1, i16 %gmem_in, i64 %image_r_read, i16 %gmem_out, i64 %out0_read" [lane_seg_hls/lane_seg_top.cpp:52]   --->   Operation 31 'call' 'call_ln52' <Predicate = true> <Delay = 10.9> <CoreType = "Generic">   --->   Core 0 '' <Latency = 0> <II = 1> <Delay = 1.00> <Generic> <Opcode : >
ST_2 : Operation 32 [1/1] (1.00ns)   --->   "%status_read = read i32 @_ssdm_op_Read.s_axilite.i32P0A, i32 %status" [lane_seg_hls/lane_seg_top.cpp:55]   --->   Operation 32 'read' 'status_read' <Predicate = true> <Delay = 1.00> <CoreInst = "s_axilite">   --->   Core 122 's_axilite' <Latency = 0> <II = 1> <Delay = 1.00> <Adapter> <Opcode : 'read' 'write'>
ST_2 : Operation 33 [1/1] (0.00ns)   --->   "%or_ln55 = or i32 %status_read, i32 1" [lane_seg_hls/lane_seg_top.cpp:55]   --->   Operation 33 'or' 'or_ln55' <Predicate = true> <Delay = 0.00>
ST_2 : Operation 34 [1/1] (1.00ns)   --->   "%write_ln55 = write void @_ssdm_op_Write.s_axilite.i32P0A, i32 %status, i32 %or_ln55" [lane_seg_hls/lane_seg_top.cpp:55]   --->   Operation 34 'write' 'write_ln55' <Predicate = true> <Delay = 1.00> <CoreInst = "s_axilite">   --->   Core 122 's_axilite' <Latency = 0> <II = 1> <Delay = 1.00> <Adapter> <Opcode : 'read' 'write'>

State 3 <SV = 2> <Delay = 0.00>
ST_3 : Operation 35 [1/2] (0.00ns)   --->   "%call_ln52 = call void @encoder0_c1, i16 %gmem_in, i64 %image_r_read, i16 %gmem_out, i64 %out0_read" [lane_seg_hls/lane_seg_top.cpp:52]   --->   Operation 35 'call' 'call_ln52' <Predicate = true> <Delay = 0.00> <CoreType = "Generic">   --->   Core 0 '' <Latency = 0> <II = 1> <Delay = 1.00> <Generic> <Opcode : >
ST_3 : Operation 36 [1/1] (0.00ns)   --->   "%ret_ln56 = ret" [lane_seg_hls/lane_seg_top.cpp:56]   --->   Operation 36 'ret' 'ret_ln56' <Predicate = true> <Delay = 0.00>


============================================================
+ Verbose Summary: Binding
============================================================
STG Binding: 
---------------- STG Properties BEGIN ----------------
- Is combinational: 0
- Is one-state seq: 0
- Is datapath-only: 0
- Is pipelined: 0
- Is top level: 1
Port [ Return ] is wired: 1; IO mode=ap_ctrl_hs:ce=0
Port [ gmem_in]:  wired=1; compound=1; hidden=0; nouse=0; global=0; static=0; extern=0; dir=0; type=4; pingpong=0; private_global=0; IO mode=m_axi:ce=0
Port [ gmem_out]:  wired=1; compound=1; hidden=0; nouse=0; global=0; static=0; extern=0; dir=1; type=4; pingpong=0; private_global=0; IO mode=m_axi:ce=0
Port [ image_r]:  wired=1; compound=0; hidden=0; nouse=0; global=0; static=0; extern=0; dir=0; type=0; pingpong=0; private_global=0; IO mode=ap_none:ce=0
Port [ out0]:  wired=1; compound=0; hidden=0; nouse=0; global=0; static=0; extern=0; dir=0; type=0; pingpong=0; private_global=0; IO mode=ap_none:ce=0
Port [ ctrl]:  wired=1; compound=0; hidden=0; nouse=0; global=0; static=0; extern=0; dir=0; type=0; pingpong=0; private_global=0; IO mode=ap_none:ce=0
Port [ status]:  wired=1; compound=0; hidden=0; nouse=0; global=0; static=0; extern=0; dir=2; type=0; pingpong=0; private_global=0; IO mode=ap_ovld:ce=0
Port [ magic]:  wired=1; compound=0; hidden=0; nouse=0; global=0; static=0; extern=0; dir=1; type=0; pingpong=0; private_global=0; IO mode=ap_vld:ce=0
---------------- STG Properties END ------------------

---------------- Datapath Model BEGIN ----------------

<LifeTime>
<method=bitvector/>
ctrl_read          (read         ) [ 0000]
out0_read          (read         ) [ 0011]
image_r_read       (read         ) [ 0011]
spectopmodule_ln22 (spectopmodule) [ 0000]
specinterface_ln0  (specinterface) [ 0000]
specbitsmap_ln0    (specbitsmap  ) [ 0000]
specinterface_ln0  (specinterface) [ 0000]
specbitsmap_ln0    (specbitsmap  ) [ 0000]
specinterface_ln0  (specinterface) [ 0000]
specinterface_ln0  (specinterface) [ 0000]
specinterface_ln0  (specinterface) [ 0000]
specinterface_ln0  (specinterface) [ 0000]
specbitsmap_ln0    (specbitsmap  ) [ 0000]
specinterface_ln0  (specinterface) [ 0000]
specinterface_ln0  (specinterface) [ 0000]
specbitsmap_ln0    (specbitsmap  ) [ 0000]
specinterface_ln0  (specinterface) [ 0000]
specinterface_ln0  (specinterface) [ 0000]
specbitsmap_ln0    (specbitsmap  ) [ 0000]
specinterface_ln0  (specinterface) [ 0000]
specinterface_ln0  (specinterface) [ 0000]
specinterface_ln0  (specinterface) [ 0000]
write_ln46         (write        ) [ 0000]
tmp                (bitselect    ) [ 0100]
br_ln48            (br           ) [ 0000]
write_ln49         (write        ) [ 0000]
br_ln49            (br           ) [ 0000]
status_read        (read         ) [ 0000]
or_ln55            (or           ) [ 0000]
write_ln55         (write        ) [ 0000]
call_ln52          (call         ) [ 0000]
ret_ln56           (ret          ) [ 0000]
</LifeTime>

<model>

<comp_list>
<comp id="0" class="1000" name="gmem_in">
<pin_list>
<pin id="1" dir="1" index="0" bw="1" slack="0"/>
</pin_list>
<bind>
<StgValue><ssdm name="gmem_in"/></StgValue>
</bind>
</comp>

<comp id="2" class="1000" name="gmem_out">
<pin_list>
<pin id="3" dir="1" index="0" bw="1" slack="0"/>
</pin_list>
<bind>
<StgValue><ssdm name="gmem_out"/></StgValue>
</bind>
</comp>

<comp id="4" class="1000" name="image_r">
<pin_list>
<pin id="5" dir="1" index="0" bw="1" slack="0"/>
</pin_list>
<bind>
<StgValue><ssdm name="image_r"/></StgValue>
</bind>
</comp>

<comp id="6" class="1000" name="out0">
<pin_list>
<pin id="7" dir="1" index="0" bw="1" slack="0"/>
</pin_list>
<bind>
<StgValue><ssdm name="out0"/></StgValue>
</bind>
</comp>

<comp id="8" class="1000" name="ctrl">
<pin_list>
<pin id="9" dir="1" index="0" bw="1" slack="0"/>
</pin_list>
<bind>
<StgValue><ssdm name="ctrl"/></StgValue>
</bind>
</comp>

<comp id="10" class="1000" name="status">
<pin_list>
<pin id="11" dir="1" index="0" bw="1" slack="0"/>
</pin_list>
<bind>
<StgValue><ssdm name="status"/></StgValue>
</bind>
</comp>

<comp id="12" class="1000" name="magic">
<pin_list>
<pin id="13" dir="1" index="0" bw="1" slack="0"/>
</pin_list>
<bind>
<StgValue><ssdm name="magic"/></StgValue>
</bind>
</comp>

<comp id="14" class="1001" name="const_14">
<pin_list>
<pin id="15" dir="1" index="0" bw="1" slack="0"/>
</pin_list>
<bind>
<StgValue><ssdm name="_ssdm_op_Read.s_axilite.i32"/></StgValue>
</bind>
</comp>

<comp id="16" class="1001" name="const_16">
<pin_list>
<pin id="17" dir="1" index="0" bw="1" slack="0"/>
</pin_list>
<bind>
<StgValue><ssdm name="_ssdm_op_Read.s_axilite.i64"/></StgValue>
</bind>
</comp>

<comp id="18" class="1001" name="const_18">
<pin_list>
<pin id="19" dir="1" index="0" bw="1" slack="2147483647"/>
</pin_list>
<bind>
<StgValue><ssdm name="_ssdm_op_SpecTopModule"/></StgValue>
</bind>
</comp>

<comp id="20" class="1001" name="const_20">
<pin_list>
<pin id="21" dir="1" index="0" bw="1" slack="2147483647"/>
</pin_list>
<bind>
<StgValue><ssdm name="empty_13"/></StgValue>
</bind>
</comp>

<comp id="22" class="1001" name="const_22">
<pin_list>
<pin id="23" dir="1" index="0" bw="1" slack="2147483647"/>
</pin_list>
<bind>
<StgValue><ssdm name="_ssdm_op_SpecInterface"/></StgValue>
</bind>
</comp>

<comp id="24" class="1001" name="const_24">
<pin_list>
<pin id="25" dir="1" index="0" bw="1" slack="2147483647"/>
</pin_list>
<bind>
<StgValue><ssdm name="empty"/></StgValue>
</bind>
</comp>

<comp id="26" class="1001" name="const_26">
<pin_list>
<pin id="27" dir="1" index="0" bw="1" slack="0"/>
</pin_list>
<bind>
<StgValue><ssdm name=""/></StgValue>
</bind>
</comp>

<comp id="28" class="1001" name="const_28">
<pin_list>
<pin id="29" dir="1" index="0" bw="1" slack="2147483647"/>
</pin_list>
<bind>
<StgValue><ssdm name="empty_0"/></StgValue>
</bind>
</comp>

<comp id="30" class="1001" name="const_30">
<pin_list>
<pin id="31" dir="1" index="0" bw="1" slack="2147483647"/>
</pin_list>
<bind>
<StgValue><ssdm name=""/></StgValue>
</bind>
</comp>

<comp id="32" class="1001" name="const_32">
<pin_list>
<pin id="33" dir="1" index="0" bw="1" slack="2147483647"/>
</pin_list>
<bind>
<StgValue><ssdm name="empty_1"/></StgValue>
</bind>
</comp>

<comp id="34" class="1001" name="const_34">
<pin_list>
<pin id="35" dir="1" index="0" bw="1" slack="2147483647"/>
</pin_list>
<bind>
<StgValue><ssdm name="empty_2"/></StgValue>
</bind>
</comp>

<comp id="36" class="1001" name="const_36">
<pin_list>
<pin id="37" dir="1" index="0" bw="1" slack="2147483647"/>
</pin_list>
<bind>
<StgValue><ssdm name=""/></StgValue>
</bind>
</comp>

<comp id="38" class="1001" name="const_38">
<pin_list>
<pin id="39" dir="1" index="0" bw="1" slack="2147483647"/>
</pin_list>
<bind>
<StgValue><ssdm name=""/></StgValue>
</bind>
</comp>

<comp id="40" class="1001" name="const_40">
<pin_list>
<pin id="41" dir="1" index="0" bw="1" slack="2147483647"/>
</pin_list>
<bind>
<StgValue><ssdm name="_ssdm_op_SpecBitsMap"/></StgValue>
</bind>
</comp>

<comp id="42" class="1001" name="const_42">
<pin_list>
<pin id="43" dir="1" index="0" bw="1" slack="2147483647"/>
</pin_list>
<bind>
<StgValue><ssdm name=""/></StgValue>
</bind>
</comp>

<comp id="44" class="1001" name="const_44">
<pin_list>
<pin id="45" dir="1" index="0" bw="1" slack="2147483647"/>
</pin_list>
<bind>
<StgValue><ssdm name="empty_3"/></StgValue>
</bind>
</comp>

<comp id="46" class="1001" name="const_46">
<pin_list>
<pin id="47" dir="1" index="0" bw="1" slack="2147483647"/>
</pin_list>
<bind>
<StgValue><ssdm name="empty_4"/></StgValue>
</bind>
</comp>

<comp id="48" class="1001" name="const_48">
<pin_list>
<pin id="49" dir="1" index="0" bw="1" slack="2147483647"/>
</pin_list>
<bind>
<StgValue><ssdm name="empty_5"/></StgValue>
</bind>
</comp>

<comp id="50" class="1001" name="const_50">
<pin_list>
<pin id="51" dir="1" index="0" bw="1" slack="2147483647"/>
</pin_list>
<bind>
<StgValue><ssdm name="empty_6"/></StgValue>
</bind>
</comp>

<comp id="52" class="1001" name="const_52">
<pin_list>
<pin id="53" dir="1" index="0" bw="1" slack="2147483647"/>
</pin_list>
<bind>
<StgValue><ssdm name="empty_7"/></StgValue>
</bind>
</comp>

<comp id="54" class="1001" name="const_54">
<pin_list>
<pin id="55" dir="1" index="0" bw="1" slack="2147483647"/>
</pin_list>
<bind>
<StgValue><ssdm name="empty_8"/></StgValue>
</bind>
</comp>

<comp id="56" class="1001" name="const_56">
<pin_list>
<pin id="57" dir="1" index="0" bw="1" slack="2147483647"/>
</pin_list>
<bind>
<StgValue><ssdm name="empty_9"/></StgValue>
</bind>
</comp>

<comp id="58" class="1001" name="const_58">
<pin_list>
<pin id="59" dir="1" index="0" bw="1" slack="2147483647"/>
</pin_list>
<bind>
<StgValue><ssdm name="empty_10"/></StgValue>
</bind>
</comp>

<comp id="60" class="1001" name="const_60">
<pin_list>
<pin id="61" dir="1" index="0" bw="1" slack="2147483647"/>
</pin_list>
<bind>
<StgValue><ssdm name="empty_11"/></StgValue>
</bind>
</comp>

<comp id="62" class="1001" name="const_62">
<pin_list>
<pin id="63" dir="1" index="0" bw="1" slack="2147483647"/>
</pin_list>
<bind>
<StgValue><ssdm name="empty_12"/></StgValue>
</bind>
</comp>

<comp id="64" class="1001" name="const_64">
<pin_list>
<pin id="65" dir="1" index="0" bw="1" slack="0"/>
</pin_list>
<bind>
<StgValue><ssdm name="_ssdm_op_Write.s_axilite.i32P0A"/></StgValue>
</bind>
</comp>

<comp id="66" class="1001" name="const_66">
<pin_list>
<pin id="67" dir="1" index="0" bw="1" slack="0"/>
</pin_list>
<bind>
<StgValue><ssdm name=""/></StgValue>
</bind>
</comp>

<comp id="68" class="1001" name="const_68">
<pin_list>
<pin id="69" dir="1" index="0" bw="1" slack="0"/>
</pin_list>
<bind>
<StgValue><ssdm name="_ssdm_op_BitSelect.i1.i32.i32"/></StgValue>
</bind>
</comp>

<comp id="70" class="1001" name="const_70">
<pin_list>
<pin id="71" dir="1" index="0" bw="1" slack="0"/>
</pin_list>
<bind>
<StgValue><ssdm name=""/></StgValue>
</bind>
</comp>

<comp id="72" class="1001" name="const_72">
<pin_list>
<pin id="73" dir="1" index="0" bw="1" slack="0"/>
</pin_list>
<bind>
<StgValue><ssdm name="encoder0_c1"/></StgValue>
</bind>
</comp>

<comp id="74" class="1001" name="const_74">
<pin_list>
<pin id="75" dir="1" index="0" bw="1" slack="0"/>
</pin_list>
<bind>
<StgValue><ssdm name="_ssdm_op_Read.s_axilite.i32P0A"/></StgValue>
</bind>
</comp>

<comp id="76" class="1004" name="ctrl_read_read_fu_76">
<pin_list>
<pin id="77" dir="0" index="0" bw="32" slack="0"/>
<pin id="78" dir="0" index="1" bw="32" slack="0"/>
<pin id="79" dir="1" index="2" bw="32" slack="0"/>
</pin_list>
<bind>
<opcode="read(1150) " fcode="read"/>
<opset="ctrl_read/1 "/>
</bind>
</comp>

<comp id="82" class="1004" name="out0_read_read_fu_82">
<pin_list>
<pin id="83" dir="0" index="0" bw="64" slack="0"/>
<pin id="84" dir="0" index="1" bw="64" slack="0"/>
<pin id="85" dir="1" index="2" bw="64" slack="1"/>
</pin_list>
<bind>
<opcode="read(1150) " fcode="read"/>
<opset="out0_read/1 "/>
</bind>
</comp>

<comp id="88" class="1004" name="image_r_read_read_fu_88">
<pin_list>
<pin id="89" dir="0" index="0" bw="64" slack="0"/>
<pin id="90" dir="0" index="1" bw="64" slack="0"/>
<pin id="91" dir="1" index="2" bw="64" slack="1"/>
</pin_list>
<bind>
<opcode="read(1150) " fcode="read"/>
<opset="image_r_read/1 "/>
</bind>
</comp>

<comp id="94" class="1004" name="write_ln46_write_fu_94">
<pin_list>
<pin id="95" dir="0" index="0" bw="0" slack="0"/>
<pin id="96" dir="0" index="1" bw="32" slack="0"/>
<pin id="97" dir="0" index="2" bw="30" slack="0"/>
<pin id="98" dir="1" index="3" bw="0" slack="2147483647"/>
</pin_list>
<bind>
<opcode="write(1151) " fcode="write"/>
<opset="write_ln46/1 "/>
</bind>
</comp>

<comp id="102" class="1004" name="grp_write_fu_102">
<pin_list>
<pin id="103" dir="0" index="0" bw="0" slack="0"/>
<pin id="104" dir="0" index="1" bw="32" slack="0"/>
<pin id="105" dir="0" index="2" bw="32" slack="0"/>
<pin id="106" dir="1" index="3" bw="0" slack="2147483647"/>
</pin_list>
<bind>
<opcode="write(1151) " fcode="write"/>
<opset="write_ln49/1 write_ln55/2 "/>
</bind>
</comp>

<comp id="110" class="1004" name="status_read_read_fu_110">
<pin_list>
<pin id="111" dir="0" index="0" bw="32" slack="0"/>
<pin id="112" dir="0" index="1" bw="32" slack="0"/>
<pin id="113" dir="1" index="2" bw="32" slack="0"/>
</pin_list>
<bind>
<opcode="read(1150) " fcode="read"/>
<opset="status_read/2 "/>
</bind>
</comp>

<comp id="116" class="1004" name="grp_encoder0_c1_fu_116">
<pin_list>
<pin id="117" dir="0" index="0" bw="0" slack="0"/>
<pin id="118" dir="0" index="1" bw="16" slack="0"/>
<pin id="119" dir="0" index="2" bw="64" slack="1"/>
<pin id="120" dir="0" index="3" bw="16" slack="0"/>
<pin id="121" dir="0" index="4" bw="64" slack="1"/>
<pin id="122" dir="1" index="5" bw="0" slack="2147483647"/>
</pin_list>
<bind>
<opcode="call(48) " fcode="call"/>
<opset="call_ln52/2 "/>
</bind>
</comp>

<comp id="126" class="1004" name="tmp_fu_126">
<pin_list>
<pin id="127" dir="0" index="0" bw="1" slack="0"/>
<pin id="128" dir="0" index="1" bw="32" slack="0"/>
<pin id="129" dir="0" index="2" bw="1" slack="0"/>
<pin id="130" dir="1" index="3" bw="1" slack="2147483647"/>
</pin_list>
<bind>
<opcode="bitselect(1000) " fcode="bitselect"/>
<opset="tmp/1 "/>
</bind>
</comp>

<comp id="134" class="1004" name="or_ln55_fu_134">
<pin_list>
<pin id="135" dir="0" index="0" bw="32" slack="0"/>
<pin id="136" dir="0" index="1" bw="32" slack="0"/>
<pin id="137" dir="1" index="2" bw="32" slack="0"/>
</pin_list>
<bind>
<opcode="or(24) " fcode="or"/>
<opset="or_ln55/2 "/>
</bind>
</comp>

<comp id="141" class="1005" name="out0_read_reg_141">
<pin_list>
<pin id="142" dir="0" index="0" bw="64" slack="1"/>
<pin id="143" dir="1" index="1" bw="64" slack="1"/>
</pin_list>
<bind>
<opset="out0_read "/>
</bind>
</comp>

<comp id="146" class="1005" name="image_r_read_reg_146">
<pin_list>
<pin id="147" dir="0" index="0" bw="64" slack="1"/>
<pin id="148" dir="1" index="1" bw="64" slack="1"/>
</pin_list>
<bind>
<opset="image_r_read "/>
</bind>
</comp>

</comp_list>

<net_list>
<net id="80"><net_src comp="14" pin="0"/><net_sink comp="76" pin=0"/></net>

<net id="81"><net_src comp="8" pin="0"/><net_sink comp="76" pin=1"/></net>

<net id="86"><net_src comp="16" pin="0"/><net_sink comp="82" pin=0"/></net>

<net id="87"><net_src comp="6" pin="0"/><net_sink comp="82" pin=1"/></net>

<net id="92"><net_src comp="16" pin="0"/><net_sink comp="88" pin=0"/></net>

<net id="93"><net_src comp="4" pin="0"/><net_sink comp="88" pin=1"/></net>

<net id="99"><net_src comp="64" pin="0"/><net_sink comp="94" pin=0"/></net>

<net id="100"><net_src comp="12" pin="0"/><net_sink comp="94" pin=1"/></net>

<net id="101"><net_src comp="66" pin="0"/><net_sink comp="94" pin=2"/></net>

<net id="107"><net_src comp="64" pin="0"/><net_sink comp="102" pin=0"/></net>

<net id="108"><net_src comp="10" pin="0"/><net_sink comp="102" pin=1"/></net>

<net id="109"><net_src comp="26" pin="0"/><net_sink comp="102" pin=2"/></net>

<net id="114"><net_src comp="74" pin="0"/><net_sink comp="110" pin=0"/></net>

<net id="115"><net_src comp="10" pin="0"/><net_sink comp="110" pin=1"/></net>

<net id="123"><net_src comp="72" pin="0"/><net_sink comp="116" pin=0"/></net>

<net id="124"><net_src comp="0" pin="0"/><net_sink comp="116" pin=1"/></net>

<net id="125"><net_src comp="2" pin="0"/><net_sink comp="116" pin=3"/></net>

<net id="131"><net_src comp="68" pin="0"/><net_sink comp="126" pin=0"/></net>

<net id="132"><net_src comp="76" pin="2"/><net_sink comp="126" pin=1"/></net>

<net id="133"><net_src comp="70" pin="0"/><net_sink comp="126" pin=2"/></net>

<net id="138"><net_src comp="110" pin="2"/><net_sink comp="134" pin=0"/></net>

<net id="139"><net_src comp="70" pin="0"/><net_sink comp="134" pin=1"/></net>

<net id="140"><net_src comp="134" pin="2"/><net_sink comp="102" pin=2"/></net>

<net id="144"><net_src comp="82" pin="2"/><net_sink comp="141" pin=0"/></net>

<net id="145"><net_src comp="141" pin="1"/><net_sink comp="116" pin=4"/></net>

<net id="149"><net_src comp="88" pin="2"/><net_sink comp="146" pin=0"/></net>

<net id="150"><net_src comp="146" pin="1"/><net_sink comp="116" pin=2"/></net>

</net_list>

</model> 
---------------- Datapath Model END ------------------

* FSMD analyzer results:
  - Output states:
	Port: gmem_out | {2 3 }
	Port: status | {1 2 }
	Port: magic | {1 }
 - Input state : 
	Port: lane_seg_top : gmem_in | {2 3 }
	Port: lane_seg_top : image_r | {1 }
	Port: lane_seg_top : out0 | {1 }
	Port: lane_seg_top : ctrl | {1 }
	Port: lane_seg_top : status | {2 }
  - Chain level:
	State 1
		br_ln48 : 1
	State 2
	State 3


============================================================
+ Verbose Summary: Datapath Resource usage 
============================================================

* Functional unit list:
|----------|-------------------------|---------|---------|---------|---------|---------|---------|
| Operation|     Functional Unit     |   BRAM  |   DSP   |  Delay  |    FF   |   LUT   |   URAM  |
|----------|-------------------------|---------|---------|---------|---------|---------|---------|
|   call   |  grp_encoder0_c1_fu_116 |   144   |   641   |  4.4284 |  13921  |  35176  |    0    |
|----------|-------------------------|---------|---------|---------|---------|---------|---------|
|          |   ctrl_read_read_fu_76  |    0    |    0    |    0    |    0    |    0    |    0    |
|   read   |   out0_read_read_fu_82  |    0    |    0    |    0    |    0    |    0    |    0    |
|          | image_r_read_read_fu_88 |    0    |    0    |    0    |    0    |    0    |    0    |
|          | status_read_read_fu_110 |    0    |    0    |    0    |    0    |    0    |    0    |
|----------|-------------------------|---------|---------|---------|---------|---------|---------|
|   write  |  write_ln46_write_fu_94 |    0    |    0    |    0    |    0    |    0    |    0    |
|          |     grp_write_fu_102    |    0    |    0    |    0    |    0    |    0    |    0    |
|----------|-------------------------|---------|---------|---------|---------|---------|---------|
| bitselect|        tmp_fu_126       |    0    |    0    |    0    |    0    |    0    |    0    |
|----------|-------------------------|---------|---------|---------|---------|---------|---------|
|    or    |      or_ln55_fu_134     |    0    |    0    |    0    |    0    |    0    |    0    |
|----------|-------------------------|---------|---------|---------|---------|---------|---------|
|   Total  |                         |   144   |   641   |  4.4284 |  13921  |  35176  |    0    |
|----------|-------------------------|---------|---------|---------|---------|---------|---------|

Memories:
N/A

* Register list:
+--------------------+--------+
|                    |   FF   |
+--------------------+--------+
|image_r_read_reg_146|   64   |
|  out0_read_reg_141 |   64   |
+--------------------+--------+
|        Total       |   128  |
+--------------------+--------+

* Multiplexer (MUX) list: 
|------------------|------|------|------|--------||---------||---------|
|       Comp       |  Pin | Size |  BW  | S x BW ||  Delay  ||   LUT   |
|------------------|------|------|------|--------||---------||---------|
| grp_write_fu_102 |  p2  |   2  |  32  |   64   ||    9    |
|------------------|------|------|------|--------||---------||---------|
|       Total      |      |      |      |   64   ||  0.427  ||    9    |
|------------------|------|------|------|--------||---------||---------|



* Summary:
+-----------+--------+--------+--------+--------+--------+--------+
|           |  BRAM  |   DSP  |  Delay |   FF   |   LUT  |  URAM  |
+-----------+--------+--------+--------+--------+--------+--------+
|  Function |   144  |   641  |    4   |  13921 |  35176 |    0   |
|   Memory  |    -   |    -   |    -   |    -   |    -   |    -   |
|Multiplexer|    -   |    -   |    0   |    -   |    9   |    -   |
|  Register |    -   |    -   |    -   |   128  |    -   |    -   |
+-----------+--------+--------+--------+--------+--------+--------+
|   Total   |   144  |   641  |    4   |  14049 |  35185 |    0   |
+-----------+--------+--------+--------+--------+--------+--------+
