C:\Users\Baron\Desktop\EE_297_Repo\EE_297\hardware_imp\vitis_hls\lane_seg_hls\lane_seg\.autopilot\db\lane_seg_top.pp.0.cpp:6157:7: warning: Added loop label VITIS_LOOP_1213_1:   [xilinx-label-all-loops]
      for (i = 0; i < __N - 1; ++i) {
      ^~~
      VITIS_LOOP_1213_1: 
C:\Users\Baron\Desktop\EE_297_Repo\EE_297\hardware_imp\vitis_hls\lane_seg_hls\lane_seg\.autopilot\db\lane_seg_top.pp.0.cpp:6157:7: note: FIX-IT applied suggested code changes
C:\Users\Baron\Desktop\EE_297_Repo\EE_297\hardware_imp\vitis_hls\lane_seg_hls\lane_seg\.autopilot\db\lane_seg_top.pp.0.cpp:7131:5: warning: Added loop label VITIS_LOOP_676_1:   [xilinx-label-all-loops]
    for (unsigned i = low; i != high; ++i) {
    ^~~
    VITIS_LOOP_676_1: 
C:\Users\Baron\Desktop\EE_297_Repo\EE_297\hardware_imp\vitis_hls\lane_seg_hls\lane_seg\.autopilot\db\lane_seg_top.pp.0.cpp:7131:5: note: FIX-IT applied suggested code changes
C:\Users\Baron\Desktop\EE_297_Repo\EE_297\hardware_imp\vitis_hls\lane_seg_hls\lane_seg\.autopilot\db\lane_seg_top.pp.0.cpp:7145:5: warning: Added loop label VITIS_LOOP_690_1:   [xilinx-label-all-loops]
    for (unsigned i = low; i != high; ++i) {
    ^~~
    VITIS_LOOP_690_1: 
C:\Users\Baron\Desktop\EE_297_Repo\EE_297\hardware_imp\vitis_hls\lane_seg_hls\lane_seg\.autopilot\db\lane_seg_top.pp.0.cpp:7145:5: note: FIX-IT applied suggested code changes
C:\Users\Baron\Desktop\EE_297_Repo\EE_297\hardware_imp\vitis_hls\lane_seg_hls\lane_seg\.autopilot\db\lane_seg_top.pp.0.cpp:7159:5: warning: Added loop label VITIS_LOOP_704_1:   [xilinx-label-all-loops]
    for (unsigned i = low; i != high; ++i) {
    ^~~
    VITIS_LOOP_704_1: 
C:\Users\Baron\Desktop\EE_297_Repo\EE_297\hardware_imp\vitis_hls\lane_seg_hls\lane_seg\.autopilot\db\lane_seg_top.pp.0.cpp:7159:5: note: FIX-IT applied suggested code changes
C:\Users\Baron\Desktop\EE_297_Repo\EE_297\hardware_imp\vitis_hls\lane_seg_hls\lane_seg\.autopilot\db\lane_seg_top.pp.0.cpp:8758:7: warning: Added loop label VITIS_LOOP_1247_1:   [xilinx-label-all-loops]
      for (i = 0; i < __N - 1; ++i) {
      ^~~
      VITIS_LOOP_1247_1: 
C:\Users\Baron\Desktop\EE_297_Repo\EE_297\hardware_imp\vitis_hls\lane_seg_hls\lane_seg\.autopilot\db\lane_seg_top.pp.0.cpp:8758:7: note: FIX-IT applied suggested code changes
C:\Users\Baron\Desktop\EE_297_Repo\EE_297\hardware_imp\vitis_hls\lane_seg_hls\lane_seg\.autopilot\db\lane_seg_top.pp.0.cpp:12894:72: error: Invalid Directive: for current device, ROM_1P + LUTRAM is invalid combination for BIND_STORAGE's option 'type + impl' [clang-diagnostic-error]
#pragma HLS BIND_STORAGE variable=fourth_order_double::sin_cos_K0 type=ROM_1P impl=LUTRAM
                                                                       ^
C:\Users\Baron\Desktop\EE_297_Repo\EE_297\hardware_imp\vitis_hls\lane_seg_hls\lane_seg\.autopilot\db\lane_seg_top.pp.0.cpp:12895:72: error: Invalid Directive: for current device, ROM_1P + LUTRAM is invalid combination for BIND_STORAGE's option 'type + impl' [clang-diagnostic-error]
#pragma HLS BIND_STORAGE variable=fourth_order_double::sin_cos_K1 type=ROM_1P impl=LUTRAM
                                                                       ^
C:\Users\Baron\Desktop\EE_297_Repo\EE_297\hardware_imp\vitis_hls\lane_seg_hls\lane_seg\.autopilot\db\lane_seg_top.pp.0.cpp:12896:72: error: Invalid Directive: for current device, ROM_1P + LUTRAM is invalid combination for BIND_STORAGE's option 'type + impl' [clang-diagnostic-error]
#pragma HLS BIND_STORAGE variable=fourth_order_double::sin_cos_K2 type=ROM_1P impl=LUTRAM
                                                                       ^
C:\Users\Baron\Desktop\EE_297_Repo\EE_297\hardware_imp\vitis_hls\lane_seg_hls\lane_seg\.autopilot\db\lane_seg_top.pp.0.cpp:12897:72: error: Invalid Directive: for current device, ROM_1P + LUTRAM is invalid combination for BIND_STORAGE's option 'type + impl' [clang-diagnostic-error]
#pragma HLS BIND_STORAGE variable=fourth_order_double::sin_cos_K3 type=ROM_1P impl=LUTRAM
                                                                       ^
C:\Users\Baron\Desktop\EE_297_Repo\EE_297\hardware_imp\vitis_hls\lane_seg_hls\lane_seg\.autopilot\db\lane_seg_top.pp.0.cpp:12898:72: error: Invalid Directive: for current device, ROM_1P + LUTRAM is invalid combination for BIND_STORAGE's option 'type + impl' [clang-diagnostic-error]
#pragma HLS BIND_STORAGE variable=fourth_order_double::sin_cos_K4 type=ROM_1P impl=LUTRAM
                                                                       ^
C:\Users\Baron\Desktop\EE_297_Repo\EE_297\hardware_imp\vitis_hls\lane_seg_hls\lane_seg\.autopilot\db\lane_seg_top.pp.0.cpp:12928:68: error: Invalid Directive: for current device, ROM_1P + LUTRAM is invalid combination for BIND_STORAGE's option 'type + impl' [clang-diagnostic-error]
#pragma HLS BIND_STORAGE variable=fourth_order_double::cos_K0 type=ROM_1P impl=LUTRAM
                                                                   ^
C:\Users\Baron\Desktop\EE_297_Repo\EE_297\hardware_imp\vitis_hls\lane_seg_hls\lane_seg\.autopilot\db\lane_seg_top.pp.0.cpp:12929:68: error: Invalid Directive: for current device, ROM_1P + LUTRAM is invalid combination for BIND_STORAGE's option 'type + impl' [clang-diagnostic-error]
#pragma HLS BIND_STORAGE variable=fourth_order_double::cos_K1 type=ROM_1P impl=LUTRAM
                                                                   ^
C:\Users\Baron\Desktop\EE_297_Repo\EE_297\hardware_imp\vitis_hls\lane_seg_hls\lane_seg\.autopilot\db\lane_seg_top.pp.0.cpp:12930:68: error: Invalid Directive: for current device, ROM_1P + LUTRAM is invalid combination for BIND_STORAGE's option 'type + impl' [clang-diagnostic-error]
#pragma HLS BIND_STORAGE variable=fourth_order_double::cos_K2 type=ROM_1P impl=LUTRAM
                                                                   ^
C:\Users\Baron\Desktop\EE_297_Repo\EE_297\hardware_imp\vitis_hls\lane_seg_hls\lane_seg\.autopilot\db\lane_seg_top.pp.0.cpp:12931:68: error: Invalid Directive: for current device, ROM_1P + LUTRAM is invalid combination for BIND_STORAGE's option 'type + impl' [clang-diagnostic-error]
#pragma HLS BIND_STORAGE variable=fourth_order_double::cos_K3 type=ROM_1P impl=LUTRAM
                                                                   ^
C:\Users\Baron\Desktop\EE_297_Repo\EE_297\hardware_imp\vitis_hls\lane_seg_hls\lane_seg\.autopilot\db\lane_seg_top.pp.0.cpp:12932:68: error: Invalid Directive: for current device, ROM_1P + LUTRAM is invalid combination for BIND_STORAGE's option 'type + impl' [clang-diagnostic-error]
#pragma HLS BIND_STORAGE variable=fourth_order_double::cos_K4 type=ROM_1P impl=LUTRAM
                                                                   ^
C:\Users\Baron\Desktop\EE_297_Repo\EE_297\hardware_imp\vitis_hls\lane_seg_hls\lane_seg\.autopilot\db\lane_seg_top.pp.0.cpp:12933:68: error: Invalid Directive: for current device, ROM_1P + LUTRAM is invalid combination for BIND_STORAGE's option 'type + impl' [clang-diagnostic-error]
#pragma HLS BIND_STORAGE variable=fourth_order_double::sin_K0 type=ROM_1P impl=LUTRAM
                                                                   ^
C:\Users\Baron\Desktop\EE_297_Repo\EE_297\hardware_imp\vitis_hls\lane_seg_hls\lane_seg\.autopilot\db\lane_seg_top.pp.0.cpp:12934:68: error: Invalid Directive: for current device, ROM_1P + LUTRAM is invalid combination for BIND_STORAGE's option 'type + impl' [clang-diagnostic-error]
#pragma HLS BIND_STORAGE variable=fourth_order_double::sin_K1 type=ROM_1P impl=LUTRAM
                                                                   ^
C:\Users\Baron\Desktop\EE_297_Repo\EE_297\hardware_imp\vitis_hls\lane_seg_hls\lane_seg\.autopilot\db\lane_seg_top.pp.0.cpp:12935:68: error: Invalid Directive: for current device, ROM_1P + LUTRAM is invalid combination for BIND_STORAGE's option 'type + impl' [clang-diagnostic-error]
#pragma HLS BIND_STORAGE variable=fourth_order_double::sin_K2 type=ROM_1P impl=LUTRAM
                                                                   ^
C:\Users\Baron\Desktop\EE_297_Repo\EE_297\hardware_imp\vitis_hls\lane_seg_hls\lane_seg\.autopilot\db\lane_seg_top.pp.0.cpp:12936:68: error: Invalid Directive: for current device, ROM_1P + LUTRAM is invalid combination for BIND_STORAGE's option 'type + impl' [clang-diagnostic-error]
#pragma HLS BIND_STORAGE variable=fourth_order_double::sin_K3 type=ROM_1P impl=LUTRAM
                                                                   ^
C:\Users\Baron\Desktop\EE_297_Repo\EE_297\hardware_imp\vitis_hls\lane_seg_hls\lane_seg\.autopilot\db\lane_seg_top.pp.0.cpp:12937:68: error: Invalid Directive: for current device, ROM_1P + LUTRAM is invalid combination for BIND_STORAGE's option 'type + impl' [clang-diagnostic-error]
#pragma HLS BIND_STORAGE variable=fourth_order_double::sin_K4 type=ROM_1P impl=LUTRAM
                                                                   ^
C:\Users\Baron\Desktop\EE_297_Repo\EE_297\hardware_imp\vitis_hls\lane_seg_hls\lane_seg\.autopilot\db\lane_seg_top.pp.0.cpp:12987:71: error: Invalid Directive: for current device, ROM_1P + LUTRAM is invalid combination for BIND_STORAGE's option 'type + impl' [clang-diagnostic-error]
#pragma HLS BIND_STORAGE variable=second_order_float::sin_cos_K0 type=ROM_1P impl=LUTRAM
                                                                      ^
C:\Users\Baron\Desktop\EE_297_Repo\EE_297\hardware_imp\vitis_hls\lane_seg_hls\lane_seg\.autopilot\db\lane_seg_top.pp.0.cpp:12988:71: error: Invalid Directive: for current device, ROM_1P + LUTRAM is invalid combination for BIND_STORAGE's option 'type + impl' [clang-diagnostic-error]
#pragma HLS BIND_STORAGE variable=second_order_float::sin_cos_K1 type=ROM_1P impl=LUTRAM
                                                                      ^
C:\Users\Baron\Desktop\EE_297_Repo\EE_297\hardware_imp\vitis_hls\lane_seg_hls\lane_seg\.autopilot\db\lane_seg_top.pp.0.cpp:12989:71: error: Invalid Directive: for current device, ROM_1P + LUTRAM is invalid combination for BIND_STORAGE's option 'type + impl' [clang-diagnostic-error]
#pragma HLS BIND_STORAGE variable=second_order_float::sin_cos_K2 type=ROM_1P impl=LUTRAM
                                                                      ^
C:\Users\Baron\Desktop\EE_297_Repo\EE_297\hardware_imp\vitis_hls\lane_seg_hls\lane_seg\.autopilot\db\lane_seg_top.pp.0.cpp:13016:67: error: Invalid Directive: for current device, ROM_1P + LUTRAM is invalid combination for BIND_STORAGE's option 'type + impl' [clang-diagnostic-error]
#pragma HLS BIND_STORAGE variable=second_order_float::cos_K0 type=ROM_1P impl=LUTRAM
                                                                  ^
C:\Users\Baron\Desktop\EE_297_Repo\EE_297\hardware_imp\vitis_hls\lane_seg_hls\lane_seg\.autopilot\db\lane_seg_top.pp.0.cpp:13017:67: error: Invalid Directive: for current device, ROM_1P + LUTRAM is invalid combination for BIND_STORAGE's option 'type + impl' [clang-diagnostic-error]
#pragma HLS BIND_STORAGE variable=second_order_float::cos_K1 type=ROM_1P impl=LUTRAM
                                                                  ^
C:\Users\Baron\Desktop\EE_297_Repo\EE_297\hardware_imp\vitis_hls\lane_seg_hls\lane_seg\.autopilot\db\lane_seg_top.pp.0.cpp:13018:67: error: Invalid Directive: for current device, ROM_1P + LUTRAM is invalid combination for BIND_STORAGE's option 'type + impl' [clang-diagnostic-error]
#pragma HLS BIND_STORAGE variable=second_order_float::cos_K2 type=ROM_1P impl=LUTRAM
                                                                  ^
C:\Users\Baron\Desktop\EE_297_Repo\EE_297\hardware_imp\vitis_hls\lane_seg_hls\lane_seg\.autopilot\db\lane_seg_top.pp.0.cpp:13019:67: error: Invalid Directive: for current device, ROM_1P + LUTRAM is invalid combination for BIND_STORAGE's option 'type + impl' [clang-diagnostic-error]
#pragma HLS BIND_STORAGE variable=second_order_float::sin_K0 type=ROM_1P impl=LUTRAM
                                                                  ^
C:\Users\Baron\Desktop\EE_297_Repo\EE_297\hardware_imp\vitis_hls\lane_seg_hls\lane_seg\.autopilot\db\lane_seg_top.pp.0.cpp:13020:67: error: Invalid Directive: for current device, ROM_1P + LUTRAM is invalid combination for BIND_STORAGE's option 'type + impl' [clang-diagnostic-error]
#pragma HLS BIND_STORAGE variable=second_order_float::sin_K1 type=ROM_1P impl=LUTRAM
                                                                  ^
C:\Users\Baron\Desktop\EE_297_Repo\EE_297\hardware_imp\vitis_hls\lane_seg_hls\lane_seg\.autopilot\db\lane_seg_top.pp.0.cpp:13021:67: error: Invalid Directive: for current device, ROM_1P + LUTRAM is invalid combination for BIND_STORAGE's option 'type + impl' [clang-diagnostic-error]
#pragma HLS BIND_STORAGE variable=second_order_float::sin_K2 type=ROM_1P impl=LUTRAM
                                                                  ^
C:\Users\Baron\Desktop\EE_297_Repo\EE_297\hardware_imp\vitis_hls\lane_seg_hls\lane_seg\.autopilot\db\lane_seg_top.pp.0.cpp:13057:73: error: Invalid Directive: for current device, ROM_1P + LUTRAM is invalid combination for BIND_STORAGE's option 'type + impl' [clang-diagnostic-error]
#pragma HLS BIND_STORAGE variable=first_order_fixed_16::sin_cos_K0 type=ROM_1P impl=LUTRAM
                                                                        ^
C:\Users\Baron\Desktop\EE_297_Repo\EE_297\hardware_imp\vitis_hls\lane_seg_hls\lane_seg\.autopilot\db\lane_seg_top.pp.0.cpp:13058:73: error: Invalid Directive: for current device, ROM_1P + LUTRAM is invalid combination for BIND_STORAGE's option 'type + impl' [clang-diagnostic-error]
#pragma HLS BIND_STORAGE variable=first_order_fixed_16::sin_cos_K1 type=ROM_1P impl=LUTRAM
                                                                        ^
C:\Users\Baron\Desktop\EE_297_Repo\EE_297\hardware_imp\vitis_hls\lane_seg_hls\lane_seg\.autopilot\db\lane_seg_top.pp.0.cpp:13332:5: warning: Added loop label VITIS_LOOP_87_1:   [xilinx-label-all-loops]
    for (int n=0; n<Nmax; n++){
    ^~~
    VITIS_LOOP_87_1: 
C:\Users\Baron\Desktop\EE_297_Repo\EE_297\hardware_imp\vitis_hls\lane_seg_hls\lane_seg\.autopilot\db\lane_seg_top.pp.0.cpp:13332:5: note: FIX-IT applied suggested code changes
C:\Users\Baron\Desktop\EE_297_Repo\EE_297\hardware_imp\vitis_hls\lane_seg_hls\lane_seg\.autopilot\db\lane_seg_top.pp.0.cpp:13378:5: warning: Added loop label VITIS_LOOP_143_1:   [xilinx-label-all-loops]
    for (int n=0; n<Nmax; n++){
    ^~~
    VITIS_LOOP_143_1: 
C:\Users\Baron\Desktop\EE_297_Repo\EE_297\hardware_imp\vitis_hls\lane_seg_hls\lane_seg\.autopilot\db\lane_seg_top.pp.0.cpp:13378:5: note: FIX-IT applied suggested code changes
C:\Users\Baron\Desktop\EE_297_Repo\EE_297\hardware_imp\vitis_hls\lane_seg_hls\lane_seg\.autopilot\db\lane_seg_top.pp.0.cpp:13541:9: warning: Added loop label VITIS_LOOP_315_1:   [xilinx-label-all-loops]
        for(int i=0;i<W-1;i++){
        ^~~
        VITIS_LOOP_315_1: 
C:\Users\Baron\Desktop\EE_297_Repo\EE_297\hardware_imp\vitis_hls\lane_seg_hls\lane_seg\.autopilot\db\lane_seg_top.pp.0.cpp:13541:9: note: FIX-IT applied suggested code changes
C:\Users\Baron\Desktop\EE_297_Repo\EE_297\hardware_imp\vitis_hls\lane_seg_hls\lane_seg\.autopilot\db\lane_seg_top.pp.0.cpp:13693:9: warning: Added loop label VITIS_LOOP_475_1:   [xilinx-label-all-loops]
        for(int i=0;i<W-1;i++){
        ^~~
        VITIS_LOOP_475_1: 
C:\Users\Baron\Desktop\EE_297_Repo\EE_297\hardware_imp\vitis_hls\lane_seg_hls\lane_seg\.autopilot\db\lane_seg_top.pp.0.cpp:13693:9: note: FIX-IT applied suggested code changes
C:\Users\Baron\Desktop\EE_297_Repo\EE_297\hardware_imp\vitis_hls\lane_seg_hls\lane_seg\.autopilot\db\lane_seg_top.pp.0.cpp:13873:5: warning: Added loop label VITIS_LOOP_655_1:   [xilinx-label-all-loops]
    for(int i=0;i<W+1;i++){
    ^~~
    VITIS_LOOP_655_1: 
C:\Users\Baron\Desktop\EE_297_Repo\EE_297\hardware_imp\vitis_hls\lane_seg_hls\lane_seg\.autopilot\db\lane_seg_top.pp.0.cpp:13873:5: note: FIX-IT applied suggested code changes
C:\Users\Baron\Desktop\EE_297_Repo\EE_297\hardware_imp\vitis_hls\lane_seg_hls\lane_seg\.autopilot\db\lane_seg_top.pp.0.cpp:13877:5: warning: Added loop label VITIS_LOOP_659_2:   [xilinx-label-all-loops]
    for(int i=0;i<W+1;i++){
    ^~~
    VITIS_LOOP_659_2: 
C:\Users\Baron\Desktop\EE_297_Repo\EE_297\hardware_imp\vitis_hls\lane_seg_hls\lane_seg\.autopilot\db\lane_seg_top.pp.0.cpp:13877:5: note: FIX-IT applied suggested code changes
C:\Users\Baron\Desktop\EE_297_Repo\EE_297\hardware_imp\vitis_hls\lane_seg_hls\lane_seg\.autopilot\db\lane_seg_top.pp.0.cpp:13987:5: warning: Added loop label VITIS_LOOP_769_1:   [xilinx-label-all-loops]
    for (int n=0; n<Nmax; n++){
    ^~~
    VITIS_LOOP_769_1: 
C:\Users\Baron\Desktop\EE_297_Repo\EE_297\hardware_imp\vitis_hls\lane_seg_hls\lane_seg\.autopilot\db\lane_seg_top.pp.0.cpp:13987:5: note: FIX-IT applied suggested code changes
C:\Users\Baron\Desktop\EE_297_Repo\EE_297\hardware_imp\vitis_hls\lane_seg_hls\lane_seg\.autopilot\db\lane_seg_top.pp.0.cpp:14077:7: warning: Added loop label VITIS_LOOP_866_1:   [xilinx-label-all-loops]
      for(int i=0;i<W-1;i++){
      ^~~
      VITIS_LOOP_866_1: 
C:\Users\Baron\Desktop\EE_297_Repo\EE_297\hardware_imp\vitis_hls\lane_seg_hls\lane_seg\.autopilot\db\lane_seg_top.pp.0.cpp:14077:7: note: FIX-IT applied suggested code changes
C:\Users\Baron\Desktop\EE_297_Repo\EE_297\hardware_imp\vitis_hls\lane_seg_hls\lane_seg\.autopilot\db\lane_seg_top.pp.0.cpp:14096:7: warning: Added loop label VITIS_LOOP_885_2:   [xilinx-label-all-loops]
      for(int i=0;i<W-1;i++){
      ^~~
      VITIS_LOOP_885_2: 
C:\Users\Baron\Desktop\EE_297_Repo\EE_297\hardware_imp\vitis_hls\lane_seg_hls\lane_seg\.autopilot\db\lane_seg_top.pp.0.cpp:14096:7: note: FIX-IT applied suggested code changes
C:\Users\Baron\Desktop\EE_297_Repo\EE_297\hardware_imp\vitis_hls\lane_seg_hls\lane_seg\.autopilot\db\lane_seg_top.pp.0.cpp:14386:5: warning: Added loop label VITIS_LOOP_1199_1:   [xilinx-label-all-loops]
    for(int i=0; i<Nmax; i++) {
    ^~~
    VITIS_LOOP_1199_1: 
C:\Users\Baron\Desktop\EE_297_Repo\EE_297\hardware_imp\vitis_hls\lane_seg_hls\lane_seg\.autopilot\db\lane_seg_top.pp.0.cpp:14386:5: note: FIX-IT applied suggested code changes
C:\Users\Baron\Desktop\EE_297_Repo\EE_297\hardware_imp\vitis_hls\lane_seg_hls\lane_seg\.autopilot\db\lane_seg_top.pp.0.cpp:14469:5: warning: Added loop label VITIS_LOOP_1282_1:   [xilinx-label-all-loops]
    for(int i=0; i<Nmax; i++) {
    ^~~
    VITIS_LOOP_1282_1: 
C:\Users\Baron\Desktop\EE_297_Repo\EE_297\hardware_imp\vitis_hls\lane_seg_hls\lane_seg\.autopilot\db\lane_seg_top.pp.0.cpp:14469:5: note: FIX-IT applied suggested code changes
C:\Users\Baron\Desktop\EE_297_Repo\EE_297\hardware_imp\vitis_hls\lane_seg_hls\lane_seg\.autopilot\db\lane_seg_top.pp.0.cpp:14875:13: warning: Added loop label VITIS_LOOP_94_1:   [xilinx-label-all-loops]
            for (int j = 3; j >= I_+1; j--) {
            ^~~
            VITIS_LOOP_94_1: 
C:\Users\Baron\Desktop\EE_297_Repo\EE_297\hardware_imp\vitis_hls\lane_seg_hls\lane_seg\.autopilot\db\lane_seg_top.pp.0.cpp:14875:13: note: FIX-IT applied suggested code changes
C:\Users\Baron\Desktop\EE_297_Repo\EE_297\hardware_imp\vitis_hls\lane_seg_hls\lane_seg\.autopilot\db\lane_seg_top.pp.0.cpp:14881:17: warning: Added loop label VITIS_LOOP_100_2:   [xilinx-label-all-loops]
                for (int j = 3; j >= I_+1; j--){
                ^~~
                VITIS_LOOP_100_2: 
C:\Users\Baron\Desktop\EE_297_Repo\EE_297\hardware_imp\vitis_hls\lane_seg_hls\lane_seg\.autopilot\db\lane_seg_top.pp.0.cpp:14881:17: note: FIX-IT applied suggested code changes
C:\Users\Baron\Desktop\EE_297_Repo\EE_297\hardware_imp\vitis_hls\lane_seg_hls\lane_seg\.autopilot\db\lane_seg_top.pp.0.cpp:14885:17: warning: Added loop label VITIS_LOOP_104_3:   [xilinx-label-all-loops]
                for (int j = I_; j >= 0; j--){
                ^~~
                VITIS_LOOP_104_3: 
C:\Users\Baron\Desktop\EE_297_Repo\EE_297\hardware_imp\vitis_hls\lane_seg_hls\lane_seg\.autopilot\db\lane_seg_top.pp.0.cpp:14885:17: note: FIX-IT applied suggested code changes
C:\Users\Baron\Desktop\EE_297_Repo\EE_297\hardware_imp\vitis_hls\lane_seg_hls\lane_seg\.autopilot\db\lane_seg_top.pp.0.cpp:14933:13: warning: Added loop label VITIS_LOOP_171_4:   [xilinx-label-all-loops]
            for (int j = 9; j >= I_+4; j--) {
            ^~~
            VITIS_LOOP_171_4: 
C:\Users\Baron\Desktop\EE_297_Repo\EE_297\hardware_imp\vitis_hls\lane_seg_hls\lane_seg\.autopilot\db\lane_seg_top.pp.0.cpp:14933:13: note: FIX-IT applied suggested code changes
C:\Users\Baron\Desktop\EE_297_Repo\EE_297\hardware_imp\vitis_hls\lane_seg_hls\lane_seg\.autopilot\db\lane_seg_top.pp.0.cpp:14939:17: warning: Added loop label VITIS_LOOP_177_5:   [xilinx-label-all-loops]
                for (int j = 9; j >= I_+4; j--){
                ^~~
                VITIS_LOOP_177_5: 
C:\Users\Baron\Desktop\EE_297_Repo\EE_297\hardware_imp\vitis_hls\lane_seg_hls\lane_seg\.autopilot\db\lane_seg_top.pp.0.cpp:14939:17: note: FIX-IT applied suggested code changes
C:\Users\Baron\Desktop\EE_297_Repo\EE_297\hardware_imp\vitis_hls\lane_seg_hls\lane_seg\.autopilot\db\lane_seg_top.pp.0.cpp:14943:17: warning: Added loop label VITIS_LOOP_181_6:   [xilinx-label-all-loops]
                for (int j = I_+3; j >= 0; j--){
                ^~~
                VITIS_LOOP_181_6: 
C:\Users\Baron\Desktop\EE_297_Repo\EE_297\hardware_imp\vitis_hls\lane_seg_hls\lane_seg\.autopilot\db\lane_seg_top.pp.0.cpp:14943:17: note: FIX-IT applied suggested code changes
C:\Users\Baron\Desktop\EE_297_Repo\EE_297\hardware_imp\vitis_hls\lane_seg_hls\lane_seg\.autopilot\db\lane_seg_top.pp.0.cpp:14958:9: warning: Added loop label VITIS_LOOP_196_7:   [xilinx-label-all-loops]
        for (int j = 14; j < 22; j++){
        ^~~
        VITIS_LOOP_196_7: 
C:\Users\Baron\Desktop\EE_297_Repo\EE_297\hardware_imp\vitis_hls\lane_seg_hls\lane_seg\.autopilot\db\lane_seg_top.pp.0.cpp:14958:9: note: FIX-IT applied suggested code changes
C:\Users\Baron\Desktop\EE_297_Repo\EE_297\hardware_imp\vitis_hls\lane_seg_hls\lane_seg\.autopilot\db\lane_seg_top.pp.0.cpp:14966:17: warning: Added loop label VITIS_LOOP_204_8:   [xilinx-label-all-loops]
                for (int j = 0; j < 22; j++){
                ^~~
                VITIS_LOOP_204_8: 
C:\Users\Baron\Desktop\EE_297_Repo\EE_297\hardware_imp\vitis_hls\lane_seg_hls\lane_seg\.autopilot\db\lane_seg_top.pp.0.cpp:14966:17: note: FIX-IT applied suggested code changes
C:\Users\Baron\Desktop\EE_297_Repo\EE_297\hardware_imp\vitis_hls\lane_seg_hls\lane_seg\.autopilot\db\lane_seg_top.pp.0.cpp:15031:13: warning: Added loop label VITIS_LOOP_269_9:   [xilinx-label-all-loops]
            for (int j = 21; j >= I_+10; j--) {
            ^~~
            VITIS_LOOP_269_9: 
C:\Users\Baron\Desktop\EE_297_Repo\EE_297\hardware_imp\vitis_hls\lane_seg_hls\lane_seg\.autopilot\db\lane_seg_top.pp.0.cpp:15031:13: note: FIX-IT applied suggested code changes
C:\Users\Baron\Desktop\EE_297_Repo\EE_297\hardware_imp\vitis_hls\lane_seg_hls\lane_seg\.autopilot\db\lane_seg_top.pp.0.cpp:15037:17: warning: Added loop label VITIS_LOOP_275_10:   [xilinx-label-all-loops]
                for (int j = 21; j >= I_+10; j--) {
                ^~~
                VITIS_LOOP_275_10: 
C:\Users\Baron\Desktop\EE_297_Repo\EE_297\hardware_imp\vitis_hls\lane_seg_hls\lane_seg\.autopilot\db\lane_seg_top.pp.0.cpp:15037:17: note: FIX-IT applied suggested code changes
C:\Users\Baron\Desktop\EE_297_Repo\EE_297\hardware_imp\vitis_hls\lane_seg_hls\lane_seg\.autopilot\db\lane_seg_top.pp.0.cpp:15041:17: warning: Added loop label VITIS_LOOP_279_11:   [xilinx-label-all-loops]
                for (int j = I_+9; j >= 0; j--) {
                ^~~
                VITIS_LOOP_279_11: 
C:\Users\Baron\Desktop\EE_297_Repo\EE_297\hardware_imp\vitis_hls\lane_seg_hls\lane_seg\.autopilot\db\lane_seg_top.pp.0.cpp:15041:17: note: FIX-IT applied suggested code changes
C:\Users\Baron\Desktop\EE_297_Repo\EE_297\hardware_imp\vitis_hls\lane_seg_hls\lane_seg\.autopilot\db\lane_seg_top.pp.0.cpp:15056:9: warning: Added loop label VITIS_LOOP_294_12:   [xilinx-label-all-loops]
        for (int j = 27; j < 46; j++){
        ^~~
        VITIS_LOOP_294_12: 
C:\Users\Baron\Desktop\EE_297_Repo\EE_297\hardware_imp\vitis_hls\lane_seg_hls\lane_seg\.autopilot\db\lane_seg_top.pp.0.cpp:15056:9: note: FIX-IT applied suggested code changes
C:\Users\Baron\Desktop\EE_297_Repo\EE_297\hardware_imp\vitis_hls\lane_seg_hls\lane_seg\.autopilot\db\lane_seg_top.pp.0.cpp:15064:17: warning: Added loop label VITIS_LOOP_302_13:   [xilinx-label-all-loops]
                for (int j = 0; j < 46; j++) {
                ^~~
                VITIS_LOOP_302_13: 
C:\Users\Baron\Desktop\EE_297_Repo\EE_297\hardware_imp\vitis_hls\lane_seg_hls\lane_seg\.autopilot\db\lane_seg_top.pp.0.cpp:15064:17: note: FIX-IT applied suggested code changes
C:\Users\Baron\Desktop\EE_297_Repo\EE_297\hardware_imp\vitis_hls\lane_seg_hls\lane_seg\.autopilot\db\lane_seg_top.pp.0.cpp:15293:13: warning: Added loop label VITIS_LOOP_531_14:   [xilinx-label-all-loops]
            for (int j = 45; j >= I_+22; j--) {
            ^~~
            VITIS_LOOP_531_14: 
C:\Users\Baron\Desktop\EE_297_Repo\EE_297\hardware_imp\vitis_hls\lane_seg_hls\lane_seg\.autopilot\db\lane_seg_top.pp.0.cpp:15293:13: note: FIX-IT applied suggested code changes
C:\Users\Baron\Desktop\EE_297_Repo\EE_297\hardware_imp\vitis_hls\lane_seg_hls\lane_seg\.autopilot\db\lane_seg_top.pp.0.cpp:15299:17: warning: Added loop label VITIS_LOOP_537_15:   [xilinx-label-all-loops]
                for (int j = 45; j >= I_+22; j--){
                ^~~
                VITIS_LOOP_537_15: 
C:\Users\Baron\Desktop\EE_297_Repo\EE_297\hardware_imp\vitis_hls\lane_seg_hls\lane_seg\.autopilot\db\lane_seg_top.pp.0.cpp:15299:17: note: FIX-IT applied suggested code changes
C:\Users\Baron\Desktop\EE_297_Repo\EE_297\hardware_imp\vitis_hls\lane_seg_hls\lane_seg\.autopilot\db\lane_seg_top.pp.0.cpp:15303:17: warning: Added loop label VITIS_LOOP_541_16:   [xilinx-label-all-loops]
                for (int j = I_+21; j >= 0; j--) {
                ^~~
                VITIS_LOOP_541_16: 
C:\Users\Baron\Desktop\EE_297_Repo\EE_297\hardware_imp\vitis_hls\lane_seg_hls\lane_seg\.autopilot\db\lane_seg_top.pp.0.cpp:15303:17: note: FIX-IT applied suggested code changes
C:\Users\Baron\Desktop\EE_297_Repo\EE_297\hardware_imp\vitis_hls\lane_seg_hls\lane_seg\.autopilot\db\lane_seg_top.pp.0.cpp:15313:9: warning: Added loop label VITIS_LOOP_551_17:   [xilinx-label-all-loops]
        for (int j = 32-F_; j < 32+I_; j++){
        ^~~
        VITIS_LOOP_551_17: 
C:\Users\Baron\Desktop\EE_297_Repo\EE_297\hardware_imp\vitis_hls\lane_seg_hls\lane_seg\.autopilot\db\lane_seg_top.pp.0.cpp:15313:9: note: FIX-IT applied suggested code changes
C:\Users\Baron\Desktop\EE_297_Repo\EE_297\hardware_imp\vitis_hls\lane_seg_hls\lane_seg\.autopilot\db\lane_seg_top.pp.0.cpp:15317:9: warning: Added loop label VITIS_LOOP_555_18:   [xilinx-label-all-loops]
        for (int j = 32+I_; j <= 64; j++){
        ^~~
        VITIS_LOOP_555_18: 
C:\Users\Baron\Desktop\EE_297_Repo\EE_297\hardware_imp\vitis_hls\lane_seg_hls\lane_seg\.autopilot\db\lane_seg_top.pp.0.cpp:15317:9: note: FIX-IT applied suggested code changes
C:\Users\Baron\Desktop\EE_297_Repo\EE_297\hardware_imp\vitis_hls\lane_seg_hls\lane_seg\.autopilot\db\lane_seg_top.pp.0.cpp:15327:9: warning: Added loop label VITIS_LOOP_565_19:   [xilinx-label-all-loops]
        for (int j = 37; j < 64; j++) {
        ^~~
        VITIS_LOOP_565_19: 
C:\Users\Baron\Desktop\EE_297_Repo\EE_297\hardware_imp\vitis_hls\lane_seg_hls\lane_seg\.autopilot\db\lane_seg_top.pp.0.cpp:15327:9: note: FIX-IT applied suggested code changes
C:\Users\Baron\Desktop\EE_297_Repo\EE_297\hardware_imp\vitis_hls\lane_seg_hls\lane_seg\.autopilot\db\lane_seg_top.pp.0.cpp:15335:17: warning: Added loop label VITIS_LOOP_573_20:   [xilinx-label-all-loops]
                for (int j = 0; j < 64; j++){
                ^~~
                VITIS_LOOP_573_20: 
C:\Users\Baron\Desktop\EE_297_Repo\EE_297\hardware_imp\vitis_hls\lane_seg_hls\lane_seg\.autopilot\db\lane_seg_top.pp.0.cpp:15335:17: note: FIX-IT applied suggested code changes
C:\Users\Baron\Desktop\EE_297_Repo\EE_297\hardware_imp\vitis_hls\lane_seg_hls\lane_seg\.autopilot\db\lane_seg_top.pp.0.cpp:15696:13: warning: Added loop label VITIS_LOOP_934_21:   [xilinx-label-all-loops]
            for (int j = 63; j >= I_+31; j--) {
            ^~~
            VITIS_LOOP_934_21: 
C:\Users\Baron\Desktop\EE_297_Repo\EE_297\hardware_imp\vitis_hls\lane_seg_hls\lane_seg\.autopilot\db\lane_seg_top.pp.0.cpp:15696:13: note: FIX-IT applied suggested code changes
C:\Users\Baron\Desktop\EE_297_Repo\EE_297\hardware_imp\vitis_hls\lane_seg_hls\lane_seg\.autopilot\db\lane_seg_top.pp.0.cpp:15702:17: warning: Added loop label VITIS_LOOP_940_22:   [xilinx-label-all-loops]
                for (int j = 63; j >= I_+31; j--) {
                ^~~
                VITIS_LOOP_940_22: 
C:\Users\Baron\Desktop\EE_297_Repo\EE_297\hardware_imp\vitis_hls\lane_seg_hls\lane_seg\.autopilot\db\lane_seg_top.pp.0.cpp:15702:17: note: FIX-IT applied suggested code changes
C:\Users\Baron\Desktop\EE_297_Repo\EE_297\hardware_imp\vitis_hls\lane_seg_hls\lane_seg\.autopilot\db\lane_seg_top.pp.0.cpp:15706:17: warning: Added loop label VITIS_LOOP_944_23:   [xilinx-label-all-loops]
                for (int j = I_+30; j >= 0; j--) {
                ^~~
                VITIS_LOOP_944_23: 
C:\Users\Baron\Desktop\EE_297_Repo\EE_297\hardware_imp\vitis_hls\lane_seg_hls\lane_seg\.autopilot\db\lane_seg_top.pp.0.cpp:15706:17: note: FIX-IT applied suggested code changes
C:\Users\Baron\Desktop\EE_297_Repo\EE_297\hardware_imp\vitis_hls\lane_seg_hls\lane_seg\.autopilot\db\lane_seg_top.pp.0.cpp:15822:13: warning: Added loop label VITIS_LOOP_1060_1:   [xilinx-label-all-loops]
            for (int j = 4; j >= I_+1; j--) {
            ^~~
            VITIS_LOOP_1060_1: 
C:\Users\Baron\Desktop\EE_297_Repo\EE_297\hardware_imp\vitis_hls\lane_seg_hls\lane_seg\.autopilot\db\lane_seg_top.pp.0.cpp:15822:13: note: FIX-IT applied suggested code changes
C:\Users\Baron\Desktop\EE_297_Repo\EE_297\hardware_imp\vitis_hls\lane_seg_hls\lane_seg\.autopilot\db\lane_seg_top.pp.0.cpp:15828:17: warning: Added loop label VITIS_LOOP_1066_2:   [xilinx-label-all-loops]
                for (int j = 4; j >= I_+1; j--) {
                ^~~
                VITIS_LOOP_1066_2: 
C:\Users\Baron\Desktop\EE_297_Repo\EE_297\hardware_imp\vitis_hls\lane_seg_hls\lane_seg\.autopilot\db\lane_seg_top.pp.0.cpp:15828:17: note: FIX-IT applied suggested code changes
C:\Users\Baron\Desktop\EE_297_Repo\EE_297\hardware_imp\vitis_hls\lane_seg_hls\lane_seg\.autopilot\db\lane_seg_top.pp.0.cpp:15832:17: warning: Added loop label VITIS_LOOP_1070_3:   [xilinx-label-all-loops]
                for (int j = I_; j >= 0; j--) {
                ^~~
                VITIS_LOOP_1070_3: 
C:\Users\Baron\Desktop\EE_297_Repo\EE_297\hardware_imp\vitis_hls\lane_seg_hls\lane_seg\.autopilot\db\lane_seg_top.pp.0.cpp:15832:17: note: FIX-IT applied suggested code changes
C:\Users\Baron\Desktop\EE_297_Repo\EE_297\hardware_imp\vitis_hls\lane_seg_hls\lane_seg\.autopilot\db\lane_seg_top.pp.0.cpp:15919:13: warning: Added loop label VITIS_LOOP_1157_4:   [xilinx-label-all-loops]
            for (int j = 10; j >= I_+4; j--) {
            ^~~
            VITIS_LOOP_1157_4: 
C:\Users\Baron\Desktop\EE_297_Repo\EE_297\hardware_imp\vitis_hls\lane_seg_hls\lane_seg\.autopilot\db\lane_seg_top.pp.0.cpp:15919:13: note: FIX-IT applied suggested code changes
C:\Users\Baron\Desktop\EE_297_Repo\EE_297\hardware_imp\vitis_hls\lane_seg_hls\lane_seg\.autopilot\db\lane_seg_top.pp.0.cpp:15925:17: warning: Added loop label VITIS_LOOP_1163_5:   [xilinx-label-all-loops]
                for (int j = 10; j >= I_+4; j--) {
                ^~~
                VITIS_LOOP_1163_5: 
C:\Users\Baron\Desktop\EE_297_Repo\EE_297\hardware_imp\vitis_hls\lane_seg_hls\lane_seg\.autopilot\db\lane_seg_top.pp.0.cpp:15925:17: note: FIX-IT applied suggested code changes
C:\Users\Baron\Desktop\EE_297_Repo\EE_297\hardware_imp\vitis_hls\lane_seg_hls\lane_seg\.autopilot\db\lane_seg_top.pp.0.cpp:15929:17: warning: Added loop label VITIS_LOOP_1167_6:   [xilinx-label-all-loops]
                for (int j = I_+3; j >= 0; j--) {
                ^~~
                VITIS_LOOP_1167_6: 
C:\Users\Baron\Desktop\EE_297_Repo\EE_297\hardware_imp\vitis_hls\lane_seg_hls\lane_seg\.autopilot\db\lane_seg_top.pp.0.cpp:15929:17: note: FIX-IT applied suggested code changes
C:\Users\Baron\Desktop\EE_297_Repo\EE_297\hardware_imp\vitis_hls\lane_seg_hls\lane_seg\.autopilot\db\lane_seg_top.pp.0.cpp:15948:9: warning: Added loop label VITIS_LOOP_1186_7:   [xilinx-label-all-loops]
        for (int j = wf+3; j < w-1; j++) {
        ^~~
        VITIS_LOOP_1186_7: 
C:\Users\Baron\Desktop\EE_297_Repo\EE_297\hardware_imp\vitis_hls\lane_seg_hls\lane_seg\.autopilot\db\lane_seg_top.pp.0.cpp:15948:9: note: FIX-IT applied suggested code changes
C:\Users\Baron\Desktop\EE_297_Repo\EE_297\hardware_imp\vitis_hls\lane_seg_hls\lane_seg\.autopilot\db\lane_seg_top.pp.0.cpp:15955:17: warning: Added loop label VITIS_LOOP_1193_8:   [xilinx-label-all-loops]
                for (int j = 0; j < 22; j++) {
                ^~~
                VITIS_LOOP_1193_8: 
C:\Users\Baron\Desktop\EE_297_Repo\EE_297\hardware_imp\vitis_hls\lane_seg_hls\lane_seg\.autopilot\db\lane_seg_top.pp.0.cpp:15955:17: note: FIX-IT applied suggested code changes
C:\Users\Baron\Desktop\EE_297_Repo\EE_297\hardware_imp\vitis_hls\lane_seg_hls\lane_seg\.autopilot\db\lane_seg_top.pp.0.cpp:16071:13: warning: Added loop label VITIS_LOOP_1309_9:   [xilinx-label-all-loops]
            for (int j = 22; j >= I_+10; j--) {
            ^~~
            VITIS_LOOP_1309_9: 
C:\Users\Baron\Desktop\EE_297_Repo\EE_297\hardware_imp\vitis_hls\lane_seg_hls\lane_seg\.autopilot\db\lane_seg_top.pp.0.cpp:16071:13: note: FIX-IT applied suggested code changes
C:\Users\Baron\Desktop\EE_297_Repo\EE_297\hardware_imp\vitis_hls\lane_seg_hls\lane_seg\.autopilot\db\lane_seg_top.pp.0.cpp:16077:17: warning: Added loop label VITIS_LOOP_1315_10:   [xilinx-label-all-loops]
                for (int j = 22; j >= I_+10; j--){
                ^~~
                VITIS_LOOP_1315_10: 
C:\Users\Baron\Desktop\EE_297_Repo\EE_297\hardware_imp\vitis_hls\lane_seg_hls\lane_seg\.autopilot\db\lane_seg_top.pp.0.cpp:16077:17: note: FIX-IT applied suggested code changes
C:\Users\Baron\Desktop\EE_297_Repo\EE_297\hardware_imp\vitis_hls\lane_seg_hls\lane_seg\.autopilot\db\lane_seg_top.pp.0.cpp:16081:17: warning: Added loop label VITIS_LOOP_1319_11:   [xilinx-label-all-loops]
                for (int j = I_+9; j >= 0; j--) {
                ^~~
                VITIS_LOOP_1319_11: 
C:\Users\Baron\Desktop\EE_297_Repo\EE_297\hardware_imp\vitis_hls\lane_seg_hls\lane_seg\.autopilot\db\lane_seg_top.pp.0.cpp:16081:17: note: FIX-IT applied suggested code changes
C:\Users\Baron\Desktop\EE_297_Repo\EE_297\hardware_imp\vitis_hls\lane_seg_hls\lane_seg\.autopilot\db\lane_seg_top.pp.0.cpp:16101:9: warning: Added loop label VITIS_LOOP_1339_12:   [xilinx-label-all-loops]
        for (int j = wf+4; j < w-1; j++){
        ^~~
        VITIS_LOOP_1339_12: 
C:\Users\Baron\Desktop\EE_297_Repo\EE_297\hardware_imp\vitis_hls\lane_seg_hls\lane_seg\.autopilot\db\lane_seg_top.pp.0.cpp:16101:9: note: FIX-IT applied suggested code changes
C:\Users\Baron\Desktop\EE_297_Repo\EE_297\hardware_imp\vitis_hls\lane_seg_hls\lane_seg\.autopilot\db\lane_seg_top.pp.0.cpp:16108:17: warning: Added loop label VITIS_LOOP_1346_13:   [xilinx-label-all-loops]
                for (int j = 0; j < 46; j++) {
                ^~~
                VITIS_LOOP_1346_13: 
C:\Users\Baron\Desktop\EE_297_Repo\EE_297\hardware_imp\vitis_hls\lane_seg_hls\lane_seg\.autopilot\db\lane_seg_top.pp.0.cpp:16108:17: note: FIX-IT applied suggested code changes
C:\Users\Baron\Desktop\EE_297_Repo\EE_297\hardware_imp\vitis_hls\lane_seg_hls\lane_seg\.autopilot\db\lane_seg_top.pp.0.cpp:16370:13: warning: Added loop label VITIS_LOOP_1608_14:   [xilinx-label-all-loops]
            for (int j = 46; j >= I_+22; j--) {
            ^~~
            VITIS_LOOP_1608_14: 
C:\Users\Baron\Desktop\EE_297_Repo\EE_297\hardware_imp\vitis_hls\lane_seg_hls\lane_seg\.autopilot\db\lane_seg_top.pp.0.cpp:16370:13: note: FIX-IT applied suggested code changes
C:\Users\Baron\Desktop\EE_297_Repo\EE_297\hardware_imp\vitis_hls\lane_seg_hls\lane_seg\.autopilot\db\lane_seg_top.pp.0.cpp:16376:17: warning: Added loop label VITIS_LOOP_1614_15:   [xilinx-label-all-loops]
                for (int j = 46; j >= I_+22; j--) {
                ^~~
                VITIS_LOOP_1614_15: 
C:\Users\Baron\Desktop\EE_297_Repo\EE_297\hardware_imp\vitis_hls\lane_seg_hls\lane_seg\.autopilot\db\lane_seg_top.pp.0.cpp:16376:17: note: FIX-IT applied suggested code changes
C:\Users\Baron\Desktop\EE_297_Repo\EE_297\hardware_imp\vitis_hls\lane_seg_hls\lane_seg\.autopilot\db\lane_seg_top.pp.0.cpp:16380:17: warning: Added loop label VITIS_LOOP_1618_16:   [xilinx-label-all-loops]
                for (int j = I_+21; j >= 0; j--) {
                ^~~
                VITIS_LOOP_1618_16: 
C:\Users\Baron\Desktop\EE_297_Repo\EE_297\hardware_imp\vitis_hls\lane_seg_hls\lane_seg\.autopilot\db\lane_seg_top.pp.0.cpp:16380:17: note: FIX-IT applied suggested code changes
C:\Users\Baron\Desktop\EE_297_Repo\EE_297\hardware_imp\vitis_hls\lane_seg_hls\lane_seg\.autopilot\db\lane_seg_top.pp.0.cpp:16404:9: warning: Added loop label VITIS_LOOP_1642_17:   [xilinx-label-all-loops]
        for (int j = wf+5; j < w-1; j++){
        ^~~
        VITIS_LOOP_1642_17: 
C:\Users\Baron\Desktop\EE_297_Repo\EE_297\hardware_imp\vitis_hls\lane_seg_hls\lane_seg\.autopilot\db\lane_seg_top.pp.0.cpp:16404:9: note: FIX-IT applied suggested code changes
C:\Users\Baron\Desktop\EE_297_Repo\EE_297\hardware_imp\vitis_hls\lane_seg_hls\lane_seg\.autopilot\db\lane_seg_top.pp.0.cpp:16411:17: warning: Added loop label VITIS_LOOP_1649_18:   [xilinx-label-all-loops]
                for (int j = 0; j < 64; j++) {
                ^~~
                VITIS_LOOP_1649_18: 
C:\Users\Baron\Desktop\EE_297_Repo\EE_297\hardware_imp\vitis_hls\lane_seg_hls\lane_seg\.autopilot\db\lane_seg_top.pp.0.cpp:16411:17: note: FIX-IT applied suggested code changes
C:\Users\Baron\Desktop\EE_297_Repo\EE_297\hardware_imp\vitis_hls\lane_seg_hls\lane_seg\.autopilot\db\lane_seg_top.pp.0.cpp:16841:13: warning: Added loop label VITIS_LOOP_2079_19:   [xilinx-label-all-loops]
            for (int j = 64; j >= I_+31; j--) {
            ^~~
            VITIS_LOOP_2079_19: 
C:\Users\Baron\Desktop\EE_297_Repo\EE_297\hardware_imp\vitis_hls\lane_seg_hls\lane_seg\.autopilot\db\lane_seg_top.pp.0.cpp:16841:13: note: FIX-IT applied suggested code changes
C:\Users\Baron\Desktop\EE_297_Repo\EE_297\hardware_imp\vitis_hls\lane_seg_hls\lane_seg\.autopilot\db\lane_seg_top.pp.0.cpp:16847:17: warning: Added loop label VITIS_LOOP_2085_20:   [xilinx-label-all-loops]
                for (int j = 64; j >= I_+31; j--) {
                ^~~
                VITIS_LOOP_2085_20: 
C:\Users\Baron\Desktop\EE_297_Repo\EE_297\hardware_imp\vitis_hls\lane_seg_hls\lane_seg\.autopilot\db\lane_seg_top.pp.0.cpp:16847:17: note: FIX-IT applied suggested code changes
C:\Users\Baron\Desktop\EE_297_Repo\EE_297\hardware_imp\vitis_hls\lane_seg_hls\lane_seg\.autopilot\db\lane_seg_top.pp.0.cpp:16851:17: warning: Added loop label VITIS_LOOP_2089_21:   [xilinx-label-all-loops]
                for (int j = I_+30; j >= 0; j--) {
                ^~~
                VITIS_LOOP_2089_21: 
C:\Users\Baron\Desktop\EE_297_Repo\EE_297\hardware_imp\vitis_hls\lane_seg_hls\lane_seg\.autopilot\db\lane_seg_top.pp.0.cpp:16851:17: note: FIX-IT applied suggested code changes
C:\Users\Baron\Desktop\EE_297_Repo\EE_297\hardware_imp\vitis_hls\lane_seg_hls\lane_seg\.autopilot\db\lane_seg_top.pp.0.cpp:16981:13: warning: Added loop label VITIS_LOOP_2219_1:   [xilinx-label-all-loops]
            for(int j=3; j>=I+1; j--) {
            ^~~
            VITIS_LOOP_2219_1: 
C:\Users\Baron\Desktop\EE_297_Repo\EE_297\hardware_imp\vitis_hls\lane_seg_hls\lane_seg\.autopilot\db\lane_seg_top.pp.0.cpp:16981:13: note: FIX-IT applied suggested code changes
C:\Users\Baron\Desktop\EE_297_Repo\EE_297\hardware_imp\vitis_hls\lane_seg_hls\lane_seg\.autopilot\db\lane_seg_top.pp.0.cpp:16988:17: warning: Added loop label VITIS_LOOP_2226_2:   [xilinx-label-all-loops]
                for(int j=3; j>=I+1; j--) {
                ^~~
                VITIS_LOOP_2226_2: 
C:\Users\Baron\Desktop\EE_297_Repo\EE_297\hardware_imp\vitis_hls\lane_seg_hls\lane_seg\.autopilot\db\lane_seg_top.pp.0.cpp:16988:17: note: FIX-IT applied suggested code changes
C:\Users\Baron\Desktop\EE_297_Repo\EE_297\hardware_imp\vitis_hls\lane_seg_hls\lane_seg\.autopilot\db\lane_seg_top.pp.0.cpp:16992:17: warning: Added loop label VITIS_LOOP_2230_3:   [xilinx-label-all-loops]
                for(int j=I; j>=0; j--) {
                ^~~
                VITIS_LOOP_2230_3: 
C:\Users\Baron\Desktop\EE_297_Repo\EE_297\hardware_imp\vitis_hls\lane_seg_hls\lane_seg\.autopilot\db\lane_seg_top.pp.0.cpp:16992:17: note: FIX-IT applied suggested code changes
C:\Users\Baron\Desktop\EE_297_Repo\EE_297\hardware_imp\vitis_hls\lane_seg_hls\lane_seg\.autopilot\db\lane_seg_top.pp.0.cpp:17039:13: warning: Added loop label VITIS_LOOP_2277_4:   [xilinx-label-all-loops]
            for(int j=7; j>=3+I; j--) {
            ^~~
            VITIS_LOOP_2277_4: 
C:\Users\Baron\Desktop\EE_297_Repo\EE_297\hardware_imp\vitis_hls\lane_seg_hls\lane_seg\.autopilot\db\lane_seg_top.pp.0.cpp:17039:13: note: FIX-IT applied suggested code changes
C:\Users\Baron\Desktop\EE_297_Repo\EE_297\hardware_imp\vitis_hls\lane_seg_hls\lane_seg\.autopilot\db\lane_seg_top.pp.0.cpp:17046:17: warning: Added loop label VITIS_LOOP_2284_5:   [xilinx-label-all-loops]
                for(int j=7; j>=3+I; j--) {
                ^~~
                VITIS_LOOP_2284_5: 
C:\Users\Baron\Desktop\EE_297_Repo\EE_297\hardware_imp\vitis_hls\lane_seg_hls\lane_seg\.autopilot\db\lane_seg_top.pp.0.cpp:17046:17: note: FIX-IT applied suggested code changes
C:\Users\Baron\Desktop\EE_297_Repo\EE_297\hardware_imp\vitis_hls\lane_seg_hls\lane_seg\.autopilot\db\lane_seg_top.pp.0.cpp:17050:17: warning: Added loop label VITIS_LOOP_2288_6:   [xilinx-label-all-loops]
                for(int j=I+2; j>=0; j--) {
                ^~~
                VITIS_LOOP_2288_6: 
C:\Users\Baron\Desktop\EE_297_Repo\EE_297\hardware_imp\vitis_hls\lane_seg_hls\lane_seg\.autopilot\db\lane_seg_top.pp.0.cpp:17050:17: note: FIX-IT applied suggested code changes
C:\Users\Baron\Desktop\EE_297_Repo\EE_297\hardware_imp\vitis_hls\lane_seg_hls\lane_seg\.autopilot\db\lane_seg_top.pp.0.cpp:17068:9: warning: Added loop label VITIS_LOOP_2306_7:   [xilinx-label-all-loops]
        for(int j=11; j<16; j++) {
        ^~~
        VITIS_LOOP_2306_7: 
C:\Users\Baron\Desktop\EE_297_Repo\EE_297\hardware_imp\vitis_hls\lane_seg_hls\lane_seg\.autopilot\db\lane_seg_top.pp.0.cpp:17068:9: note: FIX-IT applied suggested code changes
C:\Users\Baron\Desktop\EE_297_Repo\EE_297\hardware_imp\vitis_hls\lane_seg_hls\lane_seg\.autopilot\db\lane_seg_top.pp.0.cpp:17123:13: warning: Added loop label VITIS_LOOP_2361_8:   [xilinx-label-all-loops]
            for(int j=15; j>=7+I; j--) {
            ^~~
            VITIS_LOOP_2361_8: 
C:\Users\Baron\Desktop\EE_297_Repo\EE_297\hardware_imp\vitis_hls\lane_seg_hls\lane_seg\.autopilot\db\lane_seg_top.pp.0.cpp:17123:13: note: FIX-IT applied suggested code changes
C:\Users\Baron\Desktop\EE_297_Repo\EE_297\hardware_imp\vitis_hls\lane_seg_hls\lane_seg\.autopilot\db\lane_seg_top.pp.0.cpp:17130:17: warning: Added loop label VITIS_LOOP_2368_9:   [xilinx-label-all-loops]
                for(int j=15; j>=7+I; j--) {
                ^~~
                VITIS_LOOP_2368_9: 
C:\Users\Baron\Desktop\EE_297_Repo\EE_297\hardware_imp\vitis_hls\lane_seg_hls\lane_seg\.autopilot\db\lane_seg_top.pp.0.cpp:17130:17: note: FIX-IT applied suggested code changes
C:\Users\Baron\Desktop\EE_297_Repo\EE_297\hardware_imp\vitis_hls\lane_seg_hls\lane_seg\.autopilot\db\lane_seg_top.pp.0.cpp:17134:17: warning: Added loop label VITIS_LOOP_2372_10:   [xilinx-label-all-loops]
                for(int j=6+I; j>=0; j--) {
                ^~~
                VITIS_LOOP_2372_10: 
C:\Users\Baron\Desktop\EE_297_Repo\EE_297\hardware_imp\vitis_hls\lane_seg_hls\lane_seg\.autopilot\db\lane_seg_top.pp.0.cpp:17134:17: note: FIX-IT applied suggested code changes
C:\Users\Baron\Desktop\EE_297_Repo\EE_297\hardware_imp\vitis_hls\lane_seg_hls\lane_seg\.autopilot\db\lane_seg_top.pp.0.cpp:17152:9: warning: Added loop label VITIS_LOOP_2390_11:   [xilinx-label-all-loops]
        for(int j=20; j<32; j++) {
        ^~~
        VITIS_LOOP_2390_11: 
C:\Users\Baron\Desktop\EE_297_Repo\EE_297\hardware_imp\vitis_hls\lane_seg_hls\lane_seg\.autopilot\db\lane_seg_top.pp.0.cpp:17152:9: note: FIX-IT applied suggested code changes
C:\Users\Baron\Desktop\EE_297_Repo\EE_297\hardware_imp\vitis_hls\lane_seg_hls\lane_seg\.autopilot\db\lane_seg_top.pp.0.cpp:17241:13: warning: Added loop label VITIS_LOOP_2479_12:   [xilinx-label-all-loops]
            for(int j=31; j>=I+15; j--) {
            ^~~
            VITIS_LOOP_2479_12: 
C:\Users\Baron\Desktop\EE_297_Repo\EE_297\hardware_imp\vitis_hls\lane_seg_hls\lane_seg\.autopilot\db\lane_seg_top.pp.0.cpp:17241:13: note: FIX-IT applied suggested code changes
C:\Users\Baron\Desktop\EE_297_Repo\EE_297\hardware_imp\vitis_hls\lane_seg_hls\lane_seg\.autopilot\db\lane_seg_top.pp.0.cpp:17248:17: warning: Added loop label VITIS_LOOP_2486_13:   [xilinx-label-all-loops]
                for(int j=31; j>=I+15; j--) {
                ^~~
                VITIS_LOOP_2486_13: 
C:\Users\Baron\Desktop\EE_297_Repo\EE_297\hardware_imp\vitis_hls\lane_seg_hls\lane_seg\.autopilot\db\lane_seg_top.pp.0.cpp:17248:17: note: FIX-IT applied suggested code changes
C:\Users\Baron\Desktop\EE_297_Repo\EE_297\hardware_imp\vitis_hls\lane_seg_hls\lane_seg\.autopilot\db\lane_seg_top.pp.0.cpp:17252:17: warning: Added loop label VITIS_LOOP_2490_14:   [xilinx-label-all-loops]
                for(int j=I+14; j>=0; j--) {
                ^~~
                VITIS_LOOP_2490_14: 
C:\Users\Baron\Desktop\EE_297_Repo\EE_297\hardware_imp\vitis_hls\lane_seg_hls\lane_seg\.autopilot\db\lane_seg_top.pp.0.cpp:17252:17: note: FIX-IT applied suggested code changes
C:\Users\Baron\Desktop\EE_297_Repo\EE_297\hardware_imp\vitis_hls\lane_seg_hls\lane_seg\.autopilot\db\lane_seg_top.pp.0.cpp:17262:9: warning: Added loop label VITIS_LOOP_2500_15:   [xilinx-label-all-loops]
        for(int j=32-F; j<32+I; j++) {
        ^~~
        VITIS_LOOP_2500_15: 
C:\Users\Baron\Desktop\EE_297_Repo\EE_297\hardware_imp\vitis_hls\lane_seg_hls\lane_seg\.autopilot\db\lane_seg_top.pp.0.cpp:17262:9: note: FIX-IT applied suggested code changes
C:\Users\Baron\Desktop\EE_297_Repo\EE_297\hardware_imp\vitis_hls\lane_seg_hls\lane_seg\.autopilot\db\lane_seg_top.pp.0.cpp:17266:9: warning: Added loop label VITIS_LOOP_2504_16:   [xilinx-label-all-loops]
        for(int j=32+I; j<=64; j++) {
        ^~~
        VITIS_LOOP_2504_16: 
C:\Users\Baron\Desktop\EE_297_Repo\EE_297\hardware_imp\vitis_hls\lane_seg_hls\lane_seg\.autopilot\db\lane_seg_top.pp.0.cpp:17266:9: note: FIX-IT applied suggested code changes
C:\Users\Baron\Desktop\EE_297_Repo\EE_297\hardware_imp\vitis_hls\lane_seg_hls\lane_seg\.autopilot\db\lane_seg_top.pp.0.cpp:17277:9: warning: Added loop label VITIS_LOOP_2515_17:   [xilinx-label-all-loops]
        for(int j=37; j<64; j++) {
        ^~~
        VITIS_LOOP_2515_17: 
C:\Users\Baron\Desktop\EE_297_Repo\EE_297\hardware_imp\vitis_hls\lane_seg_hls\lane_seg\.autopilot\db\lane_seg_top.pp.0.cpp:17277:9: note: FIX-IT applied suggested code changes
C:\Users\Baron\Desktop\EE_297_Repo\EE_297\hardware_imp\vitis_hls\lane_seg_hls\lane_seg\.autopilot\db\lane_seg_top.pp.0.cpp:17285:17: warning: Added loop label VITIS_LOOP_2523_18:   [xilinx-label-all-loops]
                for(int j=0; j<64; j++) {
                ^~~
                VITIS_LOOP_2523_18: 
C:\Users\Baron\Desktop\EE_297_Repo\EE_297\hardware_imp\vitis_hls\lane_seg_hls\lane_seg\.autopilot\db\lane_seg_top.pp.0.cpp:17285:17: note: FIX-IT applied suggested code changes
C:\Users\Baron\Desktop\EE_297_Repo\EE_297\hardware_imp\vitis_hls\lane_seg_hls\lane_seg\.autopilot\db\lane_seg_top.pp.0.cpp:17610:13: warning: Added loop label VITIS_LOOP_2848_19:   [xilinx-label-all-loops]
            for(int j=63; j>=I+31; j--) {
            ^~~
            VITIS_LOOP_2848_19: 
C:\Users\Baron\Desktop\EE_297_Repo\EE_297\hardware_imp\vitis_hls\lane_seg_hls\lane_seg\.autopilot\db\lane_seg_top.pp.0.cpp:17610:13: note: FIX-IT applied suggested code changes
C:\Users\Baron\Desktop\EE_297_Repo\EE_297\hardware_imp\vitis_hls\lane_seg_hls\lane_seg\.autopilot\db\lane_seg_top.pp.0.cpp:17617:17: warning: Added loop label VITIS_LOOP_2855_20:   [xilinx-label-all-loops]
                for(int j=63; j>=I+31; j--) {
                ^~~
                VITIS_LOOP_2855_20: 
C:\Users\Baron\Desktop\EE_297_Repo\EE_297\hardware_imp\vitis_hls\lane_seg_hls\lane_seg\.autopilot\db\lane_seg_top.pp.0.cpp:17617:17: note: FIX-IT applied suggested code changes
C:\Users\Baron\Desktop\EE_297_Repo\EE_297\hardware_imp\vitis_hls\lane_seg_hls\lane_seg\.autopilot\db\lane_seg_top.pp.0.cpp:17621:17: warning: Added loop label VITIS_LOOP_2859_21:   [xilinx-label-all-loops]
                for(int j=I+30; j>=0; j--) {
                ^~~
                VITIS_LOOP_2859_21: 
C:\Users\Baron\Desktop\EE_297_Repo\EE_297\hardware_imp\vitis_hls\lane_seg_hls\lane_seg\.autopilot\db\lane_seg_top.pp.0.cpp:17621:17: note: FIX-IT applied suggested code changes
C:\Users\Baron\Desktop\EE_297_Repo\EE_297\hardware_imp\vitis_hls\lane_seg_hls\lane_seg\.autopilot\db\lane_seg_top.pp.0.cpp:17709:4: warning: Added loop label VITIS_LOOP_2947_1:   [xilinx-label-all-loops]
   for(int j = 5; j>=I_+2; j--) {
   ^~~
   VITIS_LOOP_2947_1: 
C:\Users\Baron\Desktop\EE_297_Repo\EE_297\hardware_imp\vitis_hls\lane_seg_hls\lane_seg\.autopilot\db\lane_seg_top.pp.0.cpp:17709:4: note: FIX-IT applied suggested code changes
C:\Users\Baron\Desktop\EE_297_Repo\EE_297\hardware_imp\vitis_hls\lane_seg_hls\lane_seg\.autopilot\db\lane_seg_top.pp.0.cpp:17716:5: warning: Added loop label VITIS_LOOP_2954_2:   [xilinx-label-all-loops]
    for(int j = 5; j>=I_+2; j--) {
    ^~~
    VITIS_LOOP_2954_2: 
C:\Users\Baron\Desktop\EE_297_Repo\EE_297\hardware_imp\vitis_hls\lane_seg_hls\lane_seg\.autopilot\db\lane_seg_top.pp.0.cpp:17716:5: note: FIX-IT applied suggested code changes
C:\Users\Baron\Desktop\EE_297_Repo\EE_297\hardware_imp\vitis_hls\lane_seg_hls\lane_seg\.autopilot\db\lane_seg_top.pp.0.cpp:17720:5: warning: Added loop label VITIS_LOOP_2958_3:   [xilinx-label-all-loops]
    for(int j = I_+1; j>=0; j--) {
    ^~~
    VITIS_LOOP_2958_3: 
C:\Users\Baron\Desktop\EE_297_Repo\EE_297\hardware_imp\vitis_hls\lane_seg_hls\lane_seg\.autopilot\db\lane_seg_top.pp.0.cpp:17720:5: note: FIX-IT applied suggested code changes
C:\Users\Baron\Desktop\EE_297_Repo\EE_297\hardware_imp\vitis_hls\lane_seg_hls\lane_seg\.autopilot\db\lane_seg_top.pp.0.cpp:17735:3: warning: Added loop label VITIS_LOOP_2973_4:   [xilinx-label-all-loops]
  for(int j = 11; j >=7; j--) {
  ^~~
  VITIS_LOOP_2973_4: 
C:\Users\Baron\Desktop\EE_297_Repo\EE_297\hardware_imp\vitis_hls\lane_seg_hls\lane_seg\.autopilot\db\lane_seg_top.pp.0.cpp:17735:3: note: FIX-IT applied suggested code changes
C:\Users\Baron\Desktop\EE_297_Repo\EE_297\hardware_imp\vitis_hls\lane_seg_hls\lane_seg\.autopilot\db\lane_seg_top.pp.0.cpp:17767:4: warning: Added loop label VITIS_LOOP_3005_5:   [xilinx-label-all-loops]
   for(int j = 11; j >= I_+5; j--) {
   ^~~
   VITIS_LOOP_3005_5: 
C:\Users\Baron\Desktop\EE_297_Repo\EE_297\hardware_imp\vitis_hls\lane_seg_hls\lane_seg\.autopilot\db\lane_seg_top.pp.0.cpp:17767:4: note: FIX-IT applied suggested code changes
C:\Users\Baron\Desktop\EE_297_Repo\EE_297\hardware_imp\vitis_hls\lane_seg_hls\lane_seg\.autopilot\db\lane_seg_top.pp.0.cpp:17774:5: warning: Added loop label VITIS_LOOP_3012_6:   [xilinx-label-all-loops]
    for(int j = 11; j>= I_+5; j--) {
    ^~~
    VITIS_LOOP_3012_6: 
C:\Users\Baron\Desktop\EE_297_Repo\EE_297\hardware_imp\vitis_hls\lane_seg_hls\lane_seg\.autopilot\db\lane_seg_top.pp.0.cpp:17774:5: note: FIX-IT applied suggested code changes
C:\Users\Baron\Desktop\EE_297_Repo\EE_297\hardware_imp\vitis_hls\lane_seg_hls\lane_seg\.autopilot\db\lane_seg_top.pp.0.cpp:17778:5: warning: Added loop label VITIS_LOOP_3016_7:   [xilinx-label-all-loops]
    for(int j = I_+4; j>=0; j--) {
    ^~~
    VITIS_LOOP_3016_7: 
C:\Users\Baron\Desktop\EE_297_Repo\EE_297\hardware_imp\vitis_hls\lane_seg_hls\lane_seg\.autopilot\db\lane_seg_top.pp.0.cpp:17778:5: note: FIX-IT applied suggested code changes
C:\Users\Baron\Desktop\EE_297_Repo\EE_297\hardware_imp\vitis_hls\lane_seg_hls\lane_seg\.autopilot\db\lane_seg_top.pp.0.cpp:17793:3: warning: Added loop label VITIS_LOOP_3031_8:   [xilinx-label-all-loops]
  for(int j = 25; j>=15; j--) {
  ^~~
  VITIS_LOOP_3031_8: 
C:\Users\Baron\Desktop\EE_297_Repo\EE_297\hardware_imp\vitis_hls\lane_seg_hls\lane_seg\.autopilot\db\lane_seg_top.pp.0.cpp:17793:3: note: FIX-IT applied suggested code changes
C:\Users\Baron\Desktop\EE_297_Repo\EE_297\hardware_imp\vitis_hls\lane_seg_hls\lane_seg\.autopilot\db\lane_seg_top.pp.0.cpp:17843:4: warning: Added loop label VITIS_LOOP_3081_9:   [xilinx-label-all-loops]
   for(int j = 25; j>= I_+12; j--) {
   ^~~
   VITIS_LOOP_3081_9: 
C:\Users\Baron\Desktop\EE_297_Repo\EE_297\hardware_imp\vitis_hls\lane_seg_hls\lane_seg\.autopilot\db\lane_seg_top.pp.0.cpp:17843:4: note: FIX-IT applied suggested code changes
C:\Users\Baron\Desktop\EE_297_Repo\EE_297\hardware_imp\vitis_hls\lane_seg_hls\lane_seg\.autopilot\db\lane_seg_top.pp.0.cpp:17850:5: warning: Added loop label VITIS_LOOP_3088_10:   [xilinx-label-all-loops]
    for(int j = 25; j>=I_+12; j--) {
    ^~~
    VITIS_LOOP_3088_10: 
C:\Users\Baron\Desktop\EE_297_Repo\EE_297\hardware_imp\vitis_hls\lane_seg_hls\lane_seg\.autopilot\db\lane_seg_top.pp.0.cpp:17850:5: note: FIX-IT applied suggested code changes
C:\Users\Baron\Desktop\EE_297_Repo\EE_297\hardware_imp\vitis_hls\lane_seg_hls\lane_seg\.autopilot\db\lane_seg_top.pp.0.cpp:17854:5: warning: Added loop label VITIS_LOOP_3092_11:   [xilinx-label-all-loops]
    for(int j = I_+11; j>=0; j--) {
    ^~~
    VITIS_LOOP_3092_11: 
C:\Users\Baron\Desktop\EE_297_Repo\EE_297\hardware_imp\vitis_hls\lane_seg_hls\lane_seg\.autopilot\db\lane_seg_top.pp.0.cpp:17854:5: note: FIX-IT applied suggested code changes
C:\Users\Baron\Desktop\EE_297_Repo\EE_297\hardware_imp\vitis_hls\lane_seg_hls\lane_seg\.autopilot\db\lane_seg_top.pp.0.cpp:17869:3: warning: Added loop label VITIS_LOOP_3107_12:   [xilinx-label-all-loops]
  for(int j = 51; j >= 29; j--) {
  ^~~
  VITIS_LOOP_3107_12: 
C:\Users\Baron\Desktop\EE_297_Repo\EE_297\hardware_imp\vitis_hls\lane_seg_hls\lane_seg\.autopilot\db\lane_seg_top.pp.0.cpp:17869:3: note: FIX-IT applied suggested code changes
C:\Users\Baron\Desktop\EE_297_Repo\EE_297\hardware_imp\vitis_hls\lane_seg_hls\lane_seg\.autopilot\db\lane_seg_top.pp.0.cpp:18006:4: warning: Added loop label VITIS_LOOP_3244_13:   [xilinx-label-all-loops]
   for(int j = 51; j >= 25 + I_; j--) {
   ^~~
   VITIS_LOOP_3244_13: 
C:\Users\Baron\Desktop\EE_297_Repo\EE_297\hardware_imp\vitis_hls\lane_seg_hls\lane_seg\.autopilot\db\lane_seg_top.pp.0.cpp:18006:4: note: FIX-IT applied suggested code changes
C:\Users\Baron\Desktop\EE_297_Repo\EE_297\hardware_imp\vitis_hls\lane_seg_hls\lane_seg\.autopilot\db\lane_seg_top.pp.0.cpp:18013:5: warning: Added loop label VITIS_LOOP_3251_14:   [xilinx-label-all-loops]
    for(int j = 51; j>=25 + I_; j--) {
    ^~~
    VITIS_LOOP_3251_14: 
C:\Users\Baron\Desktop\EE_297_Repo\EE_297\hardware_imp\vitis_hls\lane_seg_hls\lane_seg\.autopilot\db\lane_seg_top.pp.0.cpp:18013:5: note: FIX-IT applied suggested code changes
C:\Users\Baron\Desktop\EE_297_Repo\EE_297\hardware_imp\vitis_hls\lane_seg_hls\lane_seg\.autopilot\db\lane_seg_top.pp.0.cpp:18017:5: warning: Added loop label VITIS_LOOP_3255_15:   [xilinx-label-all-loops]
    for(int j = 24 + I_; j >= 0; j--) {
    ^~~
    VITIS_LOOP_3255_15: 
C:\Users\Baron\Desktop\EE_297_Repo\EE_297\hardware_imp\vitis_hls\lane_seg_hls\lane_seg\.autopilot\db\lane_seg_top.pp.0.cpp:18017:5: note: FIX-IT applied suggested code changes
C:\Users\Baron\Desktop\EE_297_Repo\EE_297\hardware_imp\vitis_hls\lane_seg_hls\lane_seg\.autopilot\db\lane_seg_top.pp.0.cpp:18032:3: warning: Added loop label VITIS_LOOP_3270_16:   [xilinx-label-all-loops]
  for(int j = 63; j >= 36; j--) {
  ^~~
  VITIS_LOOP_3270_16: 
C:\Users\Baron\Desktop\EE_297_Repo\EE_297\hardware_imp\vitis_hls\lane_seg_hls\lane_seg\.autopilot\db\lane_seg_top.pp.0.cpp:18032:3: note: FIX-IT applied suggested code changes
C:\Users\Baron\Desktop\EE_297_Repo\EE_297\hardware_imp\vitis_hls\lane_seg_hls\lane_seg\.autopilot\db\lane_seg_top.pp.0.cpp:18192:4: warning: Added loop label VITIS_LOOP_3430_17:   [xilinx-label-all-loops]
   for(int j = 63; j >= 31 + I_; j--) {
   ^~~
   VITIS_LOOP_3430_17: 
C:\Users\Baron\Desktop\EE_297_Repo\EE_297\hardware_imp\vitis_hls\lane_seg_hls\lane_seg\.autopilot\db\lane_seg_top.pp.0.cpp:18192:4: note: FIX-IT applied suggested code changes
C:\Users\Baron\Desktop\EE_297_Repo\EE_297\hardware_imp\vitis_hls\lane_seg_hls\lane_seg\.autopilot\db\lane_seg_top.pp.0.cpp:18199:5: warning: Added loop label VITIS_LOOP_3437_18:   [xilinx-label-all-loops]
    for(int j = 63; j >= 31 + I_; j--) {
    ^~~
    VITIS_LOOP_3437_18: 
C:\Users\Baron\Desktop\EE_297_Repo\EE_297\hardware_imp\vitis_hls\lane_seg_hls\lane_seg\.autopilot\db\lane_seg_top.pp.0.cpp:18199:5: note: FIX-IT applied suggested code changes
C:\Users\Baron\Desktop\EE_297_Repo\EE_297\hardware_imp\vitis_hls\lane_seg_hls\lane_seg\.autopilot\db\lane_seg_top.pp.0.cpp:18203:5: warning: Added loop label VITIS_LOOP_3441_19:   [xilinx-label-all-loops]
    for(int j = 30 + I_; j >= 0; j--) {
    ^~~
    VITIS_LOOP_3441_19: 
C:\Users\Baron\Desktop\EE_297_Repo\EE_297\hardware_imp\vitis_hls\lane_seg_hls\lane_seg\.autopilot\db\lane_seg_top.pp.0.cpp:18203:5: note: FIX-IT applied suggested code changes
C:\Users\Baron\Desktop\EE_297_Repo\EE_297\hardware_imp\vitis_hls\lane_seg_hls\lane_seg\.autopilot\db\lane_seg_top.pp.0.cpp:18918:13: warning: Added loop label VITIS_LOOP_729_1:   [xilinx-label-all-loops]
            for (b_exp = I_-1; b_exp >= -F_; b_exp--) {
            ^~~
            VITIS_LOOP_729_1: 
C:\Users\Baron\Desktop\EE_297_Repo\EE_297\hardware_imp\vitis_hls\lane_seg_hls\lane_seg\.autopilot\db\lane_seg_top.pp.0.cpp:18918:13: note: FIX-IT applied suggested code changes
C:\Users\Baron\Desktop\EE_297_Repo\EE_297\hardware_imp\vitis_hls\lane_seg_hls\lane_seg\.autopilot\db\lane_seg_top.pp.0.cpp:19136:13: warning: Added loop label VITIS_LOOP_947_1:   [xilinx-label-all-loops]
            for (b_exp = I_-1; b_exp >= -F_; b_exp--) {
            ^~~
            VITIS_LOOP_947_1: 
C:\Users\Baron\Desktop\EE_297_Repo\EE_297\hardware_imp\vitis_hls\lane_seg_hls\lane_seg\.autopilot\db\lane_seg_top.pp.0.cpp:19136:13: note: FIX-IT applied suggested code changes
C:\Users\Baron\Desktop\EE_297_Repo\EE_297\hardware_imp\vitis_hls\lane_seg_hls\lane_seg\.autopilot\db\lane_seg_top.pp.0.cpp:19553:13: warning: Added loop label VITIS_LOOP_1371_1:   [xilinx-label-all-loops]
            for (b_exp = I_-1; b_exp >= -F_; b_exp--) {
            ^~~
            VITIS_LOOP_1371_1: 
C:\Users\Baron\Desktop\EE_297_Repo\EE_297\hardware_imp\vitis_hls\lane_seg_hls\lane_seg\.autopilot\db\lane_seg_top.pp.0.cpp:19553:13: note: FIX-IT applied suggested code changes
C:\Users\Baron\Desktop\EE_297_Repo\EE_297\hardware_imp\vitis_hls\lane_seg_hls\lane_seg\.autopilot\db\lane_seg_top.pp.0.cpp:19867:9: warning: Added loop label VITIS_LOOP_266_1:   [xilinx-label-all-loops]
        for ( int pos = msbr-1; pos >= 0; pos-- ) {
        ^~~
        VITIS_LOOP_266_1: 
C:\Users\Baron\Desktop\EE_297_Repo\EE_297\hardware_imp\vitis_hls\lane_seg_hls\lane_seg\.autopilot\db\lane_seg_top.pp.0.cpp:19867:9: note: FIX-IT applied suggested code changes
C:\Users\Baron\Desktop\EE_297_Repo\EE_297\hardware_imp\vitis_hls\lane_seg_hls\lane_seg\.autopilot\db\lane_seg_top.pp.0.cpp:19895:9: warning: Added loop label VITIS_LOOP_294_2:   [xilinx-label-all-loops]
        for ( int pos = -1; pos >= -F_-1; pos-- ) {
        ^~~
        VITIS_LOOP_294_2: 
C:\Users\Baron\Desktop\EE_297_Repo\EE_297\hardware_imp\vitis_hls\lane_seg_hls\lane_seg\.autopilot\db\lane_seg_top.pp.0.cpp:19895:9: note: FIX-IT applied suggested code changes
C:\Users\Baron\Desktop\EE_297_Repo\EE_297\hardware_imp\vitis_hls\lane_seg_hls\lane_seg\.autopilot\db\lane_seg_top.pp.0.cpp:20590:13: warning: Added loop label VITIS_LOOP_74_1:   [xilinx-label-all-loops]
            for (int j = 0; j < W_-1; j++){
            ^~~
            VITIS_LOOP_74_1: 
C:\Users\Baron\Desktop\EE_297_Repo\EE_297\hardware_imp\vitis_hls\lane_seg_hls\lane_seg\.autopilot\db\lane_seg_top.pp.0.cpp:20590:13: note: FIX-IT applied suggested code changes
C:\Users\Baron\Desktop\EE_297_Repo\EE_297\hardware_imp\vitis_hls\lane_seg_hls\lane_seg\.autopilot\db\lane_seg_top.pp.0.cpp:20643:5: warning: Added loop label VITIS_LOOP_135_2:   [xilinx-label-all-loops]
    for (int j = F_l+F_+I_m-1; j < F_l+W_+5; j++){
    ^~~
    VITIS_LOOP_135_2: 
C:\Users\Baron\Desktop\EE_297_Repo\EE_297\hardware_imp\vitis_hls\lane_seg_hls\lane_seg\.autopilot\db\lane_seg_top.pp.0.cpp:20643:5: note: FIX-IT applied suggested code changes
C:\Users\Baron\Desktop\EE_297_Repo\EE_297\hardware_imp\vitis_hls\lane_seg_hls\lane_seg\.autopilot\db\lane_seg_top.pp.0.cpp:20657:13: warning: Added loop label VITIS_LOOP_149_3:   [xilinx-label-all-loops]
            for (int j = WO_m-1; j >= W_-1; j--) {
            ^~~
            VITIS_LOOP_149_3: 
C:\Users\Baron\Desktop\EE_297_Repo\EE_297\hardware_imp\vitis_hls\lane_seg_hls\lane_seg\.autopilot\db\lane_seg_top.pp.0.cpp:20657:13: note: FIX-IT applied suggested code changes
C:\Users\Baron\Desktop\EE_297_Repo\EE_297\hardware_imp\vitis_hls\lane_seg_hls\lane_seg\.autopilot\db\lane_seg_top.pp.0.cpp:20687:13: warning: Added loop label VITIS_LOOP_179_4:   [xilinx-label-all-loops]
            for (int j = W_-2; j >= 0; j--){
            ^~~
            VITIS_LOOP_179_4: 
C:\Users\Baron\Desktop\EE_297_Repo\EE_297\hardware_imp\vitis_hls\lane_seg_hls\lane_seg\.autopilot\db\lane_seg_top.pp.0.cpp:20687:13: note: FIX-IT applied suggested code changes
C:\Users\Baron\Desktop\EE_297_Repo\EE_297\hardware_imp\vitis_hls\lane_seg_hls\lane_seg\.autopilot\db\lane_seg_top.pp.0.cpp:20772:12: warning: Added loop label VITIS_LOOP_307_1:   [xilinx-label-all-loops]
           for(int i = wf_log+we_log-2; i > WI_e - 2; --i) {
           ^~~
           VITIS_LOOP_307_1: 
C:\Users\Baron\Desktop\EE_297_Repo\EE_297\hardware_imp\vitis_hls\lane_seg_hls\lane_seg\.autopilot\db\lane_seg_top.pp.0.cpp:20772:12: note: FIX-IT applied suggested code changes
C:\Users\Baron\Desktop\EE_297_Repo\EE_297\hardware_imp\vitis_hls\lane_seg_hls\lane_seg\.autopilot\db\lane_seg_top.pp.0.cpp:20792:16: warning: Added loop label VITIS_LOOP_327_2:   [xilinx-label-all-loops]
               for (int j = WO_e-1; j >= W_-1; j--) {
               ^~~
               VITIS_LOOP_327_2: 
C:\Users\Baron\Desktop\EE_297_Repo\EE_297\hardware_imp\vitis_hls\lane_seg_hls\lane_seg\.autopilot\db\lane_seg_top.pp.0.cpp:20792:16: note: FIX-IT applied suggested code changes
C:\Users\Baron\Desktop\EE_297_Repo\EE_297\hardware_imp\vitis_hls\lane_seg_hls\lane_seg\.autopilot\db\lane_seg_top.pp.0.cpp:20806:20: warning: Added loop label VITIS_LOOP_341_3:   [xilinx-label-all-loops]
                   for(int i = 0; i < W_-1; ++i) {
                   ^~~
                   VITIS_LOOP_341_3: 
C:\Users\Baron\Desktop\EE_297_Repo\EE_297\hardware_imp\vitis_hls\lane_seg_hls\lane_seg\.autopilot\db\lane_seg_top.pp.0.cpp:20806:20: note: FIX-IT applied suggested code changes
C:\Users\Baron\Desktop\EE_297_Repo\EE_297\hardware_imp\vitis_hls\lane_seg_hls\lane_seg\.autopilot\db\lane_seg_top.pp.0.cpp:20899:12: warning: Added loop label VITIS_LOOP_459_1:   [xilinx-label-all-loops]
           for (int j =WO_d-1; j >= W_-1; j--) {
           ^~~
           VITIS_LOOP_459_1: 
C:\Users\Baron\Desktop\EE_297_Repo\EE_297\hardware_imp\vitis_hls\lane_seg_hls\lane_seg\.autopilot\db\lane_seg_top.pp.0.cpp:20899:12: note: FIX-IT applied suggested code changes
C:\Users\Baron\Desktop\EE_297_Repo\EE_297\hardware_imp\vitis_hls\lane_seg_hls\lane_seg\.autopilot\db\lane_seg_top.pp.0.cpp:20913:15: warning: Added loop label VITIS_LOOP_473_2:   [xilinx-label-all-loops]
              for(int i = 0; i < W_-1; ++i) {
              ^~~
              VITIS_LOOP_473_2: 
C:\Users\Baron\Desktop\EE_297_Repo\EE_297\hardware_imp\vitis_hls\lane_seg_hls\lane_seg\.autopilot\db\lane_seg_top.pp.0.cpp:20913:15: note: FIX-IT applied suggested code changes
C:\Users\Baron\Desktop\EE_297_Repo\EE_297\hardware_imp\vitis_hls\lane_seg_hls\lane_seg\.autopilot\db\lane_seg_top.pp.0.cpp:21026:13: warning: Added loop label VITIS_LOOP_59_1:   [xilinx-label-all-loops]
            for (int i = 0; i < W_-1; i++){
            ^~~
            VITIS_LOOP_59_1: 
C:\Users\Baron\Desktop\EE_297_Repo\EE_297\hardware_imp\vitis_hls\lane_seg_hls\lane_seg\.autopilot\db\lane_seg_top.pp.0.cpp:21026:13: note: FIX-IT applied suggested code changes
C:\Users\Baron\Desktop\EE_297_Repo\EE_297\hardware_imp\vitis_hls\lane_seg_hls\lane_seg\.autopilot\db\lane_seg_top.pp.0.cpp:21150:13: warning: Added loop label VITIS_LOOP_209_1:   [xilinx-label-all-loops]
            for (int i = 0; i < W_-1; i++){
            ^~~
            VITIS_LOOP_209_1: 
C:\Users\Baron\Desktop\EE_297_Repo\EE_297\hardware_imp\vitis_hls\lane_seg_hls\lane_seg\.autopilot\db\lane_seg_top.pp.0.cpp:21150:13: note: FIX-IT applied suggested code changes
C:\Users\Baron\Desktop\EE_297_Repo\EE_297\hardware_imp\vitis_hls\lane_seg_hls\lane_seg\.autopilot\db\lane_seg_top.pp.0.cpp:21205:13: warning: Added loop label VITIS_LOOP_274_1:   [xilinx-label-all-loops]
            for (int i = 0; i < W_-1; i++){
            ^~~
            VITIS_LOOP_274_1: 
C:\Users\Baron\Desktop\EE_297_Repo\EE_297\hardware_imp\vitis_hls\lane_seg_hls\lane_seg\.autopilot\db\lane_seg_top.pp.0.cpp:21205:13: note: FIX-IT applied suggested code changes
C:\Users\Baron\Desktop\EE_297_Repo\EE_297\hardware_imp\vitis_hls\lane_seg_hls\lane_seg\.autopilot\db\lane_seg_top.pp.0.cpp:21710:2: warning: Added loop label VITIS_LOOP_42_1:   [xilinx-label-all-loops]
 for (int i=0; i<W_;i++)
 ^~~
 VITIS_LOOP_42_1: 
C:\Users\Baron\Desktop\EE_297_Repo\EE_297\hardware_imp\vitis_hls\lane_seg_hls\lane_seg\.autopilot\db\lane_seg_top.pp.0.cpp:21710:2: note: FIX-IT applied suggested code changes
C:\Users\Baron\Desktop\EE_297_Repo\EE_297\hardware_imp\vitis_hls\lane_seg_hls\lane_seg\.autopilot\db\lane_seg_top.pp.0.cpp:21721:2: warning: Added loop label VITIS_LOOP_53_1:   [xilinx-label-all-loops]
 for (int i=0; i<W_;i++)
 ^~~
 VITIS_LOOP_53_1: 
C:\Users\Baron\Desktop\EE_297_Repo\EE_297\hardware_imp\vitis_hls\lane_seg_hls\lane_seg\.autopilot\db\lane_seg_top.pp.0.cpp:21721:2: note: FIX-IT applied suggested code changes
C:\Users\Baron\Desktop\EE_297_Repo\EE_297\hardware_imp\vitis_hls\lane_seg_hls\lane_seg\.autopilot\db\lane_seg_top.pp.0.cpp:21732:2: warning: Added loop label VITIS_LOOP_64_1:   [xilinx-label-all-loops]
 for (int i=0; i<I_;i++)
 ^~~
 VITIS_LOOP_64_1: 
C:\Users\Baron\Desktop\EE_297_Repo\EE_297\hardware_imp\vitis_hls\lane_seg_hls\lane_seg\.autopilot\db\lane_seg_top.pp.0.cpp:21732:2: note: FIX-IT applied suggested code changes
C:\Users\Baron\Desktop\EE_297_Repo\EE_297\hardware_imp\vitis_hls\lane_seg_hls\lane_seg\.autopilot\db\lane_seg_top.pp.0.cpp:21743:2: warning: Added loop label VITIS_LOOP_75_1:   [xilinx-label-all-loops]
 for (int i=0; i<I_;i++)
 ^~~
 VITIS_LOOP_75_1: 
C:\Users\Baron\Desktop\EE_297_Repo\EE_297\hardware_imp\vitis_hls\lane_seg_hls\lane_seg\.autopilot\db\lane_seg_top.pp.0.cpp:21743:2: note: FIX-IT applied suggested code changes
C:\Users\Baron\Desktop\EE_297_Repo\EE_297\hardware_imp\vitis_hls\lane_seg_hls\lane_seg\.autopilot\db\lane_seg_top.pp.0.cpp:21754:2: warning: Added loop label VITIS_LOOP_86_1:   [xilinx-label-all-loops]
 for (int i=0; i<W_;i++)
 ^~~
 VITIS_LOOP_86_1: 
C:\Users\Baron\Desktop\EE_297_Repo\EE_297\hardware_imp\vitis_hls\lane_seg_hls\lane_seg\.autopilot\db\lane_seg_top.pp.0.cpp:21754:2: note: FIX-IT applied suggested code changes
C:\Users\Baron\Desktop\EE_297_Repo\EE_297\hardware_imp\vitis_hls\lane_seg_hls\lane_seg\.autopilot\db\lane_seg_top.pp.0.cpp:21765:2: warning: Added loop label VITIS_LOOP_97_1:   [xilinx-label-all-loops]
 for (int i=0; i<W_;i++)
 ^~~
 VITIS_LOOP_97_1: 
C:\Users\Baron\Desktop\EE_297_Repo\EE_297\hardware_imp\vitis_hls\lane_seg_hls\lane_seg\.autopilot\db\lane_seg_top.pp.0.cpp:21765:2: note: FIX-IT applied suggested code changes
C:\Users\Baron\Desktop\EE_297_Repo\EE_297\hardware_imp\vitis_hls\lane_seg_hls\lane_seg\.autopilot\db\lane_seg_top.pp.0.cpp:21776:2: warning: Added loop label VITIS_LOOP_108_1:   [xilinx-label-all-loops]
 for (int i=0; i<I_;i++)
 ^~~
 VITIS_LOOP_108_1: 
C:\Users\Baron\Desktop\EE_297_Repo\EE_297\hardware_imp\vitis_hls\lane_seg_hls\lane_seg\.autopilot\db\lane_seg_top.pp.0.cpp:21776:2: note: FIX-IT applied suggested code changes
C:\Users\Baron\Desktop\EE_297_Repo\EE_297\hardware_imp\vitis_hls\lane_seg_hls\lane_seg\.autopilot\db\lane_seg_top.pp.0.cpp:21787:2: warning: Added loop label VITIS_LOOP_119_1:   [xilinx-label-all-loops]
 for (int i=0; i<I_;i++)
 ^~~
 VITIS_LOOP_119_1: 
C:\Users\Baron\Desktop\EE_297_Repo\EE_297\hardware_imp\vitis_hls\lane_seg_hls\lane_seg\.autopilot\db\lane_seg_top.pp.0.cpp:21787:2: note: FIX-IT applied suggested code changes
C:\Users\Baron\Desktop\EE_297_Repo\EE_297\hardware_imp\vitis_hls\lane_seg_hls\lane_seg\.autopilot\db\lane_seg_top.pp.0.cpp:24088:12: warning: Added loop label VITIS_LOOP_23_1:   [xilinx-label-all-loops]
           for(int i = 0; i < W_-1; ++i) {
           ^~~
           VITIS_LOOP_23_1: 
C:\Users\Baron\Desktop\EE_297_Repo\EE_297\hardware_imp\vitis_hls\lane_seg_hls\lane_seg\.autopilot\db\lane_seg_top.pp.0.cpp:24088:12: note: FIX-IT applied suggested code changes
C:\Users\Baron\Desktop\EE_297_Repo\EE_297\hardware_imp\vitis_hls\lane_seg_hls\lane_seg\.autopilot\db\lane_seg_top.pp.0.cpp:24152:7: warning: Added loop label VITIS_LOOP_66_1:   [xilinx-label-all-loops]
      for(int pos = msbr - 1 ; pos >= -F-1; pos--) {
      ^~~
      VITIS_LOOP_66_1: 
C:\Users\Baron\Desktop\EE_297_Repo\EE_297\hardware_imp\vitis_hls\lane_seg_hls\lane_seg\.autopilot\db\lane_seg_top.pp.0.cpp:24152:7: note: FIX-IT applied suggested code changes
C:\Users\Baron\Desktop\EE_297_Repo\EE_297\hardware_imp\vitis_hls\lane_seg_hls\lane_seg\.autopilot\db\lane_seg_top.pp.0.cpp:24269:9: warning: Added loop label VITIS_LOOP_75_1:   [xilinx-label-all-loops]
        for(int pos = msbr - 1; pos >= 0; pos--) {
        ^~~
        VITIS_LOOP_75_1: 
C:\Users\Baron\Desktop\EE_297_Repo\EE_297\hardware_imp\vitis_hls\lane_seg_hls\lane_seg\.autopilot\db\lane_seg_top.pp.0.cpp:24269:9: note: FIX-IT applied suggested code changes
C:\Users\Baron\Desktop\EE_297_Repo\EE_297\hardware_imp\vitis_hls\lane_seg_hls\lane_seg\.autopilot\db\lane_seg_top.pp.0.cpp:24294:5: warning: Added loop label VITIS_LOOP_107_2:   [xilinx-label-all-loops]
    for(int pos = -1; pos >= -F-1; pos--) {
    ^~~
    VITIS_LOOP_107_2: 
C:\Users\Baron\Desktop\EE_297_Repo\EE_297\hardware_imp\vitis_hls\lane_seg_hls\lane_seg\.autopilot\db\lane_seg_top.pp.0.cpp:24294:5: note: FIX-IT applied suggested code changes
C:\Users\Baron\Desktop\EE_297_Repo\EE_297\hardware_imp\vitis_hls\lane_seg_hls\lane_seg\.autopilot\db\lane_seg_top.pp.0.cpp:24364:8: warning: Added loop label VITIS_LOOP_195_3:   [xilinx-label-all-loops]
       for(int i = 0; i < W - 1; ++i) {
       ^~~
       VITIS_LOOP_195_3: 
C:\Users\Baron\Desktop\EE_297_Repo\EE_297\hardware_imp\vitis_hls\lane_seg_hls\lane_seg\.autopilot\db\lane_seg_top.pp.0.cpp:24364:8: note: FIX-IT applied suggested code changes
