

================================================================
== Vitis HLS Report for 'lane_seg_top'
================================================================
* Date:           Mon Sep  8 23:45:38 2025

* Version:        2023.1 (Build 3854077 on May  4 2023)
* Project:        lane_seg_hls
* Solution:       lane_seg (Vivado IP Flow Target)
* Product family: zynquplus
* Target device:  xczu7ev-ffvc1156-2-e


================================================================
== Performance Estimates
================================================================
+ Timing: 
    * Summary: 
    +--------+----------+-----------+------------+
    |  Clock |  Target  | Estimated | Uncertainty|
    +--------+----------+-----------+------------+
    |ap_clk  |  15.00 ns|  10.950 ns|     4.05 ns|
    +--------+----------+-----------+------------+

+ Latency: 
    * Summary: 
    +---------+---------+----------+----------+--------+--------+---------+
    |  Latency (cycles) |  Latency (absolute) |     Interval    | Pipeline|
    |   min   |   max   |    min   |    max   |   min  |   max  |   Type  |
    +---------+---------+----------+----------+--------+--------+---------+
    |   551974|   551974|  8.280 ms|  8.280 ms|  551975|  551975|       no|
    +---------+---------+----------+----------+--------+--------+---------+

    + Detail: 
        * Instance: 
        N/A

        * Loop: 
        N/A

============================================================
+ Verbose Summary: Synthesis Manager
============================================================
InlineROM: 1
ExposeGlobal: 0
============================================================
+ Verbose Summary: CDFG Model
============================================================
IsTopModel: 1
ResetActiveHigh: 1
IsCombinational: 0
IsDatapathOnly: 0
HasWiredReturn: 1
HasMFsm: 0
HasVarLatency: 1
IsPipeline: 0
IsRtlPipelined: 0
IsInstanceOverlapped: 0
IsDontTouch: 0
HasImplIP: 0
IsGatedGlobalClock: 0


============================================================
+ Verbose Summary: Schedule
============================================================
* Number of FSM states : 3
* Pipeline : 0
* Dataflow Pipeline: 0

* FSM state transitions: 
1 --> 2 
2 --> 3 
3 --> 

* FSM state operations: 

State 1 <SV = 0> <Delay = 2.00>
ST_1 : Operation 4 [1/1] (1.00ns)   --->   "%ctrl_read = read i32 @_ssdm_op_Read.s_axilite.i32, i32 %ctrl" [lane_seg_hls/lane_seg_top.cpp:22]   --->   Operation 4 'read' 'ctrl_read' <Predicate = true> <Delay = 1.00> <CoreInst = "s_axilite">   --->   Core 122 's_axilite' <Latency = 0> <II = 1> <Delay = 1.00> <Adapter> <Opcode : 'read' 'write'>
ST_1 : Operation 5 [1/1] (1.00ns)   --->   "%out0_read = read i64 @_ssdm_op_Read.s_axilite.i64, i64 %out0" [lane_seg_hls/lane_seg_top.cpp:22]   --->   Operation 5 'read' 'out0_read' <Predicate = true> <Delay = 1.00> <CoreInst = "s_axilite">   --->   Core 122 's_axilite' <Latency = 0> <II = 1> <Delay = 1.00> <Adapter> <Opcode : 'read' 'write'>
ST_1 : Operation 6 [1/1] (1.00ns)   --->   "%image_r_read = read i64 @_ssdm_op_Read.s_axilite.i64, i64 %image_r" [lane_seg_hls/lane_seg_top.cpp:22]   --->   Operation 6 'read' 'image_r_read' <Predicate = true> <Delay = 1.00> <CoreInst = "s_axilite">   --->   Core 122 's_axilite' <Latency = 0> <II = 1> <Delay = 1.00> <Adapter> <Opcode : 'read' 'write'>
ST_1 : Operation 7 [1/1] (0.00ns)   --->   "%spectopmodule_ln22 = spectopmodule void @_ssdm_op_SpecTopModule, void @empty_13" [lane_seg_hls/lane_seg_top.cpp:22]   --->   Operation 7 'spectopmodule' 'spectopmodule_ln22' <Predicate = true> <Delay = 0.00>
ST_1 : Operation 8 [1/1] (0.00ns)   --->   "%specinterface_ln0 = specinterface void @_ssdm_op_SpecInterface, i16 %gmem_in, void @empty, i32 0, i32 0, void @empty_0, i32 0, i32 150528, void @empty_1, void @empty_2, void @empty_0, i32 16, i32 16, i32 16, i32 16, void @empty_0, void @empty_0, i32 4294967295, i32 0"   --->   Operation 8 'specinterface' 'specinterface_ln0' <Predicate = true> <Delay = 0.00>
ST_1 : Operation 9 [1/1] (0.00ns)   --->   "%specbitsmap_ln0 = specbitsmap void @_ssdm_op_SpecBitsMap, i16 %gmem_in"   --->   Operation 9 'specbitsmap' 'specbitsmap_ln0' <Predicate = true> <Delay = 0.00>
ST_1 : Operation 10 [1/1] (0.00ns)   --->   "%specinterface_ln0 = specinterface void @_ssdm_op_SpecInterface, i16 %gmem_out, void @empty, i32 0, i32 0, void @empty_0, i32 0, i32 401408, void @empty_3, void @empty_2, void @empty_0, i32 16, i32 16, i32 16, i32 16, void @empty_0, void @empty_0, i32 4294967295, i32 0"   --->   Operation 10 'specinterface' 'specinterface_ln0' <Predicate = true> <Delay = 0.00>
ST_1 : Operation 11 [1/1] (0.00ns)   --->   "%specbitsmap_ln0 = specbitsmap void @_ssdm_op_SpecBitsMap, i16 %gmem_out"   --->   Operation 11 'specbitsmap' 'specbitsmap_ln0' <Predicate = true> <Delay = 0.00>
ST_1 : Operation 12 [1/1] (0.00ns)   --->   "%specinterface_ln0 = specinterface void @_ssdm_op_SpecInterface, i64 %image_r, void @empty_4, i32 0, i32 0, void @empty_0, i32 0, i32 0, void @empty_5, void @empty_6, void @empty_0, i32 0, i32 0, i32 0, i32 0, void @empty_0, void @empty_7, i32 4294967295, i32 0"   --->   Operation 12 'specinterface' 'specinterface_ln0' <Predicate = true> <Delay = 0.00>
ST_1 : Operation 13 [1/1] (0.00ns)   --->   "%specinterface_ln0 = specinterface void @_ssdm_op_SpecInterface, i64 %image_r, void @empty_8, i32 0, i32 0, void @empty_0, i32 0, i32 0, void @empty_0, void @empty_0, void @empty_0, i32 0, i32 0, i32 0, i32 0, void @empty_0, void @empty_7, i32 4294967295, i32 0"   --->   Operation 13 'specinterface' 'specinterface_ln0' <Predicate = true> <Delay = 0.00>
ST_1 : Operation 14 [1/1] (0.00ns)   --->   "%specinterface_ln0 = specinterface void @_ssdm_op_SpecInterface, i64 %out0, void @empty_4, i32 0, i32 0, void @empty_0, i32 0, i32 0, void @empty_5, void @empty_9, void @empty_0, i32 0, i32 0, i32 0, i32 0, void @empty_0, void @empty_7, i32 4294967295, i32 0"   --->   Operation 14 'specinterface' 'specinterface_ln0' <Predicate = true> <Delay = 0.00>
ST_1 : Operation 15 [1/1] (0.00ns)   --->   "%specinterface_ln0 = specinterface void @_ssdm_op_SpecInterface, i64 %out0, void @empty_8, i32 0, i32 0, void @empty_0, i32 0, i32 0, void @empty_0, void @empty_0, void @empty_0, i32 0, i32 0, i32 0, i32 0, void @empty_0, void @empty_7, i32 4294967295, i32 0"   --->   Operation 15 'specinterface' 'specinterface_ln0' <Predicate = true> <Delay = 0.00>
ST_1 : Operation 16 [1/1] (0.00ns)   --->   "%specbitsmap_ln0 = specbitsmap void @_ssdm_op_SpecBitsMap, i32 %ctrl"   --->   Operation 16 'specbitsmap' 'specbitsmap_ln0' <Predicate = true> <Delay = 0.00>
ST_1 : Operation 17 [1/1] (0.00ns)   --->   "%specinterface_ln0 = specinterface void @_ssdm_op_SpecInterface, i32 %ctrl, void @empty_4, i32 0, i32 0, void @empty_0, i32 0, i32 0, void @empty_5, void @empty_10, void @empty_0, i32 0, i32 0, i32 0, i32 0, void @empty_0, void @empty_0, i32 4294967295, i32 0"   --->   Operation 17 'specinterface' 'specinterface_ln0' <Predicate = true> <Delay = 0.00>
ST_1 : Operation 18 [1/1] (0.00ns)   --->   "%specinterface_ln0 = specinterface void @_ssdm_op_SpecInterface, i32 %ctrl, void @empty_8, i32 0, i32 0, void @empty_0, i32 0, i32 0, void @empty_0, void @empty_0, void @empty_0, i32 0, i32 0, i32 0, i32 0, void @empty_0, void @empty_0, i32 4294967295, i32 0"   --->   Operation 18 'specinterface' 'specinterface_ln0' <Predicate = true> <Delay = 0.00>
ST_1 : Operation 19 [1/1] (0.00ns)   --->   "%specbitsmap_ln0 = specbitsmap void @_ssdm_op_SpecBitsMap, i32 %status"   --->   Operation 19 'specbitsmap' 'specbitsmap_ln0' <Predicate = true> <Delay = 0.00>
ST_1 : Operation 20 [1/1] (0.00ns)   --->   "%specinterface_ln0 = specinterface void @_ssdm_op_SpecInterface, i32 %status, void @empty_4, i32 0, i32 0, void @empty_0, i32 0, i32 0, void @empty_5, void @empty_11, void @empty_0, i32 0, i32 0, i32 0, i32 0, void @empty_0, void @empty_0, i32 4294967295, i32 0"   --->   Operation 20 'specinterface' 'specinterface_ln0' <Predicate = true> <Delay = 0.00>
ST_1 : Operation 21 [1/1] (0.00ns)   --->   "%specinterface_ln0 = specinterface void @_ssdm_op_SpecInterface, i32 %status, void @empty_8, i32 0, i32 0, void @empty_0, i32 0, i32 0, void @empty_0, void @empty_0, void @empty_0, i32 0, i32 0, i32 0, i32 0, void @empty_0, void @empty_0, i32 4294967295, i32 0"   --->   Operation 21 'specinterface' 'specinterface_ln0' <Predicate = true> <Delay = 0.00>
ST_1 : Operation 22 [1/1] (0.00ns)   --->   "%specbitsmap_ln0 = specbitsmap void @_ssdm_op_SpecBitsMap, i32 %magic"   --->   Operation 22 'specbitsmap' 'specbitsmap_ln0' <Predicate = true> <Delay = 0.00>
ST_1 : Operation 23 [1/1] (0.00ns)   --->   "%specinterface_ln0 = specinterface void @_ssdm_op_SpecInterface, i32 %magic, void @empty_4, i32 0, i32 0, void @empty_0, i32 0, i32 0, void @empty_5, void @empty_12, void @empty_0, i32 0, i32 0, i32 0, i32 0, void @empty_0, void @empty_0, i32 4294967295, i32 0"   --->   Operation 23 'specinterface' 'specinterface_ln0' <Predicate = true> <Delay = 0.00>
ST_1 : Operation 24 [1/1] (0.00ns)   --->   "%specinterface_ln0 = specinterface void @_ssdm_op_SpecInterface, i32 %magic, void @empty_8, i32 0, i32 0, void @empty_0, i32 0, i32 0, void @empty_0, void @empty_0, void @empty_0, i32 0, i32 0, i32 0, i32 0, void @empty_0, void @empty_0, i32 4294967295, i32 0"   --->   Operation 24 'specinterface' 'specinterface_ln0' <Predicate = true> <Delay = 0.00>
ST_1 : Operation 25 [1/1] (0.00ns)   --->   "%specinterface_ln0 = specinterface void @_ssdm_op_SpecInterface, i32 0, void @empty_4, i32 0, i32 0, void @empty_0, i32 0, i32 0, void @empty_5, void @empty_0, void @empty_0, i32 0, i32 0, i32 0, i32 0, void @empty_0, void @empty_0, i32 4294967295, i32 0"   --->   Operation 25 'specinterface' 'specinterface_ln0' <Predicate = true> <Delay = 0.00>
ST_1 : Operation 26 [1/1] (1.00ns)   --->   "%write_ln46 = write void @_ssdm_op_Write.s_axilite.i32P0A, i32 %magic, i32 514785282" [lane_seg_hls/lane_seg_top.cpp:46]   --->   Operation 26 'write' 'write_ln46' <Predicate = true> <Delay = 1.00> <CoreInst = "s_axilite">   --->   Core 122 's_axilite' <Latency = 0> <II = 1> <Delay = 1.00> <Adapter> <Opcode : 'read' 'write'>
ST_1 : Operation 27 [1/1] (0.00ns)   --->   "%tmp = bitselect i1 @_ssdm_op_BitSelect.i1.i32.i32, i32 %ctrl_read, i32 1" [lane_seg_hls/lane_seg_top.cpp:48]   --->   Operation 27 'bitselect' 'tmp' <Predicate = true> <Delay = 0.00>
ST_1 : Operation 28 [1/1] (0.00ns)   --->   "%br_ln48 = br i1 %tmp, void %if.end, void %if.then" [lane_seg_hls/lane_seg_top.cpp:48]   --->   Operation 28 'br' 'br_ln48' <Predicate = true> <Delay = 0.00>
ST_1 : Operation 29 [1/1] (1.00ns)   --->   "%write_ln49 = write void @_ssdm_op_Write.s_axilite.i32P0A, i32 %status, i32 0" [lane_seg_hls/lane_seg_top.cpp:49]   --->   Operation 29 'write' 'write_ln49' <Predicate = (tmp)> <Delay = 1.00> <CoreInst = "s_axilite">   --->   Core 122 's_axilite' <Latency = 0> <II = 1> <Delay = 1.00> <Adapter> <Opcode : 'read' 'write'>
ST_1 : Operation 30 [1/1] (0.00ns)   --->   "%br_ln49 = br void %if.end" [lane_seg_hls/lane_seg_top.cpp:49]   --->   Operation 30 'br' 'br_ln49' <Predicate = (tmp)> <Delay = 0.00>

State 2 <SV = 1> <Delay = 10.9>
ST_2 : Operation 31 [2/2] (10.9ns)   --->   "%call_ln52 = call void @encoder0_c1, i16 %gmem_in, i64 %image_r_read, i16 %gmem_out, i64 %out0_read" [lane_seg_hls/lane_seg_top.cpp:52]   --->   Operation 31 'call' 'call_ln52' <Predicate = true> <Delay = 10.9> <CoreType = "Generic">   --->   Core 0 '' <Latency = 0> <II = 1> <Delay = 1.00> <Generic> <Opcode : >
ST_2 : Operation 32 [1/1] (1.00ns)   --->   "%status_read = read i32 @_ssdm_op_Read.s_axilite.i32P0A, i32 %status" [lane_seg_hls/lane_seg_top.cpp:55]   --->   Operation 32 'read' 'status_read' <Predicate = true> <Delay = 1.00> <CoreInst = "s_axilite">   --->   Core 122 's_axilite' <Latency = 0> <II = 1> <Delay = 1.00> <Adapter> <Opcode : 'read' 'write'>
ST_2 : Operation 33 [1/1] (0.00ns)   --->   "%or_ln55 = or i32 %status_read, i32 1" [lane_seg_hls/lane_seg_top.cpp:55]   --->   Operation 33 'or' 'or_ln55' <Predicate = true> <Delay = 0.00>
ST_2 : Operation 34 [1/1] (1.00ns)   --->   "%write_ln55 = write void @_ssdm_op_Write.s_axilite.i32P0A, i32 %status, i32 %or_ln55" [lane_seg_hls/lane_seg_top.cpp:55]   --->   Operation 34 'write' 'write_ln55' <Predicate = true> <Delay = 1.00> <CoreInst = "s_axilite">   --->   Core 122 's_axilite' <Latency = 0> <II = 1> <Delay = 1.00> <Adapter> <Opcode : 'read' 'write'>

State 3 <SV = 2> <Delay = 0.00>
ST_3 : Operation 35 [1/2] (0.00ns)   --->   "%call_ln52 = call void @encoder0_c1, i16 %gmem_in, i64 %image_r_read, i16 %gmem_out, i64 %out0_read" [lane_seg_hls/lane_seg_top.cpp:52]   --->   Operation 35 'call' 'call_ln52' <Predicate = true> <Delay = 0.00> <CoreType = "Generic">   --->   Core 0 '' <Latency = 0> <II = 1> <Delay = 1.00> <Generic> <Opcode : >
ST_3 : Operation 36 [1/1] (0.00ns)   --->   "%ret_ln56 = ret" [lane_seg_hls/lane_seg_top.cpp:56]   --->   Operation 36 'ret' 'ret_ln56' <Predicate = true> <Delay = 0.00>


============================================================
+ Verbose Summary: Timing violations
============================================================
Target clock period: 15.000ns, clock uncertainty: 4.050ns.

 <State 1>: 2.000ns
The critical path consists of the following:
	s_axi write operation ('write_ln49', lane_seg_hls/lane_seg_top.cpp:49) on port 'status' (lane_seg_hls/lane_seg_top.cpp:49) [34]  (1.000 ns)
	blocking operation 1 ns on control path)

 <State 2>: 10.950ns
The critical path consists of the following:
	'call' operation ('call_ln52', lane_seg_hls/lane_seg_top.cpp:52) to 'encoder0_c1' [37]  (10.950 ns)

 <State 3>: 0.000ns
The critical path consists of the following:


============================================================
+ Verbose Summary: Binding
============================================================
N/A
* FSMD analyzer results:
  - Output states:
 - Input state : 
  - Chain level:
	State 1
	State 2
	State 3


============================================================
+ Verbose Summary: Datapath Resource usage 
============================================================
N/A
