Copyright 1986-2022 Xilinx, Inc. All Rights Reserved. Copyright 2022-2025 Advanced Micro Devices, Inc. All Rights Reserved.
---------------------------------------------------------------------------------------------------------------------------------------------
| Tool Version : Vivado v.2025.1 (win64) Build 6140274 Thu May 22 00:12:29 MDT 2025
| Date         : Tue Sep  2 23:49:43 2025
| Host         : DESKTOP-D2NNA1U running 64-bit major release  (build 9200)
| Command      : report_drc -file lenet_bd_wrapper_drc_opted.rpt -pb lenet_bd_wrapper_drc_opted.pb -rpx lenet_bd_wrapper_drc_opted.rpx
| Design       : lenet_bd_wrapper
| Device       : xc7z020clg400-1
| Speed File   : -1
| Design State : Synthesized
---------------------------------------------------------------------------------------------------------------------------------------------

Report DRC

Table of Contents
-----------------
1. REPORT SUMMARY
2. REPORT DETAILS

1. REPORT SUMMARY
-----------------
            Netlist: netlist
          Floorplan: design_1
      Design limits: <entire design considered>
           Ruledeck: default
             Max checks: <unlimited>
             Checks found: 36
+-----------+----------+-------------------------------------------------------------------+--------+
| Rule      | Severity | Description                                                       | Checks |
+-----------+----------+-------------------------------------------------------------------+--------+
| DPIP-1    | Warning  | Input pipelining                                                  | 17     |
| DPOP-1    | Warning  | PREG Output pipelining                                            | 6      |
| DPOP-2    | Warning  | MREG Output pipelining                                            | 5      |
| AVAL-4    | Advisory | enum_USE_DPORT_FALSE_enum_DREG_ADREG_0_connects_CED_CEAD_RSTD_GND | 5      |
| AVAL-5    | Advisory | enum_USE_MULT_NONE_enum_DREG_ADREG_0_connects_CED_CEAD_RSTD_GND   | 1      |
| REQP-1725 | Advisory | DSP_Abus_sign_bit_alert                                           | 2      |
+-----------+----------+-------------------------------------------------------------------+--------+

2. REPORT DETAILS
-----------------
DPIP-1#1 Warning
Input pipelining  
DSP lenet_bd_i/top_0/inst/fadd_32ns_32ns_32_5_full_dsp_1_U225/top_fadd_32ns_32ns_32_5_full_dsp_1_ip_u/U0/i_synth/ADDSUB_OP.ADDSUB/DSP.OP/DSP48E1_BODY.ALIGN_ADD/DSP2/i_no_versal_es1_workaround.DSP input lenet_bd_i/top_0/inst/fadd_32ns_32ns_32_5_full_dsp_1_U225/top_fadd_32ns_32ns_32_5_full_dsp_1_ip_u/U0/i_synth/ADDSUB_OP.ADDSUB/DSP.OP/DSP48E1_BODY.ALIGN_ADD/DSP2/i_no_versal_es1_workaround.DSP/A[29:0] is not pipelined. Pipelining DSP48 input will improve performance.
Related violations: <none>

DPIP-1#2 Warning
Input pipelining  
DSP lenet_bd_i/top_0/inst/fadd_32ns_32ns_32_5_full_dsp_1_U225/top_fadd_32ns_32ns_32_5_full_dsp_1_ip_u/U0/i_synth/ADDSUB_OP.ADDSUB/DSP.OP/DSP48E1_BODY.ALIGN_ADD/DSP2/i_no_versal_es1_workaround.DSP input lenet_bd_i/top_0/inst/fadd_32ns_32ns_32_5_full_dsp_1_U225/top_fadd_32ns_32ns_32_5_full_dsp_1_ip_u/U0/i_synth/ADDSUB_OP.ADDSUB/DSP.OP/DSP48E1_BODY.ALIGN_ADD/DSP2/i_no_versal_es1_workaround.DSP/B[17:0] is not pipelined. Pipelining DSP48 input will improve performance.
Related violations: <none>

DPIP-1#3 Warning
Input pipelining  
DSP lenet_bd_i/top_0/inst/fadd_32ns_32ns_32_5_full_dsp_1_U225/top_fadd_32ns_32ns_32_5_full_dsp_1_ip_u/U0/i_synth/ADDSUB_OP.ADDSUB/DSP.OP/DSP48E1_BODY.ALIGN_ADD/DSP2/i_no_versal_es1_workaround.DSP input lenet_bd_i/top_0/inst/fadd_32ns_32ns_32_5_full_dsp_1_U225/top_fadd_32ns_32ns_32_5_full_dsp_1_ip_u/U0/i_synth/ADDSUB_OP.ADDSUB/DSP.OP/DSP48E1_BODY.ALIGN_ADD/DSP2/i_no_versal_es1_workaround.DSP/C[47:0] is not pipelined. Pipelining DSP48 input will improve performance.
Related violations: <none>

DPIP-1#4 Warning
Input pipelining  
DSP lenet_bd_i/top_0/inst/fadd_32ns_32ns_32_5_full_dsp_1_U225/top_fadd_32ns_32ns_32_5_full_dsp_1_ip_u/U0/i_synth/ADDSUB_OP.ADDSUB/DSP.OP/DSP48E1_BODY.NORM_RND/FULL_USAGE_DSP.SHIFT_RND/i_no_versal_es1_workaround.DSP input lenet_bd_i/top_0/inst/fadd_32ns_32ns_32_5_full_dsp_1_U225/top_fadd_32ns_32ns_32_5_full_dsp_1_ip_u/U0/i_synth/ADDSUB_OP.ADDSUB/DSP.OP/DSP48E1_BODY.NORM_RND/FULL_USAGE_DSP.SHIFT_RND/i_no_versal_es1_workaround.DSP/C[47:0] is not pipelined. Pipelining DSP48 input will improve performance.
Related violations: <none>

DPIP-1#5 Warning
Input pipelining  
DSP lenet_bd_i/top_0/inst/fmul_32ns_32ns_32_4_max_dsp_1_U226/top_fmul_32ns_32ns_32_4_max_dsp_1_ip_u/U0/i_synth/MULT.OP/i_non_prim.MULT/DSP48E1_SPD_SGL_VARIANT.FIX_MULT/DSP1/i_no_versal_es1_workaround.DSP input lenet_bd_i/top_0/inst/fmul_32ns_32ns_32_4_max_dsp_1_U226/top_fmul_32ns_32ns_32_4_max_dsp_1_ip_u/U0/i_synth/MULT.OP/i_non_prim.MULT/DSP48E1_SPD_SGL_VARIANT.FIX_MULT/DSP1/i_no_versal_es1_workaround.DSP/A[29:0] is not pipelined. Pipelining DSP48 input will improve performance.
Related violations: <none>

DPIP-1#6 Warning
Input pipelining  
DSP lenet_bd_i/top_0/inst/fmul_32ns_32ns_32_4_max_dsp_1_U226/top_fmul_32ns_32ns_32_4_max_dsp_1_ip_u/U0/i_synth/MULT.OP/i_non_prim.MULT/DSP48E1_SPD_SGL_VARIANT.FIX_MULT/DSP1/i_no_versal_es1_workaround.DSP input lenet_bd_i/top_0/inst/fmul_32ns_32ns_32_4_max_dsp_1_U226/top_fmul_32ns_32ns_32_4_max_dsp_1_ip_u/U0/i_synth/MULT.OP/i_non_prim.MULT/DSP48E1_SPD_SGL_VARIANT.FIX_MULT/DSP1/i_no_versal_es1_workaround.DSP/B[17:0] is not pipelined. Pipelining DSP48 input will improve performance.
Related violations: <none>

DPIP-1#7 Warning
Input pipelining  
DSP lenet_bd_i/top_0/inst/fmul_32ns_32ns_32_4_max_dsp_1_U226/top_fmul_32ns_32ns_32_4_max_dsp_1_ip_u/U0/i_synth/MULT.OP/i_non_prim.MULT/DSP48E1_SPD_SGL_VARIANT.FIX_MULT/DSP2/i_no_versal_es1_workaround.DSP input lenet_bd_i/top_0/inst/fmul_32ns_32ns_32_4_max_dsp_1_U226/top_fmul_32ns_32ns_32_4_max_dsp_1_ip_u/U0/i_synth/MULT.OP/i_non_prim.MULT/DSP48E1_SPD_SGL_VARIANT.FIX_MULT/DSP2/i_no_versal_es1_workaround.DSP/B[17:0] is not pipelined. Pipelining DSP48 input will improve performance.
Related violations: <none>

DPIP-1#8 Warning
Input pipelining  
DSP lenet_bd_i/top_0/inst/fmul_32ns_32ns_32_4_max_dsp_1_U226/top_fmul_32ns_32ns_32_4_max_dsp_1_ip_u/U0/i_synth/MULT.OP/i_non_prim.R_AND_R/LAT_OPT.FULL.R_AND_R/DSP48E1_SGL_EXP_IP.OLD_ADD.ADD/i_no_versal_es1_workaround.DSP input lenet_bd_i/top_0/inst/fmul_32ns_32ns_32_4_max_dsp_1_U226/top_fmul_32ns_32ns_32_4_max_dsp_1_ip_u/U0/i_synth/MULT.OP/i_non_prim.R_AND_R/LAT_OPT.FULL.R_AND_R/DSP48E1_SGL_EXP_IP.OLD_ADD.ADD/i_no_versal_es1_workaround.DSP/C[47:0] is not pipelined. Pipelining DSP48 input will improve performance.
Related violations: <none>

DPIP-1#9 Warning
Input pipelining  
DSP lenet_bd_i/top_0/inst/grp_c1_fu_368/grp_c1_Pipeline_VITIS_LOOP_28_3_VITIS_LOOP_29_4_VITIS_LOOP_30_5_fu_252/fadd_32ns_32ns_32_5_full_dsp_1_U36/top_fadd_32ns_32ns_32_5_full_dsp_1_ip_u/U0/i_synth/ADDSUB_OP.ADDSUB/DSP.OP/DSP48E1_BODY.ALIGN_ADD/DSP2/i_no_versal_es1_workaround.DSP input lenet_bd_i/top_0/inst/grp_c1_fu_368/grp_c1_Pipeline_VITIS_LOOP_28_3_VITIS_LOOP_29_4_VITIS_LOOP_30_5_fu_252/fadd_32ns_32ns_32_5_full_dsp_1_U36/top_fadd_32ns_32ns_32_5_full_dsp_1_ip_u/U0/i_synth/ADDSUB_OP.ADDSUB/DSP.OP/DSP48E1_BODY.ALIGN_ADD/DSP2/i_no_versal_es1_workaround.DSP/A[29:0] is not pipelined. Pipelining DSP48 input will improve performance.
Related violations: <none>

DPIP-1#10 Warning
Input pipelining  
DSP lenet_bd_i/top_0/inst/grp_c1_fu_368/grp_c1_Pipeline_VITIS_LOOP_28_3_VITIS_LOOP_29_4_VITIS_LOOP_30_5_fu_252/fadd_32ns_32ns_32_5_full_dsp_1_U36/top_fadd_32ns_32ns_32_5_full_dsp_1_ip_u/U0/i_synth/ADDSUB_OP.ADDSUB/DSP.OP/DSP48E1_BODY.ALIGN_ADD/DSP2/i_no_versal_es1_workaround.DSP input lenet_bd_i/top_0/inst/grp_c1_fu_368/grp_c1_Pipeline_VITIS_LOOP_28_3_VITIS_LOOP_29_4_VITIS_LOOP_30_5_fu_252/fadd_32ns_32ns_32_5_full_dsp_1_U36/top_fadd_32ns_32ns_32_5_full_dsp_1_ip_u/U0/i_synth/ADDSUB_OP.ADDSUB/DSP.OP/DSP48E1_BODY.ALIGN_ADD/DSP2/i_no_versal_es1_workaround.DSP/B[17:0] is not pipelined. Pipelining DSP48 input will improve performance.
Related violations: <none>

DPIP-1#11 Warning
Input pipelining  
DSP lenet_bd_i/top_0/inst/grp_c1_fu_368/grp_c1_Pipeline_VITIS_LOOP_28_3_VITIS_LOOP_29_4_VITIS_LOOP_30_5_fu_252/fadd_32ns_32ns_32_5_full_dsp_1_U36/top_fadd_32ns_32ns_32_5_full_dsp_1_ip_u/U0/i_synth/ADDSUB_OP.ADDSUB/DSP.OP/DSP48E1_BODY.ALIGN_ADD/DSP2/i_no_versal_es1_workaround.DSP input lenet_bd_i/top_0/inst/grp_c1_fu_368/grp_c1_Pipeline_VITIS_LOOP_28_3_VITIS_LOOP_29_4_VITIS_LOOP_30_5_fu_252/fadd_32ns_32ns_32_5_full_dsp_1_U36/top_fadd_32ns_32ns_32_5_full_dsp_1_ip_u/U0/i_synth/ADDSUB_OP.ADDSUB/DSP.OP/DSP48E1_BODY.ALIGN_ADD/DSP2/i_no_versal_es1_workaround.DSP/C[47:0] is not pipelined. Pipelining DSP48 input will improve performance.
Related violations: <none>

DPIP-1#12 Warning
Input pipelining  
DSP lenet_bd_i/top_0/inst/grp_c1_fu_368/grp_c1_Pipeline_VITIS_LOOP_28_3_VITIS_LOOP_29_4_VITIS_LOOP_30_5_fu_252/fadd_32ns_32ns_32_5_full_dsp_1_U36/top_fadd_32ns_32ns_32_5_full_dsp_1_ip_u/U0/i_synth/ADDSUB_OP.ADDSUB/DSP.OP/DSP48E1_BODY.NORM_RND/FULL_USAGE_DSP.SHIFT_RND/i_no_versal_es1_workaround.DSP input lenet_bd_i/top_0/inst/grp_c1_fu_368/grp_c1_Pipeline_VITIS_LOOP_28_3_VITIS_LOOP_29_4_VITIS_LOOP_30_5_fu_252/fadd_32ns_32ns_32_5_full_dsp_1_U36/top_fadd_32ns_32ns_32_5_full_dsp_1_ip_u/U0/i_synth/ADDSUB_OP.ADDSUB/DSP.OP/DSP48E1_BODY.NORM_RND/FULL_USAGE_DSP.SHIFT_RND/i_no_versal_es1_workaround.DSP/C[47:0] is not pipelined. Pipelining DSP48 input will improve performance.
Related violations: <none>

DPIP-1#13 Warning
Input pipelining  
DSP lenet_bd_i/top_0/inst/grp_c1_fu_368/grp_c1_Pipeline_VITIS_LOOP_28_3_VITIS_LOOP_29_4_VITIS_LOOP_30_5_fu_252/mac_muladd_10ns_5ns_10ns_15_4_1_U92/top_mac_muladd_10ns_5ns_10ns_15_4_1_DSP48_0_U/p_reg_reg input lenet_bd_i/top_0/inst/grp_c1_fu_368/grp_c1_Pipeline_VITIS_LOOP_28_3_VITIS_LOOP_29_4_VITIS_LOOP_30_5_fu_252/mac_muladd_10ns_5ns_10ns_15_4_1_U92/top_mac_muladd_10ns_5ns_10ns_15_4_1_DSP48_0_U/p_reg_reg/C[47:0] is not pipelined. Pipelining DSP48 input will improve performance.
Related violations: <none>

DPIP-1#14 Warning
Input pipelining  
DSP lenet_bd_i/top_0/inst/grp_c2_fu_438/ama_addmuladd_3ns_4ns_9ns_9ns_13_4_1_U159/top_ama_addmuladd_3ns_4ns_9ns_9ns_13_4_1_DSP48_0_U/p_reg_reg input lenet_bd_i/top_0/inst/grp_c2_fu_438/ama_addmuladd_3ns_4ns_9ns_9ns_13_4_1_U159/top_ama_addmuladd_3ns_4ns_9ns_9ns_13_4_1_DSP48_0_U/p_reg_reg/A[29:0] is not pipelined. Pipelining DSP48 input will improve performance.
Related violations: <none>

DPIP-1#15 Warning
Input pipelining  
DSP lenet_bd_i/top_0/inst/grp_c2_fu_438/ama_addmuladd_3ns_4ns_9ns_9ns_13_4_1_U159/top_ama_addmuladd_3ns_4ns_9ns_9ns_13_4_1_DSP48_0_U/p_reg_reg input lenet_bd_i/top_0/inst/grp_c2_fu_438/ama_addmuladd_3ns_4ns_9ns_9ns_13_4_1_U159/top_ama_addmuladd_3ns_4ns_9ns_9ns_13_4_1_DSP48_0_U/p_reg_reg/C[47:0] is not pipelined. Pipelining DSP48 input will improve performance.
Related violations: <none>

DPIP-1#16 Warning
Input pipelining  
DSP lenet_bd_i/top_0/inst/grp_fc_120_84_s_fu_478/grp_fc_120_84_Pipeline_VITIS_LOOP_88_1_VITIS_LOOP_91_2_fu_76/mac_muladd_7ns_7ns_7ns_14_4_1_U193/top_mac_muladd_7ns_7ns_7ns_14_4_1_DSP48_0_U/p_reg_reg input lenet_bd_i/top_0/inst/grp_fc_120_84_s_fu_478/grp_fc_120_84_Pipeline_VITIS_LOOP_88_1_VITIS_LOOP_91_2_fu_76/mac_muladd_7ns_7ns_7ns_14_4_1_U193/top_mac_muladd_7ns_7ns_7ns_14_4_1_DSP48_0_U/p_reg_reg/C[47:0] is not pipelined. Pipelining DSP48 input will improve performance.
Related violations: <none>

DPIP-1#17 Warning
Input pipelining  
DSP lenet_bd_i/top_0/inst/grp_m1_fu_430/mac_muladd_9ns_4ns_9ns_13_4_1_U150/top_mac_muladd_9ns_4ns_9ns_13_4_1_DSP48_0_U/p_reg_reg input lenet_bd_i/top_0/inst/grp_m1_fu_430/mac_muladd_9ns_4ns_9ns_13_4_1_U150/top_mac_muladd_9ns_4ns_9ns_13_4_1_DSP48_0_U/p_reg_reg/C[47:0] is not pipelined. Pipelining DSP48 input will improve performance.
Related violations: <none>

DPOP-1#1 Warning
PREG Output pipelining  
DSP lenet_bd_i/top_0/inst/fadd_32ns_32ns_32_5_full_dsp_1_U225/top_fadd_32ns_32ns_32_5_full_dsp_1_ip_u/U0/i_synth/ADDSUB_OP.ADDSUB/DSP.OP/DSP48E1_BODY.NORM_RND/FULL_USAGE_DSP.SHIFT_RND/i_no_versal_es1_workaround.DSP output lenet_bd_i/top_0/inst/fadd_32ns_32ns_32_5_full_dsp_1_U225/top_fadd_32ns_32ns_32_5_full_dsp_1_ip_u/U0/i_synth/ADDSUB_OP.ADDSUB/DSP.OP/DSP48E1_BODY.NORM_RND/FULL_USAGE_DSP.SHIFT_RND/i_no_versal_es1_workaround.DSP/P[47:0] is not pipelined (PREG=0). Pipelining the DSP48 output will improve performance and often saves power so it is suggested whenever possible to fully pipeline this function.  If this DSP48 function was inferred, it is suggested to describe an additional register stage after this function.  If the DSP48 was instantiated in the design, it is suggested to set the PREG attribute to 1.
Related violations: <none>

DPOP-1#2 Warning
PREG Output pipelining  
DSP lenet_bd_i/top_0/inst/fmul_32ns_32ns_32_4_max_dsp_1_U226/top_fmul_32ns_32ns_32_4_max_dsp_1_ip_u/U0/i_synth/MULT.OP/i_non_prim.MULT/DSP48E1_SPD_SGL_VARIANT.FIX_MULT/DSP2/i_no_versal_es1_workaround.DSP output lenet_bd_i/top_0/inst/fmul_32ns_32ns_32_4_max_dsp_1_U226/top_fmul_32ns_32ns_32_4_max_dsp_1_ip_u/U0/i_synth/MULT.OP/i_non_prim.MULT/DSP48E1_SPD_SGL_VARIANT.FIX_MULT/DSP2/i_no_versal_es1_workaround.DSP/PATTERNDETECT is not pipelined (PREG=0). Pipelining the DSP48 output will improve performance and often saves power so it is suggested whenever possible to fully pipeline this function.  If this DSP48 function was inferred, it is suggested to describe an additional register stage after this function.  If the DSP48 was instantiated in the design, it is suggested to set the PREG attribute to 1.
Related violations: <none>

DPOP-1#3 Warning
PREG Output pipelining  
DSP lenet_bd_i/top_0/inst/fmul_32ns_32ns_32_4_max_dsp_1_U226/top_fmul_32ns_32ns_32_4_max_dsp_1_ip_u/U0/i_synth/MULT.OP/i_non_prim.MULT/DSP48E1_SPD_SGL_VARIANT.FIX_MULT/DSP2/i_no_versal_es1_workaround.DSP output lenet_bd_i/top_0/inst/fmul_32ns_32ns_32_4_max_dsp_1_U226/top_fmul_32ns_32ns_32_4_max_dsp_1_ip_u/U0/i_synth/MULT.OP/i_non_prim.MULT/DSP48E1_SPD_SGL_VARIANT.FIX_MULT/DSP2/i_no_versal_es1_workaround.DSP/P[47:0] is not pipelined (PREG=0). Pipelining the DSP48 output will improve performance and often saves power so it is suggested whenever possible to fully pipeline this function.  If this DSP48 function was inferred, it is suggested to describe an additional register stage after this function.  If the DSP48 was instantiated in the design, it is suggested to set the PREG attribute to 1.
Related violations: <none>

DPOP-1#4 Warning
PREG Output pipelining  
DSP lenet_bd_i/top_0/inst/fmul_32ns_32ns_32_4_max_dsp_1_U226/top_fmul_32ns_32ns_32_4_max_dsp_1_ip_u/U0/i_synth/MULT.OP/i_non_prim.R_AND_R/LAT_OPT.FULL.R_AND_R/DSP48E1_SGL_EXP_IP.OLD_ADD.ADD/i_no_versal_es1_workaround.DSP output lenet_bd_i/top_0/inst/fmul_32ns_32ns_32_4_max_dsp_1_U226/top_fmul_32ns_32ns_32_4_max_dsp_1_ip_u/U0/i_synth/MULT.OP/i_non_prim.R_AND_R/LAT_OPT.FULL.R_AND_R/DSP48E1_SGL_EXP_IP.OLD_ADD.ADD/i_no_versal_es1_workaround.DSP/CARRYOUT[3:0] is not pipelined (PREG=0). Pipelining the DSP48 output will improve performance and often saves power so it is suggested whenever possible to fully pipeline this function.  If this DSP48 function was inferred, it is suggested to describe an additional register stage after this function.  If the DSP48 was instantiated in the design, it is suggested to set the PREG attribute to 1.
Related violations: <none>

DPOP-1#5 Warning
PREG Output pipelining  
DSP lenet_bd_i/top_0/inst/fmul_32ns_32ns_32_4_max_dsp_1_U226/top_fmul_32ns_32ns_32_4_max_dsp_1_ip_u/U0/i_synth/MULT.OP/i_non_prim.R_AND_R/LAT_OPT.FULL.R_AND_R/DSP48E1_SGL_EXP_IP.OLD_ADD.ADD/i_no_versal_es1_workaround.DSP output lenet_bd_i/top_0/inst/fmul_32ns_32ns_32_4_max_dsp_1_U226/top_fmul_32ns_32ns_32_4_max_dsp_1_ip_u/U0/i_synth/MULT.OP/i_non_prim.R_AND_R/LAT_OPT.FULL.R_AND_R/DSP48E1_SGL_EXP_IP.OLD_ADD.ADD/i_no_versal_es1_workaround.DSP/P[47:0] is not pipelined (PREG=0). Pipelining the DSP48 output will improve performance and often saves power so it is suggested whenever possible to fully pipeline this function.  If this DSP48 function was inferred, it is suggested to describe an additional register stage after this function.  If the DSP48 was instantiated in the design, it is suggested to set the PREG attribute to 1.
Related violations: <none>

DPOP-1#6 Warning
PREG Output pipelining  
DSP lenet_bd_i/top_0/inst/grp_c1_fu_368/grp_c1_Pipeline_VITIS_LOOP_28_3_VITIS_LOOP_29_4_VITIS_LOOP_30_5_fu_252/fadd_32ns_32ns_32_5_full_dsp_1_U36/top_fadd_32ns_32ns_32_5_full_dsp_1_ip_u/U0/i_synth/ADDSUB_OP.ADDSUB/DSP.OP/DSP48E1_BODY.NORM_RND/FULL_USAGE_DSP.SHIFT_RND/i_no_versal_es1_workaround.DSP output lenet_bd_i/top_0/inst/grp_c1_fu_368/grp_c1_Pipeline_VITIS_LOOP_28_3_VITIS_LOOP_29_4_VITIS_LOOP_30_5_fu_252/fadd_32ns_32ns_32_5_full_dsp_1_U36/top_fadd_32ns_32ns_32_5_full_dsp_1_ip_u/U0/i_synth/ADDSUB_OP.ADDSUB/DSP.OP/DSP48E1_BODY.NORM_RND/FULL_USAGE_DSP.SHIFT_RND/i_no_versal_es1_workaround.DSP/P[47:0] is not pipelined (PREG=0). Pipelining the DSP48 output will improve performance and often saves power so it is suggested whenever possible to fully pipeline this function.  If this DSP48 function was inferred, it is suggested to describe an additional register stage after this function.  If the DSP48 was instantiated in the design, it is suggested to set the PREG attribute to 1.
Related violations: <none>

DPOP-2#1 Warning
MREG Output pipelining  
DSP lenet_bd_i/top_0/inst/fadd_32ns_32ns_32_5_full_dsp_1_U225/top_fadd_32ns_32ns_32_5_full_dsp_1_ip_u/U0/i_synth/ADDSUB_OP.ADDSUB/DSP.OP/DSP48E1_BODY.NORM_RND/FULL_USAGE_DSP.SHIFT_RND/i_no_versal_es1_workaround.DSP multiplier stage lenet_bd_i/top_0/inst/fadd_32ns_32ns_32_5_full_dsp_1_U225/top_fadd_32ns_32ns_32_5_full_dsp_1_ip_u/U0/i_synth/ADDSUB_OP.ADDSUB/DSP.OP/DSP48E1_BODY.NORM_RND/FULL_USAGE_DSP.SHIFT_RND/i_no_versal_es1_workaround.DSP/P[47:0] is not pipelined (MREG=0). Pipelining the multiplier function will improve performance and will save significant power so it is suggested whenever possible to fully pipeline this function.  If this multiplier was inferred, it is suggested to describe an additional register stage after this function.  If there is no registered adder/accumulator following the multiply function, two pipeline stages are suggested to allow both the MREG and PREG registers to be used.  If the DSP48 was instantiated in the design, it is suggested to set both the MREG and PREG attributes to 1 when performing multiply functions.
Related violations: <none>

DPOP-2#2 Warning
MREG Output pipelining  
DSP lenet_bd_i/top_0/inst/fmul_32ns_32ns_32_4_max_dsp_1_U226/top_fmul_32ns_32ns_32_4_max_dsp_1_ip_u/U0/i_synth/MULT.OP/i_non_prim.MULT/DSP48E1_SPD_SGL_VARIANT.FIX_MULT/DSP1/i_no_versal_es1_workaround.DSP multiplier stage lenet_bd_i/top_0/inst/fmul_32ns_32ns_32_4_max_dsp_1_U226/top_fmul_32ns_32ns_32_4_max_dsp_1_ip_u/U0/i_synth/MULT.OP/i_non_prim.MULT/DSP48E1_SPD_SGL_VARIANT.FIX_MULT/DSP1/i_no_versal_es1_workaround.DSP/PATTERNDETECT is not pipelined (MREG=0). Pipelining the multiplier function will improve performance and will save significant power so it is suggested whenever possible to fully pipeline this function.  If this multiplier was inferred, it is suggested to describe an additional register stage after this function.  If there is no registered adder/accumulator following the multiply function, two pipeline stages are suggested to allow both the MREG and PREG registers to be used.  If the DSP48 was instantiated in the design, it is suggested to set both the MREG and PREG attributes to 1 when performing multiply functions.
Related violations: <none>

DPOP-2#3 Warning
MREG Output pipelining  
DSP lenet_bd_i/top_0/inst/grp_c1_fu_368/grp_c1_Pipeline_VITIS_LOOP_28_3_VITIS_LOOP_29_4_VITIS_LOOP_30_5_fu_252/fadd_32ns_32ns_32_5_full_dsp_1_U36/top_fadd_32ns_32ns_32_5_full_dsp_1_ip_u/U0/i_synth/ADDSUB_OP.ADDSUB/DSP.OP/DSP48E1_BODY.NORM_RND/FULL_USAGE_DSP.SHIFT_RND/i_no_versal_es1_workaround.DSP multiplier stage lenet_bd_i/top_0/inst/grp_c1_fu_368/grp_c1_Pipeline_VITIS_LOOP_28_3_VITIS_LOOP_29_4_VITIS_LOOP_30_5_fu_252/fadd_32ns_32ns_32_5_full_dsp_1_U36/top_fadd_32ns_32ns_32_5_full_dsp_1_ip_u/U0/i_synth/ADDSUB_OP.ADDSUB/DSP.OP/DSP48E1_BODY.NORM_RND/FULL_USAGE_DSP.SHIFT_RND/i_no_versal_es1_workaround.DSP/P[47:0] is not pipelined (MREG=0). Pipelining the multiplier function will improve performance and will save significant power so it is suggested whenever possible to fully pipeline this function.  If this multiplier was inferred, it is suggested to describe an additional register stage after this function.  If there is no registered adder/accumulator following the multiply function, two pipeline stages are suggested to allow both the MREG and PREG registers to be used.  If the DSP48 was instantiated in the design, it is suggested to set both the MREG and PREG attributes to 1 when performing multiply functions.
Related violations: <none>

DPOP-2#4 Warning
MREG Output pipelining  
DSP lenet_bd_i/top_0/inst/grp_m1_fu_430/add_ln61_3_reg_945_reg multiplier stage lenet_bd_i/top_0/inst/grp_m1_fu_430/add_ln61_3_reg_945_reg/P[47:0] is not pipelined (MREG=0). Pipelining the multiplier function will improve performance and will save significant power so it is suggested whenever possible to fully pipeline this function.  If this multiplier was inferred, it is suggested to describe an additional register stage after this function.  If there is no registered adder/accumulator following the multiply function, two pipeline stages are suggested to allow both the MREG and PREG registers to be used.  If the DSP48 was instantiated in the design, it is suggested to set both the MREG and PREG attributes to 1 when performing multiply functions.
Related violations: <none>

DPOP-2#5 Warning
MREG Output pipelining  
DSP lenet_bd_i/top_0/inst/grp_m1_fu_430/empty_reg_940_reg multiplier stage lenet_bd_i/top_0/inst/grp_m1_fu_430/empty_reg_940_reg/P[47:0] is not pipelined (MREG=0). Pipelining the multiplier function will improve performance and will save significant power so it is suggested whenever possible to fully pipeline this function.  If this multiplier was inferred, it is suggested to describe an additional register stage after this function.  If there is no registered adder/accumulator following the multiply function, two pipeline stages are suggested to allow both the MREG and PREG registers to be used.  If the DSP48 was instantiated in the design, it is suggested to set both the MREG and PREG attributes to 1 when performing multiply functions.
Related violations: <none>

AVAL-4#1 Advisory
enum_USE_DPORT_FALSE_enum_DREG_ADREG_0_connects_CED_CEAD_RSTD_GND  
lenet_bd_i/top_0/inst/fadd_32ns_32ns_32_5_full_dsp_1_U225/top_fadd_32ns_32ns_32_5_full_dsp_1_ip_u/U0/i_synth/ADDSUB_OP.ADDSUB/DSP.OP/DSP48E1_BODY.NORM_RND/FULL_USAGE_DSP.SHIFT_RND/i_no_versal_es1_workaround.DSP: DSP48E1 is not using the D port (USE_DPORT = FALSE). For improved power characteristics, set DREG and ADREG to '1', tie CED, CEAD, and RSTD to logic '0'.
Related violations: <none>

AVAL-4#2 Advisory
enum_USE_DPORT_FALSE_enum_DREG_ADREG_0_connects_CED_CEAD_RSTD_GND  
lenet_bd_i/top_0/inst/fmul_32ns_32ns_32_4_max_dsp_1_U226/top_fmul_32ns_32ns_32_4_max_dsp_1_ip_u/U0/i_synth/MULT.OP/i_non_prim.MULT/DSP48E1_SPD_SGL_VARIANT.FIX_MULT/DSP1/i_no_versal_es1_workaround.DSP: DSP48E1 is not using the D port (USE_DPORT = FALSE). For improved power characteristics, set DREG and ADREG to '1', tie CED, CEAD, and RSTD to logic '0'.
Related violations: <none>

AVAL-4#3 Advisory
enum_USE_DPORT_FALSE_enum_DREG_ADREG_0_connects_CED_CEAD_RSTD_GND  
lenet_bd_i/top_0/inst/fmul_32ns_32ns_32_4_max_dsp_1_U226/top_fmul_32ns_32ns_32_4_max_dsp_1_ip_u/U0/i_synth/MULT.OP/i_non_prim.MULT/DSP48E1_SPD_SGL_VARIANT.FIX_MULT/DSP2/i_no_versal_es1_workaround.DSP: DSP48E1 is not using the D port (USE_DPORT = FALSE). For improved power characteristics, set DREG and ADREG to '1', tie CED, CEAD, and RSTD to logic '0'.
Related violations: <none>

AVAL-4#4 Advisory
enum_USE_DPORT_FALSE_enum_DREG_ADREG_0_connects_CED_CEAD_RSTD_GND  
lenet_bd_i/top_0/inst/fmul_32ns_32ns_32_4_max_dsp_1_U226/top_fmul_32ns_32ns_32_4_max_dsp_1_ip_u/U0/i_synth/MULT.OP/i_non_prim.R_AND_R/LAT_OPT.FULL.R_AND_R/DSP48E1_SGL_EXP_IP.OLD_ADD.ADD/i_no_versal_es1_workaround.DSP: DSP48E1 is not using the D port (USE_DPORT = FALSE). For improved power characteristics, set DREG and ADREG to '1', tie CED, CEAD, and RSTD to logic '0'.
Related violations: <none>

AVAL-4#5 Advisory
enum_USE_DPORT_FALSE_enum_DREG_ADREG_0_connects_CED_CEAD_RSTD_GND  
lenet_bd_i/top_0/inst/grp_c1_fu_368/grp_c1_Pipeline_VITIS_LOOP_28_3_VITIS_LOOP_29_4_VITIS_LOOP_30_5_fu_252/fadd_32ns_32ns_32_5_full_dsp_1_U36/top_fadd_32ns_32ns_32_5_full_dsp_1_ip_u/U0/i_synth/ADDSUB_OP.ADDSUB/DSP.OP/DSP48E1_BODY.NORM_RND/FULL_USAGE_DSP.SHIFT_RND/i_no_versal_es1_workaround.DSP: DSP48E1 is not using the D port (USE_DPORT = FALSE). For improved power characteristics, set DREG and ADREG to '1', tie CED, CEAD, and RSTD to logic '0'.
Related violations: <none>

AVAL-5#1 Advisory
enum_USE_MULT_NONE_enum_DREG_ADREG_0_connects_CED_CEAD_RSTD_GND  
lenet_bd_i/top_0/inst/fmul_32ns_32ns_32_4_max_dsp_1_U226/top_fmul_32ns_32ns_32_4_max_dsp_1_ip_u/U0/i_synth/MULT.OP/i_non_prim.R_AND_R/LAT_OPT.FULL.R_AND_R/DSP48E1_SGL_EXP_IP.OLD_ADD.ADD/i_no_versal_es1_workaround.DSP: DSP48E1 is not using the Multiplier (USE_MULT = NONE). For improved power characteristics, set DREG and ADREG to '1', tie CED, CEAD, and RSTD to logic '0'.
Related violations: <none>

REQP-1725#1 Advisory
DSP_Abus_sign_bit_alert  
lenet_bd_i/top_0/inst/fadd_32ns_32ns_32_5_full_dsp_1_U225/top_fadd_32ns_32ns_32_5_full_dsp_1_ip_u/U0/i_synth/ADDSUB_OP.ADDSUB/DSP.OP/DSP48E1_BODY.ALIGN_ADD/DSP2/i_no_versal_es1_workaround.DSP: When using the PreAdder and USE_DPORT is TRUE, the A operand should be restricted to 24 bit two's complement (and sign extended) to avoid over/underflow in the pre-add stage.
Related violations: <none>

REQP-1725#2 Advisory
DSP_Abus_sign_bit_alert  
lenet_bd_i/top_0/inst/grp_c1_fu_368/grp_c1_Pipeline_VITIS_LOOP_28_3_VITIS_LOOP_29_4_VITIS_LOOP_30_5_fu_252/fadd_32ns_32ns_32_5_full_dsp_1_U36/top_fadd_32ns_32ns_32_5_full_dsp_1_ip_u/U0/i_synth/ADDSUB_OP.ADDSUB/DSP.OP/DSP48E1_BODY.ALIGN_ADD/DSP2/i_no_versal_es1_workaround.DSP: When using the PreAdder and USE_DPORT is TRUE, the A operand should be restricted to 24 bit two's complement (and sign extended) to avoid over/underflow in the pre-add stage.
Related violations: <none>


