

================================================================
== Vitis HLS Report for 'fc_layer_400_120_s'
================================================================
* Date:           Mon Apr  7 00:43:03 2025

* Version:        2020.1 (Build 2902540 on Wed May 27 20:16:15 MDT 2020)
* Project:        lenet_proj
* Solution:       lenet (Vivado IP Flow Target)
* Product family: zynq
* Target device:  xc7z020-clg400-1


================================================================
== Performance Estimates
================================================================
+ Timing: 
    * Summary: 
    +--------+----------+----------+------------+
    |  Clock |  Target  | Estimated| Uncertainty|
    +--------+----------+----------+------------+
    |ap_clk  | 12.60 ns | 9.198 ns |   3.40 ns  |
    +--------+----------+----------+------------+

+ Latency: 
    * Summary: 
    +---------+---------+----------+----------+--------+--------+---------+
    |  Latency (cycles) |  Latency (absolute) |     Interval    | Pipeline|
    |   min   |   max   |    min   |    max   |   min  |   max  |   Type  |
    +---------+---------+----------+----------+--------+--------+---------+
    |   242886|   242886| 3.060 ms | 3.060 ms |  242886|  242886|   none  |
    +---------+---------+----------+----------+--------+--------+---------+

    + Detail: 
        * Instance: 
        N/A

        * Loop: 
        +--------------------+---------+---------+----------+-----------+-----------+------+----------+
        |                    |  Latency (cycles) | Iteration|  Initiation Interval  | Trip |          |
        |      Loop Name     |   min   |   max   |  Latency |  achieved |   target  | Count| Pipelined|
        +--------------------+---------+---------+----------+-----------+-----------+------+----------+
        |- VITIS_LOOP_67_1   |   242880|   242880|      2024|          -|          -|   120|    no    |
        | + VITIS_LOOP_70_2  |     2014|     2014|        20|          5|          1|   400|    yes   |
        +--------------------+---------+---------+----------+-----------+-----------+------+----------+



================================================================
== Utilization Estimates
================================================================
* Summary: 
+-----------------+---------+-----+--------+-------+-----+
|       Name      | BRAM_18K| DSP |   FF   |  LUT  | URAM|
+-----------------+---------+-----+--------+-------+-----+
|DSP              |        -|    -|       -|      -|    -|
|Expression       |        -|    -|       0|    174|    -|
|FIFO             |        -|    -|       -|      -|    -|
|Instance         |        -|    5|     348|    711|    -|
|Memory           |      129|    -|       0|      0|    -|
|Multiplexer      |        -|    -|       -|    239|    -|
|Register         |        -|    -|     513|     64|    -|
+-----------------+---------+-----+--------+-------+-----+
|Total            |      129|    5|     861|   1188|    0|
+-----------------+---------+-----+--------+-------+-----+
|Available        |      280|  220|  106400|  53200|    0|
+-----------------+---------+-----+--------+-------+-----+
|Utilization (%)  |       46|    2|   ~0   |      2|    0|
+-----------------+---------+-----+--------+-------+-----+

+ Detail: 
    * Instance: 
    +------------------------------------+--------------------------------+---------+----+-----+-----+-----+
    |              Instance              |             Module             | BRAM_18K| DSP|  FF | LUT | URAM|
    +------------------------------------+--------------------------------+---------+----+-----+-----+-----+
    |fadd_32ns_32ns_32_5_full_dsp_1_U97  |fadd_32ns_32ns_32_5_full_dsp_1  |        0|   2|  205|  390|    0|
    |fcmp_32ns_32ns_1_2_no_dsp_1_U99     |fcmp_32ns_32ns_1_2_no_dsp_1     |        0|   0|    0|    0|    0|
    |fmul_32ns_32ns_32_4_max_dsp_1_U98   |fmul_32ns_32ns_32_4_max_dsp_1   |        0|   3|  143|  321|    0|
    +------------------------------------+--------------------------------+---------+----+-----+-----+-----+
    |Total                               |                                |        0|   5|  348|  711|    0|
    +------------------------------------+--------------------------------+---------+----+-----+-----+-----+

    * DSP: 
    N/A

    * Memory: 
    +---------------+--------------------------------+---------+---+----+-----+-------+-----+------+-------------+
    |     Memory    |             Module             | BRAM_18K| FF| LUT| URAM| Words | Bits| Banks| W*Bits*Banks|
    +---------------+--------------------------------+---------+---+----+-----+-------+-----+------+-------------+
    |fc1_biases_U   |fc_layer_400_120_s_fc1_biases   |        1|  0|   0|    0|    120|   32|     1|         3840|
    |fc1_weights_U  |fc_layer_400_120_s_fc1_weights  |      128|  0|   0|    0|  48000|   32|     1|      1536000|
    +---------------+--------------------------------+---------+---+----+-----+-------+-----+------+-------------+
    |Total          |                                |      129|  0|   0|    0|  48120|   64|     2|      1539840|
    +---------------+--------------------------------+---------+---+----+-----+-------+-----+------+-------------+

    * FIFO: 
    N/A

    * Expression: 
    +-----------------------------------+----------+----+---+----+------------+------------+
    |           Variable Name           | Operation| DSP| FF| LUT| Bitwidth P0| Bitwidth P1|
    +-----------------------------------+----------+----+---+----+------------+------------+
    |add_ln67_fu_259_p2                 |     +    |   0|  0|  15|           7|           1|
    |add_ln70_fu_320_p2                 |     +    |   0|  0|  15|           9|           1|
    |add_ln71_fu_306_p2                 |     +    |   0|  0|  16|          16|          16|
    |sub_ln71_fu_300_p2                 |     -    |   0|  0|  16|          16|          16|
    |and_ln74_fu_367_p2                 |    and   |   0|  0|   2|           1|           1|
    |ap_block_pp0_stage1_11001          |    and   |   0|  0|   2|           1|           1|
    |ap_block_pp0_stage4_11001          |    and   |   0|  0|   2|           1|           1|
    |ap_block_state11_pp0_stage1_iter0  |    and   |   0|  0|   2|           1|           1|
    |ap_block_state28_io                |    and   |   0|  0|   2|           1|           1|
    |icmp_ln67_fu_253_p2                |   icmp   |   0|  0|  11|           7|           5|
    |icmp_ln70_fu_274_p2                |   icmp   |   0|  0|  13|           9|           8|
    |icmp_ln74_1_fu_355_p2              |   icmp   |   0|  0|  18|          23|           1|
    |icmp_ln74_fu_349_p2                |   icmp   |   0|  0|  11|           8|           2|
    |ifzero_fu_326_p2                   |   icmp   |   0|  0|  13|           9|           8|
    |or_ln74_fu_361_p2                  |    or    |   0|  0|   2|           1|           1|
    |select_ln74_fu_373_p3              |  select  |   0|  0|  32|           1|          32|
    |ap_enable_pp0                      |    xor   |   0|  0|   2|           1|           2|
    +-----------------------------------+----------+----+---+----+------------+------------+
    |Total                              |          |   0|  0| 174|         112|          98|
    +-----------------------------------+----------+----+---+----+------------+------------+

    * Multiplexer: 
    +--------------------------------+-----+-----------+-----+-----------+
    |              Name              | LUT | Input Size| Bits| Total Bits|
    +--------------------------------+-----+-----------+-----+-----------+
    |ap_NS_fsm                       |  101|         21|    1|         21|
    |ap_enable_reg_pp0_iter2         |    9|          2|    1|          2|
    |ap_enable_reg_pp0_iter3         |    9|          2|    1|          2|
    |ap_phi_mux_j_phi_fu_178_p4      |    9|          2|    9|         18|
    |ap_phi_mux_sum_1_phi_fu_190_p4  |    9|          2|   32|         64|
    |gmem_blk_n_AR                   |    9|          2|    1|          2|
    |gmem_blk_n_AW                   |    9|          2|    1|          2|
    |gmem_blk_n_B                    |    9|          2|    1|          2|
    |gmem_blk_n_R                    |    9|          2|    1|          2|
    |gmem_blk_n_W                    |    9|          2|    1|          2|
    |grp_fu_198_p0                   |   15|          3|   32|         96|
    |grp_fu_198_p1                   |   15|          3|   32|         96|
    |i_reg_162                       |    9|          2|    7|         14|
    |j_reg_174                       |    9|          2|    9|         18|
    |sum_1_reg_186                   |    9|          2|   32|         64|
    +--------------------------------+-----+-----------+-----+-----------+
    |Total                           |  239|         51|  161|        405|
    +--------------------------------+-----+-----------+-----+-----------+

    * Register: 
    +---------------------------+----+----+-----+-----------+
    |            Name           | FF | LUT| Bits| Const Bits|
    +---------------------------+----+----+-----+-----------+
    |add_ln67_reg_396           |   7|   0|    7|          0|
    |add_ln70_reg_440           |   9|   0|    9|          0|
    |ap_CS_fsm                  |  20|   0|   20|          0|
    |ap_enable_reg_pp0_iter0    |   1|   0|    1|          0|
    |ap_enable_reg_pp0_iter1    |   1|   0|    1|          0|
    |ap_enable_reg_pp0_iter2    |   1|   0|    1|          0|
    |ap_enable_reg_pp0_iter3    |   1|   0|    1|          0|
    |fc1_biases_load_reg_411    |  32|   0|   32|          0|
    |fc1_weights_load_reg_430   |  32|   0|   32|          0|
    |gmem_addr_10_read_reg_425  |  32|   0|   32|          0|
    |gmem_addr_10_reg_387       |  64|   0|   64|          0|
    |i_reg_162                  |   7|   0|    7|          0|
    |icmp_ln70_reg_416          |   1|   0|    1|          0|
    |ifzero_reg_445             |   1|   0|    1|          0|
    |j_reg_174                  |   9|   0|    9|          0|
    |mul_reg_449                |  32|   0|   32|          0|
    |select_ln74_reg_466        |  32|   0|   32|          0|
    |sum_1_reg_186              |  32|   0|   32|          0|
    |sum_2_reg_454              |  32|   0|   32|          0|
    |sum_reg_460                |  32|   0|   32|          0|
    |zext_ln69_reg_406          |   7|   0|   16|          9|
    |icmp_ln70_reg_416          |  64|  32|    1|          0|
    |ifzero_reg_445             |  64|  32|    1|          0|
    +---------------------------+----+----+-----+-----------+
    |Total                      | 513|  64|  396|          9|
    +---------------------------+----+----+-----+-----------+



================================================================
== Interface
================================================================
* Summary: 
+---------------------+-----+-----+------------+--------------------+--------------+
|      RTL Ports      | Dir | Bits|  Protocol  |    Source Object   |    C Type    |
+---------------------+-----+-----+------------+--------------------+--------------+
|ap_clk               |  in |    1| ap_ctrl_hs | fc_layer<400, 120> | return value |
|ap_rst               |  in |    1| ap_ctrl_hs | fc_layer<400, 120> | return value |
|ap_start             |  in |    1| ap_ctrl_hs | fc_layer<400, 120> | return value |
|ap_done              | out |    1| ap_ctrl_hs | fc_layer<400, 120> | return value |
|ap_idle              | out |    1| ap_ctrl_hs | fc_layer<400, 120> | return value |
|ap_ready             | out |    1| ap_ctrl_hs | fc_layer<400, 120> | return value |
|m_axi_gmem_AWVALID   | out |    1|    m_axi   |        gmem        |    pointer   |
|m_axi_gmem_AWREADY   |  in |    1|    m_axi   |        gmem        |    pointer   |
|m_axi_gmem_AWADDR    | out |   64|    m_axi   |        gmem        |    pointer   |
|m_axi_gmem_AWID      | out |    1|    m_axi   |        gmem        |    pointer   |
|m_axi_gmem_AWLEN     | out |   32|    m_axi   |        gmem        |    pointer   |
|m_axi_gmem_AWSIZE    | out |    3|    m_axi   |        gmem        |    pointer   |
|m_axi_gmem_AWBURST   | out |    2|    m_axi   |        gmem        |    pointer   |
|m_axi_gmem_AWLOCK    | out |    2|    m_axi   |        gmem        |    pointer   |
|m_axi_gmem_AWCACHE   | out |    4|    m_axi   |        gmem        |    pointer   |
|m_axi_gmem_AWPROT    | out |    3|    m_axi   |        gmem        |    pointer   |
|m_axi_gmem_AWQOS     | out |    4|    m_axi   |        gmem        |    pointer   |
|m_axi_gmem_AWREGION  | out |    4|    m_axi   |        gmem        |    pointer   |
|m_axi_gmem_AWUSER    | out |    1|    m_axi   |        gmem        |    pointer   |
|m_axi_gmem_WVALID    | out |    1|    m_axi   |        gmem        |    pointer   |
|m_axi_gmem_WREADY    |  in |    1|    m_axi   |        gmem        |    pointer   |
|m_axi_gmem_WDATA     | out |   32|    m_axi   |        gmem        |    pointer   |
|m_axi_gmem_WSTRB     | out |    4|    m_axi   |        gmem        |    pointer   |
|m_axi_gmem_WLAST     | out |    1|    m_axi   |        gmem        |    pointer   |
|m_axi_gmem_WID       | out |    1|    m_axi   |        gmem        |    pointer   |
|m_axi_gmem_WUSER     | out |    1|    m_axi   |        gmem        |    pointer   |
|m_axi_gmem_ARVALID   | out |    1|    m_axi   |        gmem        |    pointer   |
|m_axi_gmem_ARREADY   |  in |    1|    m_axi   |        gmem        |    pointer   |
|m_axi_gmem_ARADDR    | out |   64|    m_axi   |        gmem        |    pointer   |
|m_axi_gmem_ARID      | out |    1|    m_axi   |        gmem        |    pointer   |
|m_axi_gmem_ARLEN     | out |   32|    m_axi   |        gmem        |    pointer   |
|m_axi_gmem_ARSIZE    | out |    3|    m_axi   |        gmem        |    pointer   |
|m_axi_gmem_ARBURST   | out |    2|    m_axi   |        gmem        |    pointer   |
|m_axi_gmem_ARLOCK    | out |    2|    m_axi   |        gmem        |    pointer   |
|m_axi_gmem_ARCACHE   | out |    4|    m_axi   |        gmem        |    pointer   |
|m_axi_gmem_ARPROT    | out |    3|    m_axi   |        gmem        |    pointer   |
|m_axi_gmem_ARQOS     | out |    4|    m_axi   |        gmem        |    pointer   |
|m_axi_gmem_ARREGION  | out |    4|    m_axi   |        gmem        |    pointer   |
|m_axi_gmem_ARUSER    | out |    1|    m_axi   |        gmem        |    pointer   |
|m_axi_gmem_RVALID    |  in |    1|    m_axi   |        gmem        |    pointer   |
|m_axi_gmem_RREADY    | out |    1|    m_axi   |        gmem        |    pointer   |
|m_axi_gmem_RDATA     |  in |   32|    m_axi   |        gmem        |    pointer   |
|m_axi_gmem_RLAST     |  in |    1|    m_axi   |        gmem        |    pointer   |
|m_axi_gmem_RID       |  in |    1|    m_axi   |        gmem        |    pointer   |
|m_axi_gmem_RUSER     |  in |    1|    m_axi   |        gmem        |    pointer   |
|m_axi_gmem_RRESP     |  in |    2|    m_axi   |        gmem        |    pointer   |
|m_axi_gmem_BVALID    |  in |    1|    m_axi   |        gmem        |    pointer   |
|m_axi_gmem_BREADY    | out |    1|    m_axi   |        gmem        |    pointer   |
|m_axi_gmem_BRESP     |  in |    2|    m_axi   |        gmem        |    pointer   |
|m_axi_gmem_BID       |  in |    1|    m_axi   |        gmem        |    pointer   |
|m_axi_gmem_BUSER     |  in |    1|    m_axi   |        gmem        |    pointer   |
|input_r              |  in |   64|   ap_none  |       input_r      |    scalar    |
|output_r             |  in |   64|   ap_none  |      output_r      |    scalar    |
+---------------------+-----+-----+------------+--------------------+--------------+

